#
# A fatal error has been detected by the Java Runtime Environment:
#
#  SIGSEGV (0xb) at pc=0xf6cca17f, pid=26247, tid=0x9d952b40
#
# JRE version: Java(TM) SE Runtime Environment (8.0_121-b13) (build 1.8.0_121-b13)
# Java VM: Java HotSpot(TM) Server VM (25.121-b13 mixed mode linux-x86 )
# Problematic frame:
# V  [libjvm.so+0x54217f]  jni_invoke_nonstatic(JNIEnv_*, JavaValue*, _jobject*, JNICallType, _jmethodID*, JNI_ArgumentPusher*, Thread*)+0x2f
#
# Failed to write core dump. Core dumps have been disabled. To enable core dumping, try "ulimit -c unlimited" before starting Java again
#
# If you would like to submit a bug report, please visit:
#   http://bugreport.java.com/bugreport/crash.jsp
#

---------------  T H R E A D  ---------------

Current thread (0x08d78400):  JavaThread "JavaFX Application Thread" [_thread_in_vm, id=26282, stack(0x9d902000,0x9d953000)]

siginfo: si_signo: 11 (SIGSEGV), si_code: 1 (SEGV_MAPERR), si_addr: 0x6e650073

Registers:
EAX=0x6e650073, EBX=0xf7164268, ECX=0xf7164268, EDX=0x9d950628
ESP=0x9d9504b0, EBP=0x9d9505c8, ESI=0x9d9505fc, EDI=0x08d78400
EIP=0xf6cca17f, EFLAGS=0x00010202, CR2=0x6e650073

Top of Stack: (sp=0x9d9504b0)
0x9d9504b0:   08d788a4 f715bde8 9d95057c 9d950538
0x9d9504c0:   a426ea98 9d950628 08d78538 f6ce6e20
0x9d9504d0:   a426ea98 00050024 a3900ed8 a3900ee0
0x9d9504e0:   a39012cc 08d77fd0 000003ec 08d787c8
0x9d9504f0:   a426ea98 9d9505f0 08d3e690 a21525c8
0x9d950500:   08d3e690 0000000d 08d78010 0000000e
0x9d950510:   0000000c 08d78010 0000000c 08d78010
0x9d950520:   0000000d 0000000b 08d78010 a2152245 

Instructions: (pc=0xf6cca17f)
0xf6cca15f:   ff ff ff 8b 45 08 e8 00 00 00 00 5b 81 c3 fe a0
0xf6cca16f:   49 00 89 95 fc fe ff ff 85 c0 0f 84 99 09 00 00
0xf6cca17f:   8b 38 85 ff 0f 84 8f 09 00 00 8b 45 18 8b b0 c0
0xf6cca18f:   00 00 00 83 7e 0c fb 0f 87 04 07 00 00 8b 46 0c 

Register to memory mapping:

EAX=0x6e650073 is an unknown value
EBX=0xf7164268: <offset 0x9dc268> in /home/wintson/jdk1.8.0_121/jre/lib/i386/server/libjvm.so at 0xf6788000
ECX=0xf7164268: <offset 0x9dc268> in /home/wintson/jdk1.8.0_121/jre/lib/i386/server/libjvm.so at 0xf6788000
EDX=0x9d950628 is pointing into the stack for thread: 0x08d78400
ESP=0x9d9504b0 is pointing into the stack for thread: 0x08d78400
EBP=0x9d9505c8 is pointing into the stack for thread: 0x08d78400
ESI=0x9d9505fc is pointing into the stack for thread: 0x08d78400
EDI=0x08d78400 is a thread


Stack: [0x9d902000,0x9d953000],  sp=0x9d9504b0,  free space=313k
Native frames: (J=compiled Java code, j=interpreted, Vv=VM code, C=native code)
V  [libjvm.so+0x54217f]  jni_invoke_nonstatic(JNIEnv_*, JavaValue*, _jobject*, JNICallType, _jmethodID*, JNI_ArgumentPusher*, Thread*)+0x2f
V  [libjvm.so+0x544fc1]  jni_CallVoidMethodV+0xe1
C  [libglass.so+0xf7ec]  JNIEnv_::CallVoidMethod(_jobject*, _jmethodID*, ...)+0x1c
C  [libglass.so+0x1972c]  WindowContextBase::process_key(_GdkEventKey*)+0x1cc
C  [libglass.so+0x1782a]  WindowContextBase::im_filter_keypress(_GdkEventKey*)+0x1aa
C  [libglass.so+0x17902]  WindowContextBase::filterIME(_GdkEvent*)+0x52
C  [libglass.so+0x1daac]  process_events(_GdkEvent*, void*)+0x21c
C  [libgdk-x11-2.0.so.0+0x53fa9]

Java frames: (J=compiled Java code, j=interpreted, Vv=VM code)
j  com.sun.glass.ui.gtk.GtkApplication.enterNestedEventLoopImpl()V+0
j  com.sun.glass.ui.gtk.GtkApplication._enterNestedEventLoop()Ljava/lang/Object;+15
j  com.sun.glass.ui.Application.enterNestedEventLoop()Ljava/lang/Object;+14
j  com.sun.glass.ui.EventLoop.enter()Ljava/lang/Object;+42
j  com.sun.javafx.tk.quantum.QuantumToolkit.enterNestedEventLoop(Ljava/lang/Object;)Ljava/lang/Object;+107
j  javafx.stage.Stage.showAndWait()V+93
j  windows.AegisMainWindowController$2.handle(Ljavafx/event/ActionEvent;)V+80
j  windows.AegisMainWindowController$2.handle(Ljavafx/event/Event;)V+5
J 2536 C1 com.sun.javafx.event.CompositeEventHandler.dispatchBubblingEvent(Ljavafx/event/Event;)V (57 bytes) @ 0xe7b4a2a8 [0xe7b49fa0+0x308]
J 1946 C1 com.sun.javafx.event.EventHandlerManager.dispatchBubblingEvent(Ljavafx/event/Event;)Ljavafx/event/Event; (23 bytes) @ 0xe799c0f0 [0xe799bba0+0x550]
J 1878 C1 com.sun.javafx.event.BasicEventDispatcher.dispatchEvent(Ljavafx/event/Event;Ljavafx/event/EventDispatchChain;)Ljavafx/event/Event; (44 bytes) @ 0xe7975324 [0xe79750a0+0x284]
J 1865 C1 com.sun.javafx.event.EventDispatchChainImpl.dispatchEvent(Ljavafx/event/Event;)Ljavafx/event/Event; (101 bytes) @ 0xe796e05c [0xe796df00+0x15c]
J 2843 C1 com.sun.javafx.event.EventUtil.fireEvent(Ljavafx/event/EventTarget;Ljavafx/event/Event;)Ljavafx/event/Event; (81 bytes) @ 0xe7c2e674 [0xe7c2dd00+0x974]
J 2842 C1 javafx.event.Event.fireEvent(Ljavafx/event/EventTarget;Ljavafx/event/Event;)V (35 bytes) @ 0xe7c2d7f4 [0xe7c2d760+0x94]
j  javafx.scene.control.MenuItem.fire()V+10
j  com.sun.javafx.scene.control.ControlAcceleratorSupport.lambda$doAcceleratorInstall$12(Ljavafx/scene/control/MenuItem;)V+120
j  com.sun.javafx.scene.control.ControlAcceleratorSupport$$Lambda$141.run()V+4
j  com.sun.javafx.scene.KeyboardShortcutsHandler.processAccelerators(Ljavafx/scene/input/KeyEvent;)V+85
j  com.sun.javafx.scene.KeyboardShortcutsHandler.dispatchBubblingEvent(Ljavafx/event/Event;)Ljavafx/event/Event;+74
J 1948 C1 com.sun.javafx.event.CompositeEventDispatcher.dispatchBubblingEvent(Ljavafx/event/Event;)Ljavafx/event/Event; (35 bytes) @ 0xe799c8f8 [0xe799c780+0x178]
J 1878 C1 com.sun.javafx.event.BasicEventDispatcher.dispatchEvent(Ljavafx/event/Event;Ljavafx/event/EventDispatchChain;)Ljavafx/event/Event; (44 bytes) @ 0xe7975324 [0xe79750a0+0x284]
J 1865 C1 com.sun.javafx.event.EventDispatchChainImpl.dispatchEvent(Ljavafx/event/Event;)Ljavafx/event/Event; (101 bytes) @ 0xe796e05c [0xe796df00+0x15c]
J 1878 C1 com.sun.javafx.event.BasicEventDispatcher.dispatchEvent(Ljavafx/event/Event;Ljavafx/event/EventDispatchChain;)Ljavafx/event/Event; (44 bytes) @ 0xe7975270 [0xe79750a0+0x1d0]
J 1865 C1 com.sun.javafx.event.EventDispatchChainImpl.dispatchEvent(Ljavafx/event/Event;)Ljavafx/event/Event; (101 bytes) @ 0xe796e05c [0xe796df00+0x15c]
J 2843 C1 com.sun.javafx.event.EventUtil.fireEvent(Ljavafx/event/EventTarget;Ljavafx/event/Event;)Ljavafx/event/Event; (81 bytes) @ 0xe7c2e2c0 [0xe7c2dd00+0x5c0]
J 2842 C1 javafx.event.Event.fireEvent(Ljavafx/event/EventTarget;Ljavafx/event/Event;)V (35 bytes) @ 0xe7c2d7f4 [0xe7c2d760+0x94]
j  com.teamdev.jxbrowser.chromium.javafx.internal.g.run()V+8
j  com.sun.javafx.application.PlatformImpl.lambda$null$173(Ljava/lang/Runnable;)Ljava/lang/Void;+1
j  com.sun.javafx.application.PlatformImpl$$Lambda$55.run()Ljava/lang/Object;+4
v  ~StubRoutines::call_stub
J 2190  java.security.AccessController.doPrivileged(Ljava/security/PrivilegedAction;Ljava/security/AccessControlContext;)Ljava/lang/Object; (0 bytes) @ 0xe7a259c8 [0xe7a25960+0x68]
j  com.sun.javafx.application.PlatformImpl.lambda$runLater$174(Ljava/lang/Runnable;Ljava/security/AccessControlContext;)V+7
j  com.sun.javafx.application.PlatformImpl$$Lambda$54.run()V+8
j  com.sun.glass.ui.InvokeLaterDispatcher$Future.run()V+4
v  ~StubRoutines::call_stub
j  com.sun.glass.ui.gtk.GtkApplication._runLoop(Ljava/lang/Runnable;Z)V+0
j  com.sun.glass.ui.gtk.GtkApplication.lambda$null$49(Ljava/lang/Runnable;Z)V+7
j  com.sun.glass.ui.gtk.GtkApplication$$Lambda$43.run()V+12
j  java.lang.Thread.run()V+11
v  ~StubRoutines::call_stub

---------------  P R O C E S S  ---------------

Java Threads: ( => current thread )
  0xa6914400 JavaThread "IPC Sync Events Thread" [_thread_blocked, id=26356, stack(0x9a990000,0x9a9e1000)]
  0x9af41400 JavaThread "Prism Font Disposer" daemon [_thread_blocked, id=26354, stack(0x9aae1000,0x9ab32000)]
  0x9d82b000 JavaThread "IPC Sync Events Thread" [_thread_blocked, id=26351, stack(0x9b027000,0x9b078000)]
  0x9d190000 JavaThread "pool-4-thread-2" [_thread_blocked, id=26350, stack(0x9b078000,0x9b0c9000)]
  0x9d143000 JavaThread "pool-4-thread-1" [_thread_blocked, id=26349, stack(0x9b0c9000,0x9b11a000)]
  0x08d7b400 JavaThread "Browser Events Thread" [_thread_blocked, id=26347, stack(0x9b11a000,0x9b16b000)]
  0x9d82a000 JavaThread "IPC Sync Events Thread" [_thread_blocked, id=26346, stack(0x9b16b000,0x9b1bc000)]
  0x9daf3c00 JavaThread "Memory Writer SocketInfo{cid=0, bid=0, channelType=Render}" [_thread_blocked, id=26345, stack(0x9b1bc000,0x9b20d000)]
  0x9daf2800 JavaThread "Socket Connection Checker SocketInfo{cid=0, bid=0, channelType=Render}" [_thread_in_native, id=26344, stack(0x9b20d000,0x9b25e000)]
  0x9daf1400 JavaThread "IPC Memory Reader Thread" [_thread_in_native, id=26342, stack(0x9b25e000,0x9ba5f000)]
  0xa6912c00 JavaThread "IPC Async Events Thread" [_thread_blocked, id=26331, stack(0x9ba7f000,0x9bad0000)]
  0xa6911800 JavaThread "Memory Writer SocketInfo{cid=0, bid=0, channelType=Browser}" [_thread_blocked, id=26327, stack(0x9bad0000,0x9bb21000)]
  0xa6910400 JavaThread "Socket Connection Checker SocketInfo{cid=0, bid=0, channelType=Browser}" [_thread_in_native, id=26326, stack(0x9bb21000,0x9bb72000)]
  0xa690f000 JavaThread "IPC Memory Reader Thread" [_thread_in_native, id=26324, stack(0x9bb72000,0x9c373000)]
  0x9daf0400 JavaThread "IPC Async Events Thread" [_thread_blocked, id=26321, stack(0x9c391000,0x9c3e2000)]
  0x9daeec00 JavaThread "Memory Writer SocketInfo{cid=0, bid=-1, channelType=Main}" [_thread_blocked, id=26317, stack(0x9c3e2000,0x9c433000)]
  0x9daedc00 JavaThread "Socket Connection Checker SocketInfo{cid=0, bid=-1, channelType=Main}" [_thread_in_native, id=26316, stack(0x9c433000,0x9c484000)]
  0x9daea400 JavaThread "IPC Memory Reader Thread" [_thread_in_native, id=26314, stack(0x9c484000,0x9cc85000)]
  0xa6b12400 JavaThread "Chromium Process Logger" daemon [_thread_in_native, id=26291, stack(0x9cca3000,0x9ccf4000)]
  0xa6b10800 JavaThread "process reaper" daemon [_thread_in_native, id=26290, stack(0x9ccf4000,0x9cd0d000)]
  0x9d127000 JavaThread "IPC Process Thread" daemon [_thread_blocked, id=26288, stack(0x9cd0d000,0x9cd5e000)]
  0x9d123800 JavaThread "IPC Server Thread" daemon [_thread_in_native, id=26287, stack(0x9cd5e000,0x9cdaf000)]
  0x9d008800 JavaThread "Timer-0" daemon [_thread_blocked, id=26286, stack(0x9ceaf000,0x9cf00000)]
=>0x08d78400 JavaThread "JavaFX Application Thread" [_thread_in_vm, id=26282, stack(0x9d902000,0x9d953000)]
  0x08d75800 JavaThread "Thread-2" daemon [_thread_blocked, id=26281, stack(0x9d953000,0x9d9a4000)]
  0x08d1ec00 JavaThread "QuantumRenderer-0" daemon [_thread_blocked, id=26279, stack(0xa2e08000,0xa2e59000)]
  0xa31dc000 JavaThread "JavaFX-Launcher" [_thread_blocked, id=26278, stack(0xa2e59000,0xa2eaa000)]
  0xa313f000 JavaThread "Monitor Ctrl-Break" daemon [_thread_in_native, id=26277, stack(0xa3228000,0xa3279000)]
  0xa3bab000 JavaThread "Service Thread" daemon [_thread_blocked, id=26269, stack(0xa32fa000,0xa334b000)]
  0xa3ba8000 JavaThread "C1 CompilerThread2" daemon [_thread_blocked, id=26268, stack(0xa334b000,0xa33cc000)]
  0xa3ba6800 JavaThread "C2 CompilerThread1" daemon [_thread_blocked, id=26267, stack(0xa33cc000,0xa344d000)]
  0xa3ba4800 JavaThread "C2 CompilerThread0" daemon [_thread_blocked, id=26266, stack(0xa344d000,0xa34ce000)]
  0xa3ba3000 JavaThread "Signal Dispatcher" daemon [_thread_blocked, id=26265, stack(0xa3a0d000,0xa3a5e000)]
  0xa3b88400 JavaThread "Finalizer" daemon [_thread_blocked, id=26262, stack(0xa3a5e000,0xa3aaf000)]
  0xa3b85800 JavaThread "Reference Handler" daemon [_thread_blocked, id=26260, stack(0xa3aaf000,0xa3b00000)]
  0xf6508400 JavaThread "main" [_thread_blocked, id=26249, stack(0xf66e2000,0xf6733000)]

Other Threads:
  0xa3b81000 VMThread [stack: 0xa3c0b000,0xa3c8c000] [id=26259]
  0xa3bae400 WatcherThread [stack: 0xa3279000,0xa32fa000] [id=26270]

VM state:not at safepoint (normal execution)

VM Mutex/Monitor currently owned by a thread: None

Heap:
 PSYoungGen      total 35840K, used 27848K [0xd1ac0000, 0xd4040000, 0xe7000000)
  eden space 33280K, 75% used [0xd1ac0000,0xd3373200,0xd3b40000)
  from space 2560K, 99% used [0xd3dc0000,0xd403f140,0xd4040000)
  to   space 2560K, 0% used [0xd3b40000,0xd3b40000,0xd3dc0000)
 ParOldGen       total 43776K, used 7977K [0xa7000000, 0xa9ac0000, 0xd1ac0000)
  object space 43776K, 18% used [0xa7000000,0xa77ca6b8,0xa9ac0000)
 Metaspace       used 15618K, capacity 16338K, committed 16384K, reserved 16688K

Card table byte_map: [0xa6dff000,0xa7000000] byte_map_base: 0xa68c7000

Marking Bits: (ParMarkBitMap*) 0xf71948c0
 Begin Bits: [0xa4700000, 0xa5700000)
 End Bits:   [0xa5700000, 0xa6700000)

Polling page: 0xf77b0000

CodeCache: size=245760Kb used=9458Kb max_used=9458Kb free=236301Kb
 bounds [0xe7500000, 0xe7e40000, 0xf6500000]
 total_blobs=3963 nmethods=3547 adapters=330
 compilation: enabled

Compilation events (10 events):
Event: 11,602 Thread 0xa3ba8000 3543       3       javafx.scene.layout.Region::computeXOffset (60 bytes)
Event: 11,603 Thread 0xa3ba8000 nmethod 3543 0xe7e3d688 code [0xe7e3d7e0, 0xe7e3da2c]
Event: 11,603 Thread 0xa3ba8000 3544       1       com.sun.prism.PresentableState::getRenderHeight (5 bytes)
Event: 11,603 Thread 0xa3ba8000 nmethod 3544 0xe7e3dbc8 code [0xe7e3dcc0, 0xe7e3dd60]
Event: 11,604 Thread 0xa3ba8000 3545       3       com.sun.prism.impl.ps.BaseShaderContext::validateLCDOp (62 bytes)
Event: 11,605 Thread 0xa3ba8000 nmethod 3545 0xe7e3ddc8 code [0xe7e3df40, 0xe7e3e248]
Event: 11,710 Thread 0xa3ba8000 3546       3       javafx.scene.input.KeyEvent::getEventType (5 bytes)
Event: 11,711 Thread 0xa3ba8000 nmethod 3546 0xe7e3e448 code [0xe7e3e560, 0xe7e3e680]
Event: 11,718 Thread 0xa3ba8000 3547   !   3       com.sun.scenario.animation.shared.AnimationAccessor::getDefault (66 bytes)
Event: 11,718 Thread 0xa3ba8000 nmethod 3547 0xe7e3e708 code [0xe7e3e880, 0xe7e3ec84]

GC Heap History (8 events):
Event: 0,990 GC heap before
{Heap before GC invocations=1 (full 0):
 PSYoungGen      total 19200K, used 16640K [0xd1ac0000, 0xd3000000, 0xe7000000)
  eden space 16640K, 100% used [0xd1ac0000,0xd2b00000,0xd2b00000)
  from space 2560K, 0% used [0xd2d80000,0xd2d80000,0xd3000000)
  to   space 2560K, 0% used [0xd2b00000,0xd2b00000,0xd2d80000)
 ParOldGen       total 43776K, used 0K [0xa7000000, 0xa9ac0000, 0xd1ac0000)
  object space 43776K, 0% used [0xa7000000,0xa7000000,0xa9ac0000)
 Metaspace       used 6761K, capacity 7109K, committed 7192K, reserved 7472K
Event: 0,997 GC heap after
Heap after GC invocations=1 (full 0):
 PSYoungGen      total 19200K, used 2544K [0xd1ac0000, 0xd3000000, 0xe7000000)
  eden space 16640K, 0% used [0xd1ac0000,0xd1ac0000,0xd2b00000)
  from space 2560K, 99% used [0xd2b00000,0xd2d7c090,0xd2d80000)
  to   space 2560K, 0% used [0xd2d80000,0xd2d80000,0xd3000000)
 ParOldGen       total 43776K, used 210K [0xa7000000, 0xa9ac0000, 0xd1ac0000)
  object space 43776K, 0% used [0xa7000000,0xa7034b08,0xa9ac0000)
 Metaspace       used 6761K, capacity 7109K, committed 7192K, reserved 7472K
}
Event: 1,930 GC heap before
{Heap before GC invocations=2 (full 0):
 PSYoungGen      total 19200K, used 19184K [0xd1ac0000, 0xd3000000, 0xe7000000)
  eden space 16640K, 100% used [0xd1ac0000,0xd2b00000,0xd2b00000)
  from space 2560K, 99% used [0xd2b00000,0xd2d7c090,0xd2d80000)
  to   space 2560K, 0% used [0xd2d80000,0xd2d80000,0xd3000000)
 ParOldGen       total 43776K, used 210K [0xa7000000, 0xa9ac0000, 0xd1ac0000)
  object space 43776K, 0% used [0xa7000000,0xa7034b08,0xa9ac0000)
 Metaspace       used 10335K, capacity 10691K, committed 10776K, reserved 11568K
Event: 1,949 GC heap after
Heap after GC invocations=2 (full 0):
 PSYoungGen      total 19200K, used 2552K [0xd1ac0000, 0xd4040000, 0xe7000000)
  eden space 16640K, 0% used [0xd1ac0000,0xd1ac0000,0xd2b00000)
  from space 2560K, 99% used [0xd2d80000,0xd2ffe0c0,0xd3000000)
  to   space 2560K, 0% used [0xd2b00000,0xd2b00000,0xd2d80000)
 ParOldGen       total 43776K, used 2922K [0xa7000000, 0xa9ac0000, 0xd1ac0000)
  object space 43776K, 6% used [0xa7000000,0xa72da8d0,0xa9ac0000)
 Metaspace       used 10335K, capacity 10691K, committed 10776K, reserved 11568K
}
Event: 2,983 GC heap before
{Heap before GC invocations=3 (full 0):
 PSYoungGen      total 19200K, used 19192K [0xd1ac0000, 0xd4040000, 0xe7000000)
  eden space 16640K, 100% used [0xd1ac0000,0xd2b00000,0xd2b00000)
  from space 2560K, 99% used [0xd2d80000,0xd2ffe0c0,0xd3000000)
  to   space 2560K, 0% used [0xd2b00000,0xd2b00000,0xd2d80000)
 ParOldGen       total 43776K, used 2922K [0xa7000000, 0xa9ac0000, 0xd1ac0000)
  object space 43776K, 6% used [0xa7000000,0xa72da8d0,0xa9ac0000)
 Metaspace       used 13408K, capacity 13936K, committed 13976K, reserved 14640K
Event: 3,002 GC heap after
Heap after GC invocations=3 (full 0):
 PSYoungGen      total 19200K, used 2556K [0xd1ac0000, 0xd4040000, 0xe7000000)
  eden space 16640K, 0% used [0xd1ac0000,0xd1ac0000,0xd2b00000)
  from space 2560K, 99% used [0xd2b00000,0xd2d7f170,0xd2d80000)
  to   space 2560K, 0% used [0xd3dc0000,0xd3dc0000,0xd4040000)
 ParOldGen       total 43776K, used 6865K [0xa7000000, 0xa9ac0000, 0xd1ac0000)
  object space 43776K, 15% used [0xa7000000,0xa76b44f0,0xa9ac0000)
 Metaspace       used 13408K, capacity 13936K, committed 13976K, reserved 14640K
}
Event: 4,962 GC heap before
{Heap before GC invocations=4 (full 0):
 PSYoungGen      total 19200K, used 19196K [0xd1ac0000, 0xd4040000, 0xe7000000)
  eden space 16640K, 100% used [0xd1ac0000,0xd2b00000,0xd2b00000)
  from space 2560K, 99% used [0xd2b00000,0xd2d7f170,0xd2d80000)
  to   space 2560K, 0% used [0xd3dc0000,0xd3dc0000,0xd4040000)
 ParOldGen       total 43776K, used 6865K [0xa7000000, 0xa9ac0000, 0xd1ac0000)
  object space 43776K, 15% used [0xa7000000,0xa76b44f0,0xa9ac0000)
 Metaspace       used 14527K, capacity 15191K, committed 15256K, reserved 15664K
Event: 4,977 GC heap after
Heap after GC invocations=4 (full 0):
 PSYoungGen      total 35840K, used 2556K [0xd1ac0000, 0xd4040000, 0xe7000000)
  eden space 33280K, 0% used [0xd1ac0000,0xd1ac0000,0xd3b40000)
  from space 2560K, 99% used [0xd3dc0000,0xd403f140,0xd4040000)
  to   space 2560K, 0% used [0xd3b40000,0xd3b40000,0xd3dc0000)
 ParOldGen       total 43776K, used 7977K [0xa7000000, 0xa9ac0000, 0xd1ac0000)
  object space 43776K, 18% used [0xa7000000,0xa77ca6b8,0xa9ac0000)
 Metaspace       used 14527K, capacity 15191K, committed 15256K, reserved 15664K
}

Deoptimization events (10 events):
Event: 5,414 Thread 0x08d78400 Uncommon trap: reason=unstable_if action=reinterpret pc=0xe79981f4 method=javafx.scene.Node.updateLocalToParentTransform()V @ 152
Event: 5,415 Thread 0x08d78400 Uncommon trap: reason=bimorphic action=maybe_recompile pc=0xe79bb6c0 method=javafx.beans.property.BooleanPropertyBase.get()Z @ 23
Event: 5,443 Thread 0x08d78400 Uncommon trap: reason=bimorphic action=maybe_recompile pc=0xe79bb6c0 method=javafx.beans.property.BooleanPropertyBase.get()Z @ 23
Event: 5,490 Thread 0x08d1ec00 Uncommon trap: reason=class_check action=maybe_recompile pc=0xe79f7ba8 method=java.util.WeakHashMap.eq(Ljava/lang/Object;Ljava/lang/Object;)Z @ 7
Event: 5,491 Thread 0x08d1ec00 Uncommon trap: reason=class_check action=maybe_recompile pc=0xe79f7ba8 method=java.util.WeakHashMap.eq(Ljava/lang/Object;Ljava/lang/Object;)Z @ 7
Event: 6,839 Thread 0x08d1ec00 Uncommon trap: reason=class_check action=maybe_recompile pc=0xe79f7ba8 method=java.util.WeakHashMap.eq(Ljava/lang/Object;Ljava/lang/Object;)Z @ 7
Event: 6,851 Thread 0x08d1ec00 Uncommon trap: reason=class_check action=maybe_recompile pc=0xe79f7ba8 method=java.util.WeakHashMap.eq(Ljava/lang/Object;Ljava/lang/Object;)Z @ 7
Event: 6,856 Thread 0x08d1ec00 Uncommon trap: reason=unstable_if action=reinterpret pc=0xe79275b4 method=java.util.WeakHashMap.eq(Ljava/lang/Object;Ljava/lang/Object;)Z @ 2
Event: 10,561 Thread 0x08d78400 Uncommon trap: reason=bimorphic action=maybe_recompile pc=0xe79bb6c0 method=javafx.beans.property.BooleanPropertyBase.get()Z @ 23
Event: 10,568 Thread 0x08d78400 Uncommon trap: reason=unstable_if action=reinterpret pc=0xe7c70400 method=javafx.scene.CssStyleHelper.lookup(Ljavafx/css/Styleable;Ljavafx/css/CssMetaData;Lcom/sun/javafx/css/StyleMap;Ljava/util/Set;Ljavafx/css/Styleable;Lcom/sun/javafx/css/CalculatedValu

Internal exceptions (10 events):
Event: 0,987 Thread 0x08d78400 Exception <a 'java/lang/ArrayIndexOutOfBoundsException'> (0xd2af8fc8) thrown at [/HUDSON/workspace/8-2-build-linux-i586/jdk8u121/8372/hotspot/src/share/vm/runtime/sharedRuntime.cpp, line 605]
Event: 0,987 Thread 0x08d78400 Exception <a 'java/lang/ArrayIndexOutOfBoundsException'> (0xd2af9ba0) thrown at [/HUDSON/workspace/8-2-build-linux-i586/jdk8u121/8372/hotspot/src/share/vm/runtime/sharedRuntime.cpp, line 605]
Event: 0,987 Thread 0x08d78400 Exception <a 'java/lang/ArrayIndexOutOfBoundsException'> (0xd2afad08) thrown at [/HUDSON/workspace/8-2-build-linux-i586/jdk8u121/8372/hotspot/src/share/vm/runtime/sharedRuntime.cpp, line 605]
Event: 1,001 Thread 0x08d78400 Exception <a 'java/lang/ArrayIndexOutOfBoundsException'> (0xd1ac3418) thrown at [/HUDSON/workspace/8-2-build-linux-i586/jdk8u121/8372/hotspot/src/share/vm/runtime/sharedRuntime.cpp, line 605]
Event: 1,415 Thread 0x9d123800 Exception <a 'java/net/BindException'> (0xd254deb0) thrown at [/HUDSON/workspace/8-2-build-linux-i586/jdk8u121/8372/hotspot/src/share/vm/prims/jni.cpp, line 709]
Event: 1,415 Thread 0x9d123800 Exception <a 'java/net/BindException'> (0xd254e378) thrown at [/HUDSON/workspace/8-2-build-linux-i586/jdk8u121/8372/hotspot/src/share/vm/prims/jni.cpp, line 709]
Event: 2,087 Thread 0x08d78400 Implicit null exception at 0xe76abbff to 0xe76abd85
Event: 2,087 Thread 0x08d78400 Implicit null exception at 0xe779333b to 0xe7793915
Event: 4,767 Thread 0x08d78400 Exception <a 'java/lang/ArrayIndexOutOfBoundsException': 58> (0xd2042988) thrown at [/HUDSON/workspace/8-2-build-linux-i586/jdk8u121/8372/hotspot/src/share/vm/interpreter/interpreterRuntime.cpp, line 366]
Event: 4,848 Thread 0x08d78400 Implicit null exception at 0xe78844d9 to 0xe7884bad

Events (10 events):
Event: 10,654 loading class com/sun/prism/impl/ps/CachingShapeRepState$CacheEntry
Event: 10,654 loading class com/sun/prism/impl/ps/CachingShapeRepState$CacheEntry done
Event: 10,655 loading class com/sun/prism/impl/ps/CachingShapeRepState$MaskTexData
Event: 10,655 loading class com/sun/prism/impl/ps/CachingShapeRepState$MaskTexData done
Event: 10,656 loading class com/sun/prism/impl/ps/CachingShapeRepState$CSRDisposerRecord
Event: 10,656 loading class com/sun/prism/impl/ps/CachingShapeRepState$CSRDisposerRecord done
Event: 11,421 loading class com/sun/prism/shape/ShapeRep$InvalidationType
Event: 11,421 loading class com/sun/prism/shape/ShapeRep$InvalidationType done
Event: 11,720 loading class com/sun/javafx/scene/KeyboardShortcutsHandler$1
Event: 11,720 loading class com/sun/javafx/scene/KeyboardShortcutsHandler$1 done


Dynamic libraries:
08048000-08049000 r-xp 00000000 08:05 5399248                            /home/wintson/jdk1.8.0_121/bin/java
08049000-0804a000 rw-p 00000000 08:05 5399248                            /home/wintson/jdk1.8.0_121/bin/java
08ce5000-08d9d000 rw-p 00000000 00:00 0                                  [heap]
98064000-98200000 rw-p 00000000 00:00 0 
98200000-98288000 rw-p 00000000 00:00 0 
98288000-98300000 ---p 00000000 00:00 0 
98400000-98500000 rw-p 00000000 00:00 0 
98600000-98800000 rw-p 00000000 00:00 0 
98800000-988fe000 rw-p 00000000 00:00 0 
988fe000-98900000 ---p 00000000 00:00 0 
98900000-98a00000 rw-p 00000000 00:00 0 
98b00000-98bea000 rw-p 00000000 00:00 0 
98bea000-98c00000 ---p 00000000 00:00 0 
98c00000-98cfd000 rw-p 00000000 00:00 0 
98cfd000-98d00000 ---p 00000000 00:00 0 
98e00000-98e29000 rw-p 00000000 00:00 0 
98e29000-98f00000 ---p 00000000 00:00 0 
98f00000-98fdf000 rw-p 00000000 00:00 0 
98fdf000-99000000 ---p 00000000 00:00 0 
99000000-990f9000 rw-p 00000000 00:00 0 
990f9000-99100000 ---p 00000000 00:00 0 
99100000-991c8000 rw-p 00000000 00:00 0 
991c8000-99200000 ---p 00000000 00:00 0 
99200000-992fb000 rw-p 00000000 00:00 0 
992fb000-99300000 ---p 00000000 00:00 0 
99300000-993f9000 rw-p 00000000 00:00 0 
993f9000-99400000 ---p 00000000 00:00 0 
99400000-9943f000 rw-p 00000000 00:00 0 
9943f000-99500000 ---p 00000000 00:00 0 
99600000-996fa000 rw-p 00000000 00:00 0 
996fa000-99700000 ---p 00000000 00:00 0 
99800000-998fd000 rw-p 00000000 00:00 0 
998fd000-99900000 ---p 00000000 00:00 0 
99900000-999fd000 rw-p 00000000 00:00 0 
999fd000-99a00000 ---p 00000000 00:00 0 
99a00000-99afb000 rw-p 00000000 00:00 0 
99afb000-99b00000 ---p 00000000 00:00 0 
99b00000-99bba000 rw-p 00000000 00:00 0 
99bba000-99c00000 ---p 00000000 00:00 0 
99c00000-99cf9000 rw-p 00000000 00:00 0 
99cf9000-99d00000 ---p 00000000 00:00 0 
99d00000-99df9000 rw-p 00000000 00:00 0 
99df9000-99e00000 ---p 00000000 00:00 0 
99e00000-99efd000 rw-p 00000000 00:00 0 
99efd000-99f00000 ---p 00000000 00:00 0 
99f00000-99ffe000 rw-p 00000000 00:00 0 
99ffe000-9a000000 ---p 00000000 00:00 0 
9a000000-9a100000 rw-p 00000000 00:00 0 
9a100000-9a200000 rw-p 00000000 00:00 0 
9a200000-9a300000 rw-s 00000000 00:05 228458554                          /SYSV00000000 (deleted)
9a300000-9a400000 rw-s 11bf54000 00:06 220                               /dev/dri/card0
9a400000-9a5fb000 rw-p 00000000 00:00 0 
9a5fb000-9a600000 ---p 00000000 00:00 0 
9a600000-9a700000 rw-s 13a039000 00:06 220                               /dev/dri/card0
9a700000-9a800000 rw-p 00000000 00:00 0 
9a800000-9a8f9000 rw-p 00000000 00:00 0 
9a8f9000-9a900000 ---p 00000000 00:00 0 
9a96e000-9a97e000 rw-s 11c05d000 00:06 220                               /dev/dri/card0
9a97e000-9a98e000 rw-s 11c0bc000 00:06 220                               /dev/dri/card0
9a98e000-9a98f000 rw-s 120152000 00:06 220                               /dev/dri/card0
9a98f000-9a990000 rw-s 11d9f8000 00:06 220                               /dev/dri/card0
9a990000-9a993000 ---p 00000000 00:00 0 
9a993000-9aae1000 rw-p 00000000 00:00 0 
9aae1000-9aae4000 ---p 00000000 00:00 0 
9aae4000-9ab32000 rw-p 00000000 00:00 0 
9ab32000-9abeb000 r--p 00000000 08:05 3810976                            /usr/share/fonts/truetype/dejavu/DejaVuSans.ttf
9abeb000-9abef000 r-xp 00000000 08:05 5399449                            /home/wintson/jdk1.8.0_121/jre/lib/i386/libjavafx_font_pango.so
9abef000-9abf0000 rw-p 00003000 08:05 5399449                            /home/wintson/jdk1.8.0_121/jre/lib/i386/libjavafx_font_pango.so
9abf0000-9acf0000 rw-p 00000000 00:00 0 
9acf0000-9acf5000 r--s 00084000 08:05 5399336                            /home/wintson/jdk1.8.0_121/jre/lib/jfr.jar
9acf5000-9ad31000 r-xp 00000000 08:05 2758433                            /usr/lib/i386-linux-gnu/gtk-2.0/2.10.0/engines/libmurrine.so
9ad31000-9ad32000 r--p 0003b000 08:05 2758433                            /usr/lib/i386-linux-gnu/gtk-2.0/2.10.0/engines/libmurrine.so
9ad32000-9ad33000 rw-p 0003c000 08:05 2758433                            /usr/lib/i386-linux-gnu/gtk-2.0/2.10.0/engines/libmurrine.so
9ad33000-9ad3d000 r-xp 00000000 08:05 2757955                            /usr/lib/i386-linux-gnu/gtk-2.0/2.10.0/engines/libpixmap.so
9ad3d000-9ad3e000 r--p 00009000 08:05 2757955                            /usr/lib/i386-linux-gnu/gtk-2.0/2.10.0/engines/libpixmap.so
9ad3e000-9ad3f000 rw-p 0000a000 08:05 2757955                            /usr/lib/i386-linux-gnu/gtk-2.0/2.10.0/engines/libpixmap.so
9ad3f000-9ad47000 r--s 00000000 08:05 5799422                            /home/wintson/.cache/fontconfig/945677eb7aeaf62f1d50efc3fb3ec7d8-le32d4.cache-6
9ad47000-9ad49000 r--s 00000000 08:05 5799421                            /home/wintson/.cache/fontconfig/99e8ed0e538f840c565b6ed5dad60d56-le32d4.cache-6
9ad49000-9ad4d000 r--s 00000000 08:05 5799420                            /home/wintson/.cache/fontconfig/2cd17615ca594fa2959ae173292e504c-le32d4.cache-6
9ad4d000-9ad4e000 r--s 00000000 08:05 5799419                            /home/wintson/.cache/fontconfig/0d8c3b2ac0904cb8a57a757ad11a4a08-le32d4.cache-6
9ad4e000-9ad5d000 r--s 00000000 08:05 5799418                            /home/wintson/.cache/fontconfig/04aabc0a78ac019cf9454389977116d2-le32d4.cache-6
9ad5d000-9ad5e000 r--s 00000000 08:05 5799417                            /home/wintson/.cache/fontconfig/1ac9eb803944fde146138c791f5cc56a-le32d4.cache-6
9ad5e000-9ad61000 r--s 00000000 08:05 5799416                            /home/wintson/.cache/fontconfig/385c0604a188198f04d133e54aba7fe7-le32d4.cache-6
9ad61000-9ad62000 r--s 00000000 08:05 5799415                            /home/wintson/.cache/fontconfig/dc05db6664285cc2f12bf69c139ae4c3-le32d4.cache-6
9ad62000-9ad63000 r--s 00000000 08:05 5799414                            /home/wintson/.cache/fontconfig/14a5e22175779b556eaa434240950366-le32d4.cache-6
9ad63000-9ad64000 r--s 00000000 08:05 5799413                            /home/wintson/.cache/fontconfig/660208299946a285a940457d1287da33-le32d4.cache-6
9ad64000-9ad65000 r--s 00000000 08:05 5799412                            /home/wintson/.cache/fontconfig/4f3e3037c9980c83b53a9351efadef62-le32d4.cache-6
9ad65000-9ad67000 r--s 00000000 08:05 5799411                            /home/wintson/.cache/fontconfig/767a8244fc0220cfb567a839d0392e0b-le32d4.cache-6
9ad67000-9ad68000 r--s 00000000 08:05 5799410                            /home/wintson/.cache/fontconfig/4794a0821666d79190d59a36cb4f44b5-le32d4.cache-6
9ad68000-9ad97000 r--s 00000000 08:05 5799409                            /home/wintson/.cache/fontconfig/0bd3dc0958fa2205aaaa8ebb13e2872b-le32d4.cache-6
9ad97000-9ad9b000 r--s 00000000 08:05 5799408                            /home/wintson/.cache/fontconfig/8801497958630a81b71ace7c5f9b32a8-le32d4.cache-6
9ad9b000-9ad9d000 r--s 00000000 08:05 5799407                            /home/wintson/.cache/fontconfig/a015930274ffcd967d2ca1b57da47cc7-le32d4.cache-6
9ad9d000-9ad9e000 r--s 00000000 08:05 5799406                            /home/wintson/.cache/fontconfig/b872e6e592da6075ffa4ab0a1fcc0c75-le32d4.cache-6
9ad9e000-9ad9f000 r--s 00000000 08:05 5799405                            /home/wintson/.cache/fontconfig/f6d4eedfaab2589bde49f7a3ff831d22-le32d4.cache-6
9ad9f000-9ada0000 r--s 00000000 08:05 5799404                            /home/wintson/.cache/fontconfig/589f83ef4c36d296ce6e1c846f468f08-le32d4.cache-6
9ada0000-9ada1000 r--s 00000000 08:05 5799403                            /home/wintson/.cache/fontconfig/bab58bb527bb656aaa9f116d68a48d89-le32d4.cache-6
9ada1000-9ada2000 r--s 00000000 08:05 5799402                            /home/wintson/.cache/fontconfig/2171a34dccabdb6bcbbc728186263178-le32d4.cache-6
9ada2000-9ada3000 r--s 00000000 08:05 5799401                            /home/wintson/.cache/fontconfig/c5c45a61289222e0d30b1a26ef4effbe-le32d4.cache-6
9ada3000-9ada4000 r--s 00000000 08:05 5799400                            /home/wintson/.cache/fontconfig/aec30016f93e1b46d1a973dce0d74068-le32d4.cache-6
9ada4000-9ada5000 r--s 00000000 08:05 5799399                            /home/wintson/.cache/fontconfig/3f589640d34b7dc9042c8d453f7c8b9c-le32d4.cache-6
9ada5000-9ada6000 r--s 00000000 08:05 5799398                            /home/wintson/.cache/fontconfig/16c2fda60d1b4b719f4b3d06fd951d25-le32d4.cache-6
9ada6000-9ada7000 r--s 00000000 08:05 5799397                            /home/wintson/.cache/fontconfig/a48eab177a16e4f3713381162db2f3e9-le32d4.cache-6
9ada7000-9ada8000 r--s 00000000 08:05 5799396                            /home/wintson/.cache/fontconfig/564b2e68ac9bc4e36a6f7f6d6125ec1c-le32d4.cache-6
9ada8000-9adad000 r--s 00000000 08:05 5799395                            /home/wintson/.cache/fontconfig/3047814df9a2f067bd2d96a2b9c36e5a-le32d4.cache-6
9adad000-9adae000 r--s 00000000 08:05 5799394                            /home/wintson/.cache/fontconfig/56cf4f4769d0f4abc89a4895d7bd3ae1-le32d4.cache-6
9adae000-9adaf000 r--s 00000000 08:05 5799393                            /home/wintson/.cache/fontconfig/b9d506c9ac06c20b433354fa67a72993-le32d4.cache-6
9adaf000-9adb3000 r--s 00000000 08:05 5799392                            /home/wintson/.cache/fontconfig/b47c4e1ecd0709278f4910c18777a504-le32d4.cache-6
9adb3000-9adc3000 r--s 00000000 08:05 5799391                            /home/wintson/.cache/fontconfig/d52a8644073d54c13679302ca1180695-le32d4.cache-6
9adc3000-9adc4000 r--s 00000000 08:05 5799390                            /home/wintson/.cache/fontconfig/370e5b74bf5dafc30834de68e24a87a4-le32d4.cache-6
9adc4000-9adc5000 r--s 00000000 08:05 5799389                            /home/wintson/.cache/fontconfig/6b2c5944714ca7831b25bed9e85cb5c8-le32d4.cache-6
9adc5000-9adc6000 r--s 00000000 08:05 5799388                            /home/wintson/.cache/fontconfig/d5178ab6d91b49bf20a416737dcea9e8-le32d4.cache-6
9adc6000-9adc7000 r--s 00000000 08:05 5799387                            /home/wintson/.cache/fontconfig/551ecf3b0e8b0bca0f25c0944f561853-le32d4.cache-6
9adc7000-9adc9000 r--s 00000000 08:05 5799386                            /home/wintson/.cache/fontconfig/f259c2cffa685e28062317905db73c4a-le32d4.cache-6
9adc9000-9adca000 r--s 00000000 08:05 5799385                            /home/wintson/.cache/fontconfig/550f3886151c940c12a5ed35f6a00586-le32d4.cache-6
9adca000-9adcc000 r--s 00000000 08:05 5799384                            /home/wintson/.cache/fontconfig/674d1711f2d1d2a09646eb0bdcadee49-le32d4.cache-6
9adcc000-9add5000 r--s 00000000 08:05 5799383                            /home/wintson/.cache/fontconfig/d589a48862398ed80a3d6066f4f56f4c-le32d4.cache-6
9add5000-9add6000 r--s 00000000 08:05 5799382                            /home/wintson/.cache/fontconfig/0c9eb80ebd1c36541ebe2852d3bb0c49-le32d4.cache-6
9add6000-9add7000 r--s 00000000 08:05 5799381                            /home/wintson/.cache/fontconfig/22368d551a680bfe5a62c02760edf4ea-le32d4.cache-6
9add7000-9add8000 r--s 00000000 08:05 5799380                            /home/wintson/.cache/fontconfig/4d9c95eba1cb85bbcf2878543262124a-le32d4.cache-6
9add8000-9add9000 r--s 00000000 08:05 5799379                            /home/wintson/.cache/fontconfig/85e0a52ce643a7ba2ae53e5d6949cead-le32d4.cache-6
9add9000-9adda000 r--s 00000000 08:05 5799378                            /home/wintson/.cache/fontconfig/49f0de54bdd920fe4f0dfd4cbac43e6b-le32d4.cache-6
9adda000-9addb000 r--s 00000000 08:05 5799377                            /home/wintson/.cache/fontconfig/f6e6e0a5c3d2f6ae0c0c2e0ecd42a997-le32d4.cache-6
9addb000-9addc000 r--s 00000000 08:05 5799376                            /home/wintson/.cache/fontconfig/4b2eda6bb976bda485cb2176619421d5-le32d4.cache-6
9addc000-9adea000 r--s 00000000 08:05 5799375                            /home/wintson/.cache/fontconfig/9b89f8e3dae116d678bbf48e5f21f69b-le32d4.cache-6
9adea000-9adf0000 r--s 00000000 08:05 5799374                            /home/wintson/.cache/fontconfig/d0972c3d32f097851eb916381fc38920-le32d4.cache-6
9adf0000-9adf2000 r--s 00000000 08:05 5799365                            /home/wintson/.cache/fontconfig/e13b20fdb08344e0e664864cc2ede53d-le32d4.cache-6
9adf2000-9adf6000 r--s 00000000 08:05 5799363                            /home/wintson/.cache/fontconfig/7ef2298fde41cc6eeb7af42e48b7d293-le32d4.cache-6
9adf6000-9adfb000 r-xp 00000000 08:05 5399462                            /home/wintson/jdk1.8.0_121/jre/lib/i386/libjavafx_font_freetype.so
9adfb000-9adfc000 rw-p 00004000 08:05 5399462                            /home/wintson/jdk1.8.0_121/jre/lib/i386/libjavafx_font_freetype.so
9adfc000-9adff000 r-xp 00000000 08:05 5399417                            /home/wintson/jdk1.8.0_121/jre/lib/i386/libjavafx_font.so
9adff000-9ae00000 rw-p 00002000 08:05 5399417                            /home/wintson/jdk1.8.0_121/jre/lib/i386/libjavafx_font.so
9ae00000-9af00000 rw-p 00000000 00:00 0 
9af00000-9b000000 rw-p 00000000 00:00 0 
9b000000-9b001000 r--s 00000000 08:05 5799359                            /home/wintson/.cache/fontconfig/a08924c8c8373104a34f76f6ac7b0938-le32d4.cache-6
9b001000-9b01d000 r--s 00393000 08:05 5399490                            /home/wintson/jdk1.8.0_121/jre/lib/ext/cldrdata.jar
9b01d000-9b027000 r--s 00116000 08:05 5399494                            /home/wintson/jdk1.8.0_121/jre/lib/ext/localedata.jar
9b027000-9b02a000 ---p 00000000 00:00 0 
9b02a000-9b078000 rw-p 00000000 00:00 0 
9b078000-9b07b000 ---p 00000000 00:00 0 
9b07b000-9b0c9000 rw-p 00000000 00:00 0 
9b0c9000-9b0cc000 ---p 00000000 00:00 0 
9b0cc000-9b11a000 rw-p 00000000 00:00 0 
9b11a000-9b11d000 ---p 00000000 00:00 0 
9b11d000-9b16b000 rw-p 00000000 00:00 0 
9b16b000-9b16e000 ---p 00000000 00:00 0 
9b16e000-9b1bc000 rw-p 00000000 00:00 0 
9b1bc000-9b1bf000 ---p 00000000 00:00 0 
9b1bf000-9b20d000 rw-p 00000000 00:00 0 
9b20d000-9b210000 ---p 00000000 00:00 0 
9b210000-9b25e000 rw-p 00000000 00:00 0 
9b25e000-9b261000 ---p 00000000 00:00 0 
9b261000-9ba5f000 rw-p 00000000 00:00 0 
9ba5f000-9ba6e000 rw-s 00000000 00:14 135                                /dev/shm/TDB3-26247_rb
9ba6e000-9ba7d000 rw-s 00000000 00:14 134                                /dev/shm/TDB3-26247_wb
9ba7d000-9ba7e000 rw-s 00000000 00:14 133                                /dev/shm/TDB3-26247_rc
9ba7e000-9ba7f000 rw-s 00000000 00:14 132                                /dev/shm/TDB3-26247_wc
9ba7f000-9ba82000 ---p 00000000 00:00 0 
9ba82000-9bad0000 rw-p 00000000 00:00 0 
9bad0000-9bad3000 ---p 00000000 00:00 0 
9bad3000-9bb21000 rw-p 00000000 00:00 0 
9bb21000-9bb24000 ---p 00000000 00:00 0 
9bb24000-9bb72000 rw-p 00000000 00:00 0 
9bb72000-9bb75000 ---p 00000000 00:00 0 
9bb75000-9c373000 rw-p 00000000 00:00 0 
9c373000-9c382000 rw-s 00000000 00:14 128                                /dev/shm/TDB2-26247_rb
9c382000-9c391000 rw-s 00000000 00:14 127                                /dev/shm/TDB2-26247_wb
9c391000-9c394000 ---p 00000000 00:00 0 
9c394000-9c3e2000 rw-p 00000000 00:00 0 
9c3e2000-9c3e5000 ---p 00000000 00:00 0 
9c3e5000-9c433000 rw-p 00000000 00:00 0 
9c433000-9c436000 ---p 00000000 00:00 0 
9c436000-9c484000 rw-p 00000000 00:00 0 
9c484000-9c487000 ---p 00000000 00:00 0 
9c487000-9cc85000 rw-p 00000000 00:00 0 
9cc85000-9cc94000 rw-s 00000000 00:14 110                                /dev/shm/TDB1-26247_rb
9cc94000-9cca3000 rw-s 00000000 00:14 109                                /dev/shm/TDB1-26247_wb
9cca3000-9cca6000 ---p 00000000 00:00 0 
9cca6000-9ccf4000 rw-p 00000000 00:00 0 
9ccf4000-9ccf7000 ---p 00000000 00:00 0 
9ccf7000-9cd0d000 rw-p 00000000 00:00 0 
9cd0d000-9cd10000 ---p 00000000 00:00 0 
9cd10000-9cd5e000 rw-p 00000000 00:00 0 
9cd5e000-9cd61000 ---p 00000000 00:00 0 
9cd61000-9ceaf000 rw-p 00000000 00:00 0 
9ceaf000-9ceb2000 ---p 00000000 00:00 0 
9ceb2000-9d000000 rw-p 00000000 00:00 0 
9d000000-9d0fe000 rw-p 00000000 00:00 0 
9d0fe000-9d100000 ---p 00000000 00:00 0 
9d100000-9d1e2000 rw-p 00000000 00:00 0 
9d1e2000-9d200000 ---p 00000000 00:00 0 
9d200000-9d2ff000 rw-p 00000000 00:00 0 
9d2ff000-9d300000 ---p 00000000 00:00 0 
9d300000-9d400000 rw-p 00000000 00:00 0 
9d400000-9d500000 rw-p 00000000 00:00 0 
9d500000-9d5f8000 rw-p 00000000 00:00 0 
9d5f8000-9d600000 ---p 00000000 00:00 0 
9d600000-9d700000 rw-p 00000000 00:00 0 
9d700000-9d800000 rw-p 00000000 00:00 0 
9d800000-9d900000 rw-p 00000000 00:00 0 
9d900000-9d901000 rw-s 00000000 00:14 131                                /dev/shm/TDB3-26247_rr
9d901000-9d902000 rw-s 00000000 00:14 129                                /dev/shm/TDB3-26247_wr
9d902000-9d905000 ---p 00000000 00:00 0 
9d905000-9d953000 rw-p 00000000 00:00 0 
9d953000-9d956000 ---p 00000000 00:00 0 
9d956000-9d9a4000 rw-p 00000000 00:00 0 
9d9a4000-9d9fe000 r-xp 00000000 08:05 2757976                            /usr/lib/i386-linux-gnu/gtk-2.0/modules/libgail.so
9d9fe000-9d9ff000 r--p 00059000 08:05 2757976                            /usr/lib/i386-linux-gnu/gtk-2.0/modules/libgail.so
9d9ff000-9da00000 rw-p 0005a000 08:05 2757976                            /usr/lib/i386-linux-gnu/gtk-2.0/modules/libgail.so
9da00000-9db00000 rw-p 00000000 00:00 0 
9db00000-9db01000 rw-s 00000000 00:14 126                                /dev/shm/TDB2-26247_rc
9db01000-9db02000 rw-s 00000000 00:14 125                                /dev/shm/TDB2-26247_wc
9db02000-9db08000 r-xp 00000000 08:05 2234577                            /tmp/jxbrowser-chromium-55.0.2883.87.6.13/data/Temp/libjxbrowser-common32-8b51d0ce-6451-4891-b63e-238688ed2443.so
9db08000-9db09000 r--p 00005000 08:05 2234577                            /tmp/jxbrowser-chromium-55.0.2883.87.6.13/data/Temp/libjxbrowser-common32-8b51d0ce-6451-4891-b63e-238688ed2443.so
9db09000-9db0a000 rw-p 00006000 08:05 2234577                            /tmp/jxbrowser-chromium-55.0.2883.87.6.13/data/Temp/libjxbrowser-common32-8b51d0ce-6451-4891-b63e-238688ed2443.so
9db0a000-9db12000 r-xp 00000000 08:05 2633008                            /usr/lib/i386-linux-gnu/libgailutil.so.18.0.1
9db12000-9db13000 r--p 00007000 08:05 2633008                            /usr/lib/i386-linux-gnu/libgailutil.so.18.0.1
9db13000-9db14000 rw-p 00008000 08:05 2633008                            /usr/lib/i386-linux-gnu/libgailutil.so.18.0.1
9db14000-9db15000 rw-s 00000000 00:14 124                                /dev/shm/TDB2-26247_rr
9db15000-9db24000 r-xp 00000000 08:05 5399431                            /home/wintson/jdk1.8.0_121/jre/lib/i386/libnio.so
9db24000-9db25000 rw-p 0000e000 08:05 5399431                            /home/wintson/jdk1.8.0_121/jre/lib/i386/libnio.so
9db25000-9db2a000 r--s 002f9000 08:05 5399488                            /home/wintson/jdk1.8.0_121/jre/lib/charsets.jar
9db2a000-9db2e000 r--s 0009a000 08:05 5399524                            /home/wintson/jdk1.8.0_121/jre/lib/jsse.jar
9db2e000-9db3a000 rw-s 126f16000 00:06 220                               /dev/dri/card0
9db3a000-9db6f000 r-xp 00000000 08:05 2633296                            /usr/lib/i386-linux-gnu/libtxc_dxtn_s2tc.so.0.0.0
9db6f000-9db70000 r--p 00034000 08:05 2633296                            /usr/lib/i386-linux-gnu/libtxc_dxtn_s2tc.so.0.0.0
9db70000-9db71000 rw-p 00035000 08:05 2633296                            /usr/lib/i386-linux-gnu/libtxc_dxtn_s2tc.so.0.0.0
9db71000-9db72000 ---p 00000000 00:00 0 
9db72000-9e372000 rw-p 00000000 00:00 0 
9e372000-9e38c000 r-xp 00000000 08:05 5517096                            /lib/i386-linux-gnu/libbsd.so.0.8.2
9e38c000-9e38d000 r--p 00019000 08:05 5517096                            /lib/i386-linux-gnu/libbsd.so.0.8.2
9e38d000-9e38e000 rw-p 0001a000 08:05 5517096                            /lib/i386-linux-gnu/libbsd.so.0.8.2
9e38e000-9e3ae000 r-xp 00000000 08:05 5517175                            /lib/i386-linux-gnu/libtinfo.so.5.9
9e3ae000-9e3b0000 r--p 0001f000 08:05 5517175                            /lib/i386-linux-gnu/libtinfo.so.5.9
9e3b0000-9e3b1000 rw-p 00021000 08:05 5517175                            /lib/i386-linux-gnu/libtinfo.so.5.9
9e3b1000-9e3e3000 r-xp 00000000 08:05 2632984                            /usr/lib/i386-linux-gnu/libedit.so.2.0.53
9e3e3000-9e3e4000 ---p 00032000 08:05 2632984                            /usr/lib/i386-linux-gnu/libedit.so.2.0.53
9e3e4000-9e3e5000 r--p 00032000 08:05 2632984                            /usr/lib/i386-linux-gnu/libedit.so.2.0.53
9e3e5000-9e3e6000 rw-p 00033000 08:05 2632984                            /usr/lib/i386-linux-gnu/libedit.so.2.0.53
9e3e6000-9e3e8000 rw-p 00000000 00:00 0 
9e3e8000-a0d31000 r-xp 00000000 08:05 2631228                            /usr/lib/i386-linux-gnu/libLLVM-3.8.so.1
a0d31000-a0d32000 ---p 02949000 08:05 2631228                            /usr/lib/i386-linux-gnu/libLLVM-3.8.so.1
a0d32000-a0f1f000 r--p 02949000 08:05 2631228                            /usr/lib/i386-linux-gnu/libLLVM-3.8.so.1
a0f1f000-a0f20000 rw-p 02b36000 08:05 2631228                            /usr/lib/i386-linux-gnu/libLLVM-3.8.so.1
a0f20000-a0f3f000 rw-p 00000000 00:00 0 
a0f3f000-a0f59000 r-xp 00000000 08:05 2632985                            /usr/lib/i386-linux-gnu/libelf-0.165.so
a0f59000-a0f5a000 r--p 00019000 08:05 2632985                            /usr/lib/i386-linux-gnu/libelf-0.165.so
a0f5a000-a0f5b000 rw-p 0001a000 08:05 2632985                            /usr/lib/i386-linux-gnu/libelf-0.165.so
a0f5b000-a0f64000 r-xp 00000000 08:05 2630920                            /usr/lib/i386-linux-gnu/libdrm_amdgpu.so.1.0.0
a0f64000-a0f65000 r--p 00008000 08:05 2630920                            /usr/lib/i386-linux-gnu/libdrm_amdgpu.so.1.0.0
a0f65000-a0f66000 rw-p 00009000 08:05 2630920                            /usr/lib/i386-linux-gnu/libdrm_amdgpu.so.1.0.0
a0f66000-a0f72000 r-xp 00000000 08:05 2630932                            /usr/lib/i386-linux-gnu/libdrm_radeon.so.1.0.1
a0f72000-a0f73000 r--p 0000b000 08:05 2630932                            /usr/lib/i386-linux-gnu/libdrm_radeon.so.1.0.1
a0f73000-a0f74000 rw-p 0000c000 08:05 2630932                            /usr/lib/i386-linux-gnu/libdrm_radeon.so.1.0.1
a0f74000-a0f7c000 r-xp 00000000 08:05 2630928                            /usr/lib/i386-linux-gnu/libdrm_nouveau.so.2.0.0
a0f7c000-a0f7d000 r--p 00007000 08:05 2630928                            /usr/lib/i386-linux-gnu/libdrm_nouveau.so.2.0.0
a0f7d000-a0f7e000 rw-p 00008000 08:05 2630928                            /usr/lib/i386-linux-gnu/libdrm_nouveau.so.2.0.0
a0f7e000-a18ee000 r-xp 00000000 08:05 2626805                            /usr/lib/i386-linux-gnu/dri/r600_dri.so
a18ee000-a1940000 r--p 0096f000 08:05 2626805                            /usr/lib/i386-linux-gnu/dri/r600_dri.so
a1940000-a194a000 rw-p 009c1000 08:05 2626805                            /usr/lib/i386-linux-gnu/dri/r600_dri.so
a194a000-a1b3e000 rw-p 00000000 00:00 0 
a1b3e000-a1b5d000 r-xp 00000000 08:05 5515791                            /lib/i386-linux-gnu/libudev.so.1.6.4
a1b5d000-a1b5e000 r--p 0001e000 08:05 5515791                            /lib/i386-linux-gnu/libudev.so.1.6.4
a1b5e000-a1b5f000 rw-p 0001f000 08:05 5515791                            /lib/i386-linux-gnu/libudev.so.1.6.4
a1b5f000-a1b66000 r-xp 00000000 08:05 2632968                            /usr/lib/i386-linux-gnu/libdatrie.so.1.3.3
a1b66000-a1b67000 ---p 00007000 08:05 2632968                            /usr/lib/i386-linux-gnu/libdatrie.so.1.3.3
a1b67000-a1b68000 r--p 00007000 08:05 2632968                            /usr/lib/i386-linux-gnu/libdatrie.so.1.3.3
a1b68000-a1b69000 rw-p 00008000 08:05 2632968                            /usr/lib/i386-linux-gnu/libdatrie.so.1.3.3
a1b69000-a1b6e000 r-xp 00000000 08:05 2632894                            /usr/lib/i386-linux-gnu/libXdmcp.so.6.0.0
a1b6e000-a1b6f000 r--p 00004000 08:05 2632894                            /usr/lib/i386-linux-gnu/libXdmcp.so.6.0.0
a1b6f000-a1b70000 rw-p 00005000 08:05 2632894                            /usr/lib/i386-linux-gnu/libXdmcp.so.6.0.0
a1b70000-a1b72000 r-xp 00000000 08:05 2632881                            /usr/lib/i386-linux-gnu/libXau.so.6.0.0
a1b72000-a1b73000 r--p 00001000 08:05 2632881                            /usr/lib/i386-linux-gnu/libXau.so.6.0.0
a1b73000-a1b74000 rw-p 00002000 08:05 2632881                            /usr/lib/i386-linux-gnu/libXau.so.6.0.0
a1b74000-a1b98000 r-xp 00000000 08:05 2633048                            /usr/lib/i386-linux-gnu/libgraphite2.so.3.0.1
a1b98000-a1b99000 ---p 00024000 08:05 2633048                            /usr/lib/i386-linux-gnu/libgraphite2.so.3.0.1
a1b99000-a1b9a000 r--p 00024000 08:05 2633048                            /usr/lib/i386-linux-gnu/libgraphite2.so.3.0.1
a1b9a000-a1b9b000 rw-p 00025000 08:05 2633048                            /usr/lib/i386-linux-gnu/libgraphite2.so.3.0.1
a1b9b000-a1bab000 r-xp 00000000 08:05 2627192                            /usr/lib/i386-linux-gnu/libdrm.so.2.4.0
a1bab000-a1bac000 r--p 0000f000 08:05 2627192                            /usr/lib/i386-linux-gnu/libdrm.so.2.4.0
a1bac000-a1bad000 rw-p 00010000 08:05 2627192                            /usr/lib/i386-linux-gnu/libdrm.so.2.4.0
a1bad000-a1bb1000 r-xp 00000000 08:05 2633321                            /usr/lib/i386-linux-gnu/libxcb-dri2.so.0.0.0
a1bb1000-a1bb2000 r--p 00003000 08:05 2633321                            /usr/lib/i386-linux-gnu/libxcb-dri2.so.0.0.0
a1bb2000-a1bb3000 rw-p 00004000 08:05 2633321                            /usr/lib/i386-linux-gnu/libxcb-dri2.so.0.0.0
a1bb3000-a1bcb000 r-xp 00000000 08:05 2633325                            /usr/lib/i386-linux-gnu/libxcb-glx.so.0.0.0
a1bcb000-a1bcc000 ---p 00018000 08:05 2633325                            /usr/lib/i386-linux-gnu/libxcb-glx.so.0.0.0
a1bcc000-a1bcd000 r--p 00018000 08:05 2633325                            /usr/lib/i386-linux-gnu/libxcb-glx.so.0.0.0
a1bcd000-a1bce000 rw-p 00019000 08:05 2633325                            /usr/lib/i386-linux-gnu/libxcb-glx.so.0.0.0
a1bce000-a1bcf000 r-xp 00000000 08:05 2632877                            /usr/lib/i386-linux-gnu/libX11-xcb.so.1.0.0
a1bcf000-a1bd0000 r--p 00000000 08:05 2632877                            /usr/lib/i386-linux-gnu/libX11-xcb.so.1.0.0
a1bd0000-a1bd1000 rw-p 00001000 08:05 2632877                            /usr/lib/i386-linux-gnu/libX11-xcb.so.1.0.0
a1bd1000-a1be4000 r-xp 00000000 08:05 2631236                            /usr/lib/i386-linux-gnu/libglapi.so.0.0.0
a1be4000-a1be5000 ---p 00013000 08:05 2631236                            /usr/lib/i386-linux-gnu/libglapi.so.0.0.0
a1be5000-a1be7000 r--p 00013000 08:05 2631236                            /usr/lib/i386-linux-gnu/libglapi.so.0.0.0
a1be7000-a1bed000 rwxp 00015000 08:05 2631236                            /usr/lib/i386-linux-gnu/libglapi.so.0.0.0
a1bed000-a1bf2000 r-xp 00000000 08:05 2633333                            /usr/lib/i386-linux-gnu/libxcb-sync.so.1.0.0
a1bf2000-a1bf3000 ---p 00005000 08:05 2633333                            /usr/lib/i386-linux-gnu/libxcb-sync.so.1.0.0
a1bf3000-a1bf4000 r--p 00005000 08:05 2633333                            /usr/lib/i386-linux-gnu/libxcb-sync.so.1.0.0
a1bf4000-a1bf5000 rw-p 00006000 08:05 2633333                            /usr/lib/i386-linux-gnu/libxcb-sync.so.1.0.0
a1bf5000-a1bf7000 r-xp 00000000 08:05 2633327                            /usr/lib/i386-linux-gnu/libxcb-present.so.0.0.0
a1bf7000-a1bf8000 r--p 00001000 08:05 2633327                            /usr/lib/i386-linux-gnu/libxcb-present.so.0.0.0
a1bf8000-a1bf9000 rw-p 00002000 08:05 2633327                            /usr/lib/i386-linux-gnu/libxcb-present.so.0.0.0
a1bf9000-a1bfb000 r-xp 00000000 08:05 2633323                            /usr/lib/i386-linux-gnu/libxcb-dri3.so.0.0.0
a1bfb000-a1bfc000 r--p 00001000 08:05 2633323                            /usr/lib/i386-linux-gnu/libxcb-dri3.so.0.0.0
a1bfc000-a1bfd000 rw-p 00002000 08:05 2633323                            /usr/lib/i386-linux-gnu/libxcb-dri3.so.0.0.0
a1bfd000-a1c70000 r-xp 00000000 08:05 5517155                            /lib/i386-linux-gnu/libpcre.so.3.13.2
a1c70000-a1c71000 r--p 00072000 08:05 5517155                            /lib/i386-linux-gnu/libpcre.so.3.13.2
a1c71000-a1c72000 rw-p 00073000 08:05 5517155                            /lib/i386-linux-gnu/libpcre.so.3.13.2
a1c72000-a1c79000 r-xp 00000000 08:05 2632996                            /usr/lib/i386-linux-gnu/libffi.so.6.0.4
a1c79000-a1c7a000 r--p 00006000 08:05 2632996                            /usr/lib/i386-linux-gnu/libffi.so.6.0.4
a1c7a000-a1c7b000 rw-p 00007000 08:05 2632996                            /usr/lib/i386-linux-gnu/libffi.so.6.0.4
a1c7b000-a1ca1000 r-xp 00000000 08:05 5520344                            /lib/i386-linux-gnu/libexpat.so.1.6.0
a1ca1000-a1ca2000 ---p 00026000 08:05 5520344                            /lib/i386-linux-gnu/libexpat.so.1.6.0
a1ca2000-a1ca4000 r--p 00026000 08:05 5520344                            /lib/i386-linux-gnu/libexpat.so.1.6.0
a1ca4000-a1ca5000 rw-p 00028000 08:05 5520344                            /lib/i386-linux-gnu/libexpat.so.1.6.0
a1ca5000-a1cae000 r-xp 00000000 08:05 2633283                            /usr/lib/i386-linux-gnu/libthai.so.0.2.4
a1cae000-a1caf000 r--p 00008000 08:05 2633283                            /usr/lib/i386-linux-gnu/libthai.so.0.2.4
a1caf000-a1cb0000 rw-p 00009000 08:05 2633283                            /usr/lib/i386-linux-gnu/libthai.so.0.2.4
a1cb0000-a1cd4000 r-xp 00000000 08:05 2633335                            /usr/lib/i386-linux-gnu/libxcb.so.1.1.0
a1cd4000-a1cd5000 r--p 00023000 08:05 2633335                            /usr/lib/i386-linux-gnu/libxcb.so.1.1.0
a1cd5000-a1cd6000 rw-p 00024000 08:05 2633335                            /usr/lib/i386-linux-gnu/libxcb.so.1.1.0
a1cd6000-a1cdf000 r-xp 00000000 08:05 2633329                            /usr/lib/i386-linux-gnu/libxcb-render.so.0.0.0
a1cdf000-a1ce0000 r--p 00008000 08:05 2633329                            /usr/lib/i386-linux-gnu/libxcb-render.so.0.0.0
a1ce0000-a1ce1000 rw-p 00009000 08:05 2633329                            /usr/lib/i386-linux-gnu/libxcb-render.so.0.0.0
a1ce1000-a1ce3000 r-xp 00000000 08:05 2633331                            /usr/lib/i386-linux-gnu/libxcb-shm.so.0.0.0
a1ce3000-a1ce4000 r--p 00001000 08:05 2633331                            /usr/lib/i386-linux-gnu/libxcb-shm.so.0.0.0
a1ce4000-a1ce5000 rw-p 00002000 08:05 2633331                            /usr/lib/i386-linux-gnu/libxcb-shm.so.0.0.0
a1ce5000-a1d0e000 r-xp 00000000 08:05 5517157                            /lib/i386-linux-gnu/libpng12.so.0.54.0
a1d0e000-a1d0f000 r--p 00028000 08:05 5517157                            /lib/i386-linux-gnu/libpng12.so.0.54.0
a1d0f000-a1d10000 rw-p 00029000 08:05 5517157                            /lib/i386-linux-gnu/libpng12.so.0.54.0
a1d10000-a1db9000 r-xp 00000000 08:05 2633231                            /usr/lib/i386-linux-gnu/libpixman-1.so.0.33.6
a1db9000-a1dbf000 r--p 000a8000 08:05 2633231                            /usr/lib/i386-linux-gnu/libpixman-1.so.0.33.6
a1dbf000-a1dc0000 rw-p 000ae000 08:05 2633231                            /usr/lib/i386-linux-gnu/libpixman-1.so.0.33.6
a1dc0000-a1e22000 r-xp 00000000 08:05 2632609                            /usr/lib/i386-linux-gnu/libharfbuzz.so.0.10000.1
a1e22000-a1e23000 r--p 00061000 08:05 2632609                            /usr/lib/i386-linux-gnu/libharfbuzz.so.0.10000.1
a1e23000-a1e24000 rw-p 00062000 08:05 2632609                            /usr/lib/i386-linux-gnu/libharfbuzz.so.0.10000.1
a1e24000-a1e38000 r-xp 00000000 08:05 5516581                            /lib/i386-linux-gnu/libresolv-2.23.so
a1e38000-a1e39000 ---p 00014000 08:05 5516581                            /lib/i386-linux-gnu/libresolv-2.23.so
a1e39000-a1e3a000 r--p 00014000 08:05 5516581                            /lib/i386-linux-gnu/libresolv-2.23.so
a1e3a000-a1e3b000 rw-p 00015000 08:05 5516581                            /lib/i386-linux-gnu/libresolv-2.23.so
a1e3b000-a1e3d000 rw-p 00000000 00:00 0 
a1e3d000-a1e5f000 r-xp 00000000 08:05 5517166                            /lib/i386-linux-gnu/libselinux.so.1
a1e5f000-a1e60000 ---p 00022000 08:05 5517166                            /lib/i386-linux-gnu/libselinux.so.1
a1e60000-a1e61000 r--p 00022000 08:05 5517166                            /lib/i386-linux-gnu/libselinux.so.1
a1e61000-a1e62000 rw-p 00023000 08:05 5517166                            /lib/i386-linux-gnu/libselinux.so.1
a1e62000-a1e63000 rw-p 00000000 00:00 0 
a1e63000-a1e7c000 r-xp 00000000 08:05 5517187                            /lib/i386-linux-gnu/libz.so.1.2.8
a1e7c000-a1e7d000 r--p 00018000 08:05 5517187                            /lib/i386-linux-gnu/libz.so.1.2.8
a1e7d000-a1e7e000 rw-p 00019000 08:05 5517187                            /lib/i386-linux-gnu/libz.so.1.2.8
a1e7e000-a1e91000 r-xp 00000000 08:05 2632896                            /usr/lib/i386-linux-gnu/libXext.so.6.4.0
a1e91000-a1e92000 r--p 00012000 08:05 2632896                            /usr/lib/i386-linux-gnu/libXext.so.6.4.0
a1e92000-a1e93000 rw-p 00013000 08:05 2632896                            /usr/lib/i386-linux-gnu/libXext.so.6.4.0
a1e93000-a1e9c000 r-xp 00000000 08:05 2632890                            /usr/lib/i386-linux-gnu/libXcursor.so.1.0.2
a1e9c000-a1e9d000 r--p 00008000 08:05 2632890                            /usr/lib/i386-linux-gnu/libXcursor.so.1.0.2
a1e9d000-a1e9e000 rw-p 00009000 08:05 2632890                            /usr/lib/i386-linux-gnu/libXcursor.so.1.0.2
a1e9e000-a1ea9000 r-xp 00000000 08:05 2632910                            /usr/lib/i386-linux-gnu/libXrandr.so.2.2.0
a1ea9000-a1eaa000 r--p 0000a000 08:05 2632910                            /usr/lib/i386-linux-gnu/libXrandr.so.2.2.0
a1eaa000-a1eab000 rw-p 0000b000 08:05 2632910                            /usr/lib/i386-linux-gnu/libXrandr.so.2.2.0
a1eab000-a1ebc000 r-xp 00000000 08:05 2632902                            /usr/lib/i386-linux-gnu/libXi.so.6.1.0
a1ebc000-a1ebd000 r--p 00010000 08:05 2632902                            /usr/lib/i386-linux-gnu/libXi.so.6.1.0
a1ebd000-a1ebe000 rw-p 00011000 08:05 2632902                            /usr/lib/i386-linux-gnu/libXi.so.6.1.0
a1ebe000-a1ec8000 r-xp 00000000 08:05 2632912                            /usr/lib/i386-linux-gnu/libXrender.so.1.3.0
a1ec8000-a1ec9000 r--p 00009000 08:05 2632912                            /usr/lib/i386-linux-gnu/libXrender.so.1.3.0
a1ec9000-a1eca000 rw-p 0000a000 08:05 2632912                            /usr/lib/i386-linux-gnu/libXrender.so.1.3.0
a1eca000-a1ee6000 r-xp 00000000 08:05 5517117                            /lib/i386-linux-gnu/libgcc_s.so.1
a1ee6000-a1ee7000 rw-p 0001b000 08:05 5517117                            /lib/i386-linux-gnu/libgcc_s.so.1
a1ee7000-a2054000 r-xp 00000000 08:05 2630939                            /usr/lib/i386-linux-gnu/libstdc++.so.6.0.21
a2054000-a2055000 ---p 0016d000 08:05 2630939                            /usr/lib/i386-linux-gnu/libstdc++.so.6.0.21
a2055000-a205a000 r--p 0016d000 08:05 2630939                            /usr/lib/i386-linux-gnu/libstdc++.so.6.0.21
a205a000-a205b000 rw-p 00172000 08:05 2630939                            /usr/lib/i386-linux-gnu/libstdc++.so.6.0.21
a205b000-a205e000 rw-p 00000000 00:00 0 
a205e000-a20c5000 r-xp 00000000 08:05 2758421                            /usr/lib/i386-linux-gnu/mesa/libGL.so.1.2.0
a20c5000-a20c6000 ---p 00067000 08:05 2758421                            /usr/lib/i386-linux-gnu/mesa/libGL.so.1.2.0
a20c6000-a20c8000 r--p 00067000 08:05 2758421                            /usr/lib/i386-linux-gnu/mesa/libGL.so.1.2.0
a20c8000-a20cd000 rwxp 00069000 08:05 2758421                            /usr/lib/i386-linux-gnu/mesa/libGL.so.1.2.0
a20cd000-a2213000 r-xp 00000000 08:05 2632879                            /usr/lib/i386-linux-gnu/libX11.so.6.3.0
a2213000-a2214000 ---p 00146000 08:05 2632879                            /usr/lib/i386-linux-gnu/libX11.so.6.3.0
a2214000-a2215000 r--p 00146000 08:05 2632879                            /usr/lib/i386-linux-gnu/libX11.so.6.3.0
a2215000-a2217000 rw-p 00147000 08:05 2632879                            /usr/lib/i386-linux-gnu/libX11.so.6.3.0
a2217000-a2218000 rw-p 00000000 00:00 0 
a2218000-a233f000 r-xp 00000000 08:05 5520370                            /lib/i386-linux-gnu/libglib-2.0.so.0.4800.1
a233f000-a2340000 r--p 00126000 08:05 5520370                            /lib/i386-linux-gnu/libglib-2.0.so.0.4800.1
a2340000-a2341000 rw-p 00127000 08:05 5520370                            /lib/i386-linux-gnu/libglib-2.0.so.0.4800.1
a2341000-a239d000 r-xp 00000000 08:05 2632500                            /usr/lib/i386-linux-gnu/libgobject-2.0.so.0.4800.1
a239d000-a239e000 ---p 0005c000 08:05 2632500                            /usr/lib/i386-linux-gnu/libgobject-2.0.so.0.4800.1
a239e000-a239f000 r--p 0005c000 08:05 2632500                            /usr/lib/i386-linux-gnu/libgobject-2.0.so.0.4800.1
a239f000-a23a0000 rw-p 0005d000 08:05 2632500                            /usr/lib/i386-linux-gnu/libgobject-2.0.so.0.4800.1
a23a0000-a23e2000 r-xp 00000000 08:05 2627490                            /usr/lib/i386-linux-gnu/libfontconfig.so.1.9.0
a23e2000-a23e3000 ---p 00042000 08:05 2627490                            /usr/lib/i386-linux-gnu/libfontconfig.so.1.9.0
a23e3000-a23e4000 r--p 00042000 08:05 2627490                            /usr/lib/i386-linux-gnu/libfontconfig.so.1.9.0
a23e4000-a23e9000 rw-p 00043000 08:05 2627490                            /usr/lib/i386-linux-gnu/libfontconfig.so.1.9.0
a23e9000-a2494000 r-xp 00000000 08:05 2633006                            /usr/lib/i386-linux-gnu/libfreetype.so.6.12.1
a2494000-a2498000 r--p 000aa000 08:05 2633006                            /usr/lib/i386-linux-gnu/libfreetype.so.6.12.1
a2498000-a2499000 rw-p 000ae000 08:05 2633006                            /usr/lib/i386-linux-gnu/libfreetype.so.6.12.1
a2499000-a24e7000 r-xp 00000000 08:05 2633217                            /usr/lib/i386-linux-gnu/libpango-1.0.so.0.3800.1
a24e7000-a24e8000 ---p 0004e000 08:05 2633217                            /usr/lib/i386-linux-gnu/libpango-1.0.so.0.3800.1
a24e8000-a24e9000 r--p 0004e000 08:05 2633217                            /usr/lib/i386-linux-gnu/libpango-1.0.so.0.3800.1
a24e9000-a24ea000 rw-p 0004f000 08:05 2633217                            /usr/lib/i386-linux-gnu/libpango-1.0.so.0.3800.1
a24ea000-a2627000 r-xp 00000000 08:05 2632950                            /usr/lib/i386-linux-gnu/libcairo.so.2.11400.6
a2627000-a2629000 r--p 0013c000 08:05 2632950                            /usr/lib/i386-linux-gnu/libcairo.so.2.11400.6
a2629000-a262a000 rw-p 0013e000 08:05 2632950                            /usr/lib/i386-linux-gnu/libcairo.so.2.11400.6
a262a000-a262b000 rw-p 00000000 00:00 0 
a262b000-a2637000 r-xp 00000000 08:05 2633219                            /usr/lib/i386-linux-gnu/libpangocairo-1.0.so.0.3800.1
a2637000-a2638000 r--p 0000b000 08:05 2633219                            /usr/lib/i386-linux-gnu/libpangocairo-1.0.so.0.3800.1
a2638000-a2639000 rw-p 0000c000 08:05 2633219                            /usr/lib/i386-linux-gnu/libpangocairo-1.0.so.0.3800.1
a2639000-a2660000 r-xp 00000000 08:05 2632354                            /usr/lib/i386-linux-gnu/libgdk_pixbuf-2.0.so.0.3200.2
a2660000-a2661000 r--p 00026000 08:05 2632354                            /usr/lib/i386-linux-gnu/libgdk_pixbuf-2.0.so.0.3200.2
a2661000-a2662000 rw-p 00027000 08:05 2632354                            /usr/lib/i386-linux-gnu/libgdk_pixbuf-2.0.so.0.3200.2
a2662000-a2826000 r-xp 00000000 08:05 2632499                            /usr/lib/i386-linux-gnu/libgio-2.0.so.0.4800.1
a2826000-a2827000 ---p 001c4000 08:05 2632499                            /usr/lib/i386-linux-gnu/libgio-2.0.so.0.4800.1
a2827000-a2829000 r--p 001c4000 08:05 2632499                            /usr/lib/i386-linux-gnu/libgio-2.0.so.0.4800.1
a2829000-a282a000 rw-p 001c6000 08:05 2632499                            /usr/lib/i386-linux-gnu/libgio-2.0.so.0.4800.1
a282a000-a282b000 rw-p 00000000 00:00 0 
a282b000-a284f000 r-xp 00000000 08:05 2632932                            /usr/lib/i386-linux-gnu/libatk-1.0.so.0.21809.1
a284f000-a2851000 r--p 00023000 08:05 2632932                            /usr/lib/i386-linux-gnu/libatk-1.0.so.0.21809.1
a2851000-a2852000 rw-p 00025000 08:05 2632932                            /usr/lib/i386-linux-gnu/libatk-1.0.so.0.21809.1
a2852000-a290f000 r-xp 00000000 08:05 2633022                            /usr/lib/i386-linux-gnu/libgdk-x11-2.0.so.0.2400.30
a290f000-a2911000 r--p 000bc000 08:05 2633022                            /usr/lib/i386-linux-gnu/libgdk-x11-2.0.so.0.2400.30
a2911000-a2912000 rw-p 000be000 08:05 2633022                            /usr/lib/i386-linux-gnu/libgdk-x11-2.0.so.0.2400.30
a2912000-a2dff000 r-xp 00000000 08:05 2633128                            /usr/lib/i386-linux-gnu/libgtk-x11-2.0.so.0.2400.30
a2dff000-a2e00000 ---p 004ed000 08:05 2633128                            /usr/lib/i386-linux-gnu/libgtk-x11-2.0.so.0.2400.30
a2e00000-a2e04000 r--p 004ed000 08:05 2633128                            /usr/lib/i386-linux-gnu/libgtk-x11-2.0.so.0.2400.30
a2e04000-a2e06000 rw-p 004f1000 08:05 2633128                            /usr/lib/i386-linux-gnu/libgtk-x11-2.0.so.0.2400.30
a2e06000-a2e08000 rw-p 00000000 00:00 0 
a2e08000-a2e0b000 ---p 00000000 00:00 0 
a2e0b000-a2e59000 rw-p 00000000 00:00 0 
a2e59000-a2e5c000 ---p 00000000 00:00 0 
a2e5c000-a306b000 rw-p 00000000 00:00 0 
a306b000-a3100000 r--s 01109000 08:05 5399498                            /home/wintson/jdk1.8.0_121/jre/lib/ext/jfxrt.jar
a3100000-a31de000 rw-p 00000000 00:00 0 
a31de000-a3200000 ---p 00000000 00:00 0 
a3200000-a3201000 rw-s 00000000 00:14 112                                /dev/shm/TDB2-26247_wr
a3201000-a3202000 rw-s 00000000 00:14 108                                /dev/shm/TDB1-26247_rc
a3202000-a3226000 r-xp 00000000 08:05 5399470                            /home/wintson/jdk1.8.0_121/jre/lib/i386/libglass.so
a3226000-a3228000 rw-p 00024000 08:05 5399470                            /home/wintson/jdk1.8.0_121/jre/lib/i386/libglass.so
a3228000-a322b000 ---p 00000000 00:00 0 
a322b000-a3279000 rw-p 00000000 00:00 0 
a3279000-a327a000 ---p 00000000 00:00 0 
a327a000-a32fa000 rw-p 00000000 00:00 0 
a32fa000-a32fd000 ---p 00000000 00:00 0 
a32fd000-a334b000 rw-p 00000000 00:00 0 
a334b000-a334e000 ---p 00000000 00:00 0 
a334e000-a33cc000 rw-p 00000000 00:00 0 
a33cc000-a33cf000 ---p 00000000 00:00 0 
a33cf000-a344d000 rw-p 00000000 00:00 0 
a344d000-a3450000 ---p 00000000 00:00 0 
a3450000-a34ce000 rw-p 00000000 00:00 0 
a34ce000-a3600000 r--p 002d7000 08:05 2633915                            /usr/lib/locale/locale-archive
a3600000-a3800000 r--p 00000000 08:05 2633915                            /usr/lib/locale/locale-archive
a3800000-a3900000 rw-p 00000000 00:00 0 
a3900000-a39f9000 rw-p 00000000 00:00 0 
a39f9000-a3a00000 ---p 00000000 00:00 0 
a3a00000-a3a01000 rw-s 00000000 00:14 107                                /dev/shm/TDB1-26247_wc
a3a01000-a3a02000 rw-s 00000000 00:14 105                                /dev/shm/TDB1-26247_rr
a3a02000-a3a04000 r-xp 00000000 08:05 2632892                            /usr/lib/i386-linux-gnu/libXdamage.so.1.1.0
a3a04000-a3a05000 r--p 00001000 08:05 2632892                            /usr/lib/i386-linux-gnu/libXdamage.so.1.1.0
a3a05000-a3a06000 rw-p 00002000 08:05 2632892                            /usr/lib/i386-linux-gnu/libXdamage.so.1.1.0
a3a06000-a3a0b000 r-xp 00000000 08:05 2632898                            /usr/lib/i386-linux-gnu/libXfixes.so.3.1.0
a3a0b000-a3a0c000 r--p 00004000 08:05 2632898                            /usr/lib/i386-linux-gnu/libXfixes.so.3.1.0
a3a0c000-a3a0d000 rw-p 00005000 08:05 2632898                            /usr/lib/i386-linux-gnu/libXfixes.so.3.1.0
a3a0d000-a3a10000 ---p 00000000 00:00 0 
a3a10000-a3a5e000 rw-p 00000000 00:00 0 
a3a5e000-a3a61000 ---p 00000000 00:00 0 
a3a61000-a3aaf000 rw-p 00000000 00:00 0 
a3aaf000-a3ab2000 ---p 00000000 00:00 0 
a3ab2000-a3b00000 rw-p 00000000 00:00 0 
a3b00000-a3c00000 rw-p 00000000 00:00 0 
a3c00000-a3c02000 r-xp 00000000 08:05 2632888                            /usr/lib/i386-linux-gnu/libXcomposite.so.1.0.0
a3c02000-a3c03000 r--p 00001000 08:05 2632888                            /usr/lib/i386-linux-gnu/libXcomposite.so.1.0.0
a3c03000-a3c04000 rw-p 00002000 08:05 2632888                            /usr/lib/i386-linux-gnu/libXcomposite.so.1.0.0
a3c04000-a3c09000 r-xp 00000000 08:05 2632922                            /usr/lib/i386-linux-gnu/libXxf86vm.so.1.0.0
a3c09000-a3c0a000 r--p 00004000 08:05 2632922                            /usr/lib/i386-linux-gnu/libXxf86vm.so.1.0.0
a3c0a000-a3c0b000 rw-p 00005000 08:05 2632922                            /usr/lib/i386-linux-gnu/libXxf86vm.so.1.0.0
a3c0b000-a3c0c000 ---p 00000000 00:00 0 
a3c0c000-a3cdb000 rw-p 00000000 00:00 0 
a3cdb000-a3eb4000 r--s 03d3e000 08:05 5399520                            /home/wintson/jdk1.8.0_121/jre/lib/rt.jar
a3eb4000-a42fa000 rw-p 00000000 00:00 0 
a42fa000-a4300000 ---p 00000000 00:00 0 
a4300000-a6700000 rw-p 00000000 00:00 0 
a6700000-a67f8000 rw-p 00000000 00:00 0 
a67f8000-a6800000 ---p 00000000 00:00 0 
a6800000-a6801000 rw-s 00000000 00:14 104                                /dev/shm/TDB1-26247_wr
a6801000-a6803000 r-xp 00000000 08:05 2632904                            /usr/lib/i386-linux-gnu/libXinerama.so.1.0.0
a6803000-a6804000 r--p 00001000 08:05 2632904                            /usr/lib/i386-linux-gnu/libXinerama.so.1.0.0
a6804000-a6805000 rw-p 00002000 08:05 2632904                            /usr/lib/i386-linux-gnu/libXinerama.so.1.0.0
a6805000-a680a000 r-xp 00000000 08:05 2632918                            /usr/lib/i386-linux-gnu/libXtst.so.6.1.0
a680a000-a680b000 r--p 00004000 08:05 2632918                            /usr/lib/i386-linux-gnu/libXtst.so.6.1.0
a680b000-a680c000 rw-p 00005000 08:05 2632918                            /usr/lib/i386-linux-gnu/libXtst.so.6.1.0
a680c000-a6822000 r-xp 00000000 08:05 2633221                            /usr/lib/i386-linux-gnu/libpangoft2-1.0.so.0.3800.1
a6822000-a6823000 r--p 00015000 08:05 2633221                            /usr/lib/i386-linux-gnu/libpangoft2-1.0.so.0.3800.1
a6823000-a6824000 rw-p 00016000 08:05 2633221                            /usr/lib/i386-linux-gnu/libpangoft2-1.0.so.0.3800.1
a6824000-a687f000 rw-p 00000000 00:00 0 
a687f000-a6880000 ---p 00000000 00:00 0 
a6880000-a6900000 rw-p 00000000 00:00 0 
a6900000-a6921000 rw-p 00000000 00:00 0 
a6921000-a6a00000 ---p 00000000 00:00 0 
a6a00000-a6afb000 rw-p 00000000 00:00 0 
a6afb000-a6b00000 ---p 00000000 00:00 0 
a6b00000-a6b21000 rw-p 00000000 00:00 0 
a6b21000-a6c00000 ---p 00000000 00:00 0 
a6c00000-a6c01000 r-xp 00000000 08:05 2633339                            /usr/lib/i386-linux-gnu/libxshmfence.so.1.0.0
a6c01000-a6c02000 r--p 00000000 08:05 2633339                            /usr/lib/i386-linux-gnu/libxshmfence.so.1.0.0
a6c02000-a6c03000 rw-p 00001000 08:05 2633339                            /usr/lib/i386-linux-gnu/libxshmfence.so.1.0.0
a6c03000-a6c04000 r-xp 00000000 08:05 2632497                            /usr/lib/i386-linux-gnu/libgthread-2.0.so.0.4800.1
a6c04000-a6c05000 r--p 00000000 08:05 2632497                            /usr/lib/i386-linux-gnu/libgthread-2.0.so.0.4800.1
a6c05000-a6c06000 rw-p 00001000 08:05 2632497                            /usr/lib/i386-linux-gnu/libgthread-2.0.so.0.4800.1
a6c06000-a6c11000 r-xp 00000000 08:05 5399433                            /home/wintson/jdk1.8.0_121/jre/lib/i386/libprism_es2.so
a6c11000-a6c12000 rw-p 0000a000 08:05 5399433                            /home/wintson/jdk1.8.0_121/jre/lib/i386/libprism_es2.so
a6c12000-a6c27000 r-xp 00000000 08:05 5399474                            /home/wintson/jdk1.8.0_121/jre/lib/i386/libnet.so
a6c27000-a6c28000 rw-p 00015000 08:05 5399474                            /home/wintson/jdk1.8.0_121/jre/lib/i386/libnet.so
a6c28000-a6c29000 ---p 00000000 00:00 0 
a6c29000-a6cbf000 rw-p 00000000 00:00 0 
a6cbf000-a6dff000 ---p 00000000 00:00 0 
a6dff000-a6e15000 rw-p 00000000 00:00 0 
a6e15000-a6f54000 ---p 00000000 00:00 0 
a6f54000-a6f68000 rw-p 00000000 00:00 0 
a6f68000-a6fff000 ---p 00000000 00:00 0 
a6fff000-a9ac0000 rw-p 00000000 00:00 0 
a9ac0000-d1ac0000 ---p 00000000 00:00 0 
d1ac0000-d4040000 rw-p 00000000 00:00 0 
d4040000-e7000000 ---p 00000000 00:00 0 
e7000000-e7003000 r-xp 00000000 08:05 2632498                            /usr/lib/i386-linux-gnu/libgmodule-2.0.so.0.4800.1
e7003000-e7004000 r--p 00002000 08:05 2632498                            /usr/lib/i386-linux-gnu/libgmodule-2.0.so.0.4800.1
e7004000-e7005000 rw-p 00003000 08:05 2632498                            /usr/lib/i386-linux-gnu/libgmodule-2.0.so.0.4800.1
e7005000-e7006000 r-xp 00000000 08:05 5787185                            /home/wintson/idea-IC-163.12024.16/bin/libbreakgen.so
e7006000-e7007000 rw-p 00000000 08:05 5787185                            /home/wintson/idea-IC-163.12024.16/bin/libbreakgen.so
e7007000-e7009000 r--s 00019000 08:05 5786703                            /home/wintson/idea-IC-163.12024.16/lib/idea_rt.jar
e7009000-e700a000 r--s 02bdc000 08:05 6307490                            /home/wintson/Desktop/Aegis/jxbrowser-6.13-cross-desktop-win_mac_linux/lib/jxbrowser-linux64-6.13.jar
e700a000-e700b000 r--s 02c33000 08:05 6307477                            /home/wintson/Desktop/Aegis/jxbrowser-6.13-cross-desktop-win_mac_linux/lib/jxbrowser-linux32-6.13.jar
e700b000-e700c000 r--s 0222b000 08:05 6307493                            /home/wintson/Desktop/Aegis/jxbrowser-6.13-cross-desktop-win_mac_linux/lib/jxbrowser-win32-6.13.jar
e700c000-e700d000 r--s 0571c000 08:05 6307492                            /home/wintson/Desktop/Aegis/jxbrowser-6.13-cross-desktop-win_mac_linux/lib/jxbrowser-mac-6.13.jar
e700d000-e702b000 r--s 000e8000 08:05 6304971                            /home/wintson/Desktop/Aegis/jxbrowser-6.13-cross-desktop-win_mac_linux/lib/jxbrowser-6.13.jar
e702b000-e703e000 r--s 00345000 08:05 5399514                            /home/wintson/jdk1.8.0_121/jre/lib/resources.jar
e703e000-e703f000 ---p 00000000 00:00 0 
e703f000-e70bf000 rw-p 00000000 00:00 0 
e70bf000-e70c0000 ---p 00000000 00:00 0 
e70c0000-e7165000 rw-p 00000000 00:00 0 
e7165000-e7500000 ---p 00000000 00:00 0 
e7500000-e7e40000 rwxp 00000000 00:00 0 
e7e40000-f6500000 ---p 00000000 00:00 0 
f6500000-f65fc000 rw-p 00000000 00:00 0 
f65fc000-f6600000 ---p 00000000 00:00 0 
f6600000-f6601000 r--s 00000000 08:05 6307494                            /home/wintson/Desktop/Aegis/jxbrowser-6.13-cross-desktop-win_mac_linux/lib/licence.jar
f6601000-f6613000 r--s 000d6000 08:05 5399323                            /home/wintson/jdk1.8.0_121/jre/lib/plugin.jar
f6613000-f6617000 r--s 0009a000 08:05 5399524                            /home/wintson/jdk1.8.0_121/jre/lib/jsse.jar
f6617000-f6619000 r--s 00007000 08:05 5399409                            /home/wintson/jdk1.8.0_121/jre/lib/jfxswt.jar
f6619000-f661e000 r--s 00084000 08:05 5399336                            /home/wintson/jdk1.8.0_121/jre/lib/jfr.jar
f661e000-f6628000 r--s 0006c000 08:05 5399483                            /home/wintson/jdk1.8.0_121/jre/lib/javaws.jar
f6628000-f6643000 r--s 00209000 08:05 5399327                            /home/wintson/jdk1.8.0_121/jre/lib/deploy.jar
f6643000-f6648000 r--s 002f9000 08:05 5399488                            /home/wintson/jdk1.8.0_121/jre/lib/charsets.jar
f6648000-f6660000 rw-p 00000000 00:00 0 
f6660000-f666b000 r-xp 00000000 08:05 5516580                            /lib/i386-linux-gnu/libnss_files-2.23.so
f666b000-f666c000 r--p 0000a000 08:05 5516580                            /lib/i386-linux-gnu/libnss_files-2.23.so
f666c000-f666d000 rw-p 0000b000 08:05 5516580                            /lib/i386-linux-gnu/libnss_files-2.23.so
f666d000-f6673000 rw-p 00000000 00:00 0 
f6673000-f668a000 r-xp 00000000 08:05 5516573                            /lib/i386-linux-gnu/libnsl-2.23.so
f668a000-f668b000 r--p 00016000 08:05 5516573                            /lib/i386-linux-gnu/libnsl-2.23.so
f668b000-f668c000 rw-p 00017000 08:05 5516573                            /lib/i386-linux-gnu/libnsl-2.23.so
f668c000-f668e000 rw-p 00000000 00:00 0 
f668e000-f668f000 r--s 00000000 08:05 5399481                            /home/wintson/jdk1.8.0_121/jre/lib/management-agent.jar
f668f000-f6692000 r--s 0001a000 08:05 5399480                            /home/wintson/jdk1.8.0_121/jre/lib/jce.jar
f6692000-f66ab000 r-xp 00000000 08:05 5399476                            /home/wintson/jdk1.8.0_121/jre/lib/i386/libzip.so
f66ab000-f66ac000 rw-p 00019000 08:05 5399476                            /home/wintson/jdk1.8.0_121/jre/lib/i386/libzip.so
f66ac000-f66b4000 rw-s 00000000 08:05 2234566                            /tmp/hsperfdata_wintson/26247
f66b4000-f66d8000 r-xp 00000000 08:05 5399471                            /home/wintson/jdk1.8.0_121/jre/lib/i386/libjava.so
f66d8000-f66d9000 rw-p 00024000 08:05 5399471                            /home/wintson/jdk1.8.0_121/jre/lib/i386/libjava.so
f66d9000-f66e0000 r-xp 00000000 08:05 5516551                            /lib/i386-linux-gnu/librt-2.23.so
f66e0000-f66e1000 r--p 00006000 08:05 5516551                            /lib/i386-linux-gnu/librt-2.23.so
f66e1000-f66e2000 rw-p 00007000 08:05 5516551                            /lib/i386-linux-gnu/librt-2.23.so
f66e2000-f66e5000 ---p 00000000 00:00 0 
f66e5000-f6733000 rw-p 00000000 00:00 0 
f6733000-f6786000 r-xp 00000000 08:05 5516569                            /lib/i386-linux-gnu/libm-2.23.so
f6786000-f6787000 r--p 00052000 08:05 5516569                            /lib/i386-linux-gnu/libm-2.23.so
f6787000-f6788000 rw-p 00053000 08:05 5516569                            /lib/i386-linux-gnu/libm-2.23.so
f6788000-f7114000 r-xp 00000000 08:05 5399457                            /home/wintson/jdk1.8.0_121/jre/lib/i386/server/libjvm.so
f7114000-f7181000 rw-p 0098c000 08:05 5399457                            /home/wintson/jdk1.8.0_121/jre/lib/i386/server/libjvm.so
f7181000-f75aa000 rw-p 00000000 00:00 0 
f75aa000-f7759000 r-xp 00000000 08:05 5516559                            /lib/i386-linux-gnu/libc-2.23.so
f7759000-f775a000 ---p 001af000 08:05 5516559                            /lib/i386-linux-gnu/libc-2.23.so
f775a000-f775c000 r--p 001af000 08:05 5516559                            /lib/i386-linux-gnu/libc-2.23.so
f775c000-f775d000 rw-p 001b1000 08:05 5516559                            /lib/i386-linux-gnu/libc-2.23.so
f775d000-f7760000 rw-p 00000000 00:00 0 
f7760000-f7763000 r-xp 00000000 08:05 5516557                            /lib/i386-linux-gnu/libdl-2.23.so
f7763000-f7764000 r--p 00002000 08:05 5516557                            /lib/i386-linux-gnu/libdl-2.23.so
f7764000-f7765000 rw-p 00003000 08:05 5516557                            /lib/i386-linux-gnu/libdl-2.23.so
f7765000-f7779000 r-xp 00000000 08:05 5398041                            /home/wintson/jdk1.8.0_121/lib/i386/jli/libjli.so
f7779000-f777a000 rw-p 00014000 08:05 5398041                            /home/wintson/jdk1.8.0_121/lib/i386/jli/libjli.so
f777a000-f7793000 r-xp 00000000 08:05 5516571                            /lib/i386-linux-gnu/libpthread-2.23.so
f7793000-f7794000 r--p 00018000 08:05 5516571                            /lib/i386-linux-gnu/libpthread-2.23.so
f7794000-f7795000 rw-p 00019000 08:05 5516571                            /lib/i386-linux-gnu/libpthread-2.23.so
f7795000-f7797000 rw-p 00000000 00:00 0 
f7797000-f7798000 r--p 002d4000 08:05 2633915                            /usr/lib/locale/locale-archive
f7798000-f77a3000 r-xp 00000000 08:05 5516553                            /lib/i386-linux-gnu/libnss_nis-2.23.so
f77a3000-f77a4000 r--p 0000a000 08:05 5516553                            /lib/i386-linux-gnu/libnss_nis-2.23.so
f77a4000-f77a5000 rw-p 0000b000 08:05 5516553                            /lib/i386-linux-gnu/libnss_nis-2.23.so
f77a5000-f77ad000 r-xp 00000000 08:05 5516575                            /lib/i386-linux-gnu/libnss_compat-2.23.so
f77ad000-f77ae000 r--p 00007000 08:05 5516575                            /lib/i386-linux-gnu/libnss_compat-2.23.so
f77ae000-f77af000 rw-p 00008000 08:05 5516575                            /lib/i386-linux-gnu/libnss_compat-2.23.so
f77af000-f77b0000 rw-p 00000000 00:00 0 
f77b0000-f77b1000 r--p 00000000 00:00 0 
f77b1000-f77bc000 r-xp 00000000 08:05 5399423                            /home/wintson/jdk1.8.0_121/jre/lib/i386/libverify.so
f77bc000-f77bd000 rw-p 0000b000 08:05 5399423                            /home/wintson/jdk1.8.0_121/jre/lib/i386/libverify.so
f77bd000-f77bf000 rw-p 00000000 00:00 0 
f77bf000-f77c1000 r--p 00000000 00:00 0                                  [vvar]
f77c1000-f77c2000 r-xp 00000000 00:00 0                                  [vdso]
f77c2000-f77e4000 r-xp 00000000 08:05 5516539                            /lib/i386-linux-gnu/ld-2.23.so
f77e4000-f77e5000 rw-p 00000000 00:00 0 
f77e5000-f77e6000 r--p 00022000 08:05 5516539                            /lib/i386-linux-gnu/ld-2.23.so
f77e6000-f77e7000 rw-p 00023000 08:05 5516539                            /lib/i386-linux-gnu/ld-2.23.so
ff8b9000-ff8ba000 rwxp 00000000 00:00 0 
ff8ec000-ff90d000 rw-p 00000000 00:00 0                                  [stack]

VM Arguments:
jvm_args: -Didea.launcher.port=7533 -Didea.launcher.bin.path=/home/wintson/idea-IC-163.12024.16/bin -Dfile.encoding=UTF-8 
java_command: com.intellij.rt.execution.application.AppMain windows.Main
java_class_path (initial): /home/wintson/jdk1.8.0_121/jre/lib/charsets.jar:/home/wintson/jdk1.8.0_121/jre/lib/deploy.jar:/home/wintson/jdk1.8.0_121/jre/lib/ext/cldrdata.jar:/home/wintson/jdk1.8.0_121/jre/lib/ext/dnsns.jar:/home/wintson/jdk1.8.0_121/jre/lib/ext/jaccess.jar:/home/wintson/jdk1.8.0_121/jre/lib/ext/jfxrt.jar:/home/wintson/jdk1.8.0_121/jre/lib/ext/localedata.jar:/home/wintson/jdk1.8.0_121/jre/lib/ext/nashorn.jar:/home/wintson/jdk1.8.0_121/jre/lib/ext/sunec.jar:/home/wintson/jdk1.8.0_121/jre/lib/ext/sunjce_provider.jar:/home/wintson/jdk1.8.0_121/jre/lib/ext/sunpkcs11.jar:/home/wintson/jdk1.8.0_121/jre/lib/ext/zipfs.jar:/home/wintson/jdk1.8.0_121/jre/lib/javaws.jar:/home/wintson/jdk1.8.0_121/jre/lib/jce.jar:/home/wintson/jdk1.8.0_121/jre/lib/jfr.jar:/home/wintson/jdk1.8.0_121/jre/lib/jfxswt.jar:/home/wintson/jdk1.8.0_121/jre/lib/jsse.jar:/home/wintson/jdk1.8.0_121/jre/lib/management-agent.jar:/home/wintson/jdk1.8.0_121/jre/lib/plugin.jar:/home/wintson/jdk1.8.0_121/jre/lib/resources.jar:/home/wintson/jdk1.8.0_121/jre/lib/rt.jar:/home/wintson/Desktop/Aegis/out/production/Aegis:/home/wintson/Desktop/Aegis/jxbrowser-6.13-cross-desktop-win_mac_linux/lib/licence.jar:/home/wintson/Desktop/Aegis/jxbrowser-6.13-cross-desktop-win_mac_linux/lib/jxbrowser-6.13.jar:/home/wintson/Desktop/Aegis/jxbrowser-6.13-cross-desktop-win_mac_linux/lib/jxbrowser-mac-6.13.jar:/home/wintson/Desktop/Aegis/jxbrowser-6.13-cross-desktop-win_mac_linux/lib/jxbrowser-win32-6.13.jar:/home/wintson/Desktop/Aegis/jxbrowser-6.13-cross-desktop-win_mac_linux/lib/jxbrowser-linux32-6.13.jar:/home/wintson/Desktop/Aegis/jxbrowser-6.13-cross-desktop-win_mac_linux/lib/jxbrowser-linux64-6.13.jar:/home/wintson/idea-IC-163.12024.16/lib/idea_rt.jar
Launcher Type: SUN_STANDARD

Environment Variables:
PATH=/usr/local/sbin:/usr/local/bin:/usr/sbin:/usr/bin:/sbin:/bin:/usr/games:/usr/local/games
USERNAME=wintson
LD_LIBRARY_PATH=/home/wintson/idea-IC-163.12024.16/bin:
SHELL=/bin/bash
DISPLAY=:0.0

Signal Handlers:
SIGSEGV: [libjvm.so+0x8d74d0], sa_mask[0]=11111111011111111101111111111110, sa_flags=SA_RESTART|SA_SIGINFO
SIGBUS: [libjvm.so+0x8d74d0], sa_mask[0]=11111111011111111101111111111110, sa_flags=SA_RESTART|SA_SIGINFO
SIGFPE: [libjvm.so+0x7542e0], sa_mask[0]=11111111011111111101111111111110, sa_flags=SA_RESTART|SA_SIGINFO
SIGPIPE: SIG_IGN, sa_mask[0]=00000000000010000000000000000000, sa_flags=SA_RESTART
SIGXFSZ: [libjvm.so+0x7542e0], sa_mask[0]=11111111011111111101111111111110, sa_flags=SA_RESTART|SA_SIGINFO
SIGILL: [libjvm.so+0x7542e0], sa_mask[0]=11111111011111111101111111111110, sa_flags=SA_RESTART|SA_SIGINFO
SIGUSR1: SIG_DFL, sa_mask[0]=00000000000000000000000000000000, sa_flags=none
SIGUSR2: [libjvm.so+0x755b70], sa_mask[0]=00100000000000000000000000000000, sa_flags=SA_RESTART|SA_SIGINFO
SIGHUP: [libjvm.so+0x757020], sa_mask[0]=11111111011111111101111111111110, sa_flags=SA_RESTART|SA_SIGINFO
SIGINT: [libjvm.so+0x757020], sa_mask[0]=11111111011111111101111111111110, sa_flags=SA_RESTART|SA_SIGINFO
SIGTERM: [libjvm.so+0x757020], sa_mask[0]=11111111011111111101111111111110, sa_flags=SA_RESTART|SA_SIGINFO
SIGQUIT: [libjvm.so+0x757020], sa_mask[0]=11111111011111111101111111111110, sa_flags=SA_RESTART|SA_SIGINFO


---------------  S Y S T E M  ---------------

OS:DISTRIB_ID=LinuxMint
DISTRIB_RELEASE=18
DISTRIB_CODENAME=sarah
DISTRIB_DESCRIPTION="Linux Mint 18 Sarah"

uname:Linux 4.4.0-21-generic #37-Ubuntu SMP Mon Apr 18 18:33:37 UTC 2016 x86_64
libc:glibc 2.23 NPTL 2.23 
rlimit: STACK 8192k, CORE 0k, NPROC 23156, NOFILE 65536, AS infinity
load average:0,86 0,32 0,25

/proc/meminfo:
MemTotal:        5970564 kB
MemFree:          180460 kB
MemAvailable:    1668576 kB
Buffers:           61252 kB
Cached:          1366204 kB
SwapCached:        10572 kB
Active:          3690936 kB
Inactive:        1642296 kB
Active(anon):    3070568 kB
Inactive(anon):   948284 kB
Active(file):     620368 kB
Inactive(file):   694012 kB
Unevictable:          16 kB
Mlocked:              16 kB
SwapTotal:      29295612 kB
SwapFree:       29096388 kB
Dirty:             13192 kB
Writeback:             0 kB
AnonPages:       3899552 kB
Mapped:           538500 kB
Shmem:            113076 kB
Slab:             256240 kB
SReclaimable:     210000 kB
SUnreclaim:        46240 kB
KernelStack:       15600 kB
PageTables:        45948 kB
NFS_Unstable:          0 kB
Bounce:                0 kB
WritebackTmp:          0 kB
CommitLimit:    32280892 kB
Committed_AS:   11000808 kB
VmallocTotal:   34359738367 kB
VmallocUsed:           0 kB
VmallocChunk:          0 kB
HardwareCorrupted:     0 kB
AnonHugePages:   2318336 kB
CmaTotal:              0 kB
CmaFree:               0 kB
HugePages_Total:       0
HugePages_Free:        0
HugePages_Rsvd:        0
HugePages_Surp:        0
Hugepagesize:       2048 kB
DirectMap4k:      541644 kB
DirectMap2M:     5609472 kB


CPU:total 4 (2 cores per cpu, 2 threads per core) family 6 model 37 stepping 5, cmov, cx8, fxsr, mmx, sse, sse2, sse3, ssse3, sse4.1, sse4.2, popcnt, ht, tsc, tscinvbit

/proc/cpuinfo:
processor	: 0
vendor_id	: GenuineIntel
cpu family	: 6
model		: 37
model name	: Intel(R) Core(TM) i5 CPU       M 450  @ 2.40GHz
stepping	: 5
microcode	: 0x2
cpu MHz		: 2395.000
cache size	: 3072 KB
physical id	: 0
siblings	: 4
core id		: 0
cpu cores	: 2
apicid		: 0
initial apicid	: 0
fpu		: yes
fpu_exception	: yes
cpuid level	: 11
wp		: yes
flags		: fpu vme de pse tsc msr pae mce cx8 apic sep mtrr pge mca cmov pat pse36 clflush dts acpi mmx fxsr sse sse2 ss ht tm pbe syscall nx rdtscp lm constant_tsc arch_perfmon pebs bts rep_good nopl xtopology nonstop_tsc aperfmperf pni dtes64 monitor ds_cpl vmx est tm2 ssse3 cx16 xtpr pdcm pcid sse4_1 sse4_2 popcnt lahf_lm tpr_shadow vnmi flexpriority ept vpid dtherm ida arat
bugs		:
bogomips	: 4800.14
clflush size	: 64
cache_alignment	: 64
address sizes	: 36 bits physical, 48 bits virtual
power management:

processor	: 1
vendor_id	: GenuineIntel
cpu family	: 6
model		: 37
model name	: Intel(R) Core(TM) i5 CPU       M 450  @ 2.40GHz
stepping	: 5
microcode	: 0x2
cpu MHz		: 1197.000
cache size	: 3072 KB
physical id	: 0
siblings	: 4
core id		: 2
cpu cores	: 2
apicid		: 4
initial apicid	: 4
fpu		: yes
fpu_exception	: yes
cpuid level	: 11
wp		: yes
flags		: fpu vme de pse tsc msr pae mce cx8 apic sep mtrr pge mca cmov pat pse36 clflush dts acpi mmx fxsr sse sse2 ss ht tm pbe syscall nx rdtscp lm constant_tsc arch_perfmon pebs bts rep_good nopl xtopology nonstop_tsc aperfmperf pni dtes64 monitor ds_cpl vmx est tm2 ssse3 cx16 xtpr pdcm pcid sse4_1 sse4_2 popcnt lahf_lm tpr_shadow vnmi flexpriority ept vpid dtherm ida arat
bugs		:
bogomips	: 4800.14
clflush size	: 64
cache_alignment	: 64
address sizes	: 36 bits physical, 48 bits virtual
power management:

processor	: 2
vendor_id	: GenuineIntel
cpu family	: 6
model		: 37
model name	: Intel(R) Core(TM) i5 CPU       M 450  @ 2.40GHz
stepping	: 5
microcode	: 0x2
cpu MHz		: 1197.000
cache size	: 3072 KB
physical id	: 0
siblings	: 4
core id		: 0
cpu cores	: 2
apicid		: 1
initial apicid	: 1
fpu		: yes
fpu_exception	: yes
cpuid level	: 11
wp		: yes
flags		: fpu vme de pse tsc msr pae mce cx8 apic sep mtrr pge mca cmov pat pse36 clflush dts acpi mmx fxsr sse sse2 ss ht tm pbe syscall nx rdtscp lm constant_tsc arch_perfmon pebs bts rep_good nopl xtopology nonstop_tsc aperfmperf pni dtes64 monitor ds_cpl vmx est tm2 ssse3 cx16 xtpr pdcm pcid sse4_1 sse4_2 popcnt lahf_lm tpr_shadow vnmi flexpriority ept vpid dtherm ida arat
bugs		:
bogomips	: 4800.14
clflush size	: 64
cache_alignment	: 64
address sizes	: 36 bits physical, 48 bits virtual
power management:

processor	: 3
vendor_id	: GenuineIntel
cpu family	: 6
model		: 37
model name	: Intel(R) Core(TM) i5 CPU       M 450  @ 2.40GHz
stepping	: 5
microcode	: 0x2
cpu MHz		: 1197.000
cache size	: 3072 KB
physical id	: 0
siblings	: 4
core id		: 2
cpu cores	: 2
apicid		: 5
initial apicid	: 5
fpu		: yes
fpu_exception	: yes
cpuid level	: 11
wp		: yes
flags		: fpu vme de pse tsc msr pae mce cx8 apic sep mtrr pge mca cmov pat pse36 clflush dts acpi mmx fxsr sse sse2 ss ht tm pbe syscall nx rdtscp lm constant_tsc arch_perfmon pebs bts rep_good nopl xtopology nonstop_tsc aperfmperf pni dtes64 monitor ds_cpl vmx est tm2 ssse3 cx16 xtpr pdcm pcid sse4_1 sse4_2 popcnt lahf_lm tpr_shadow vnmi flexpriority ept vpid dtherm ida arat
bugs		:
bogomips	: 4800.14
clflush size	: 64
cache_alignment	: 64
address sizes	: 36 bits physical, 48 bits virtual
power management:



Memory: 4k page, physical 5970564k(180460k free), swap 29295612k(29096388k free)

vm_info: Java HotSpot(TM) Server VM (25.121-b13) for linux-x86 JRE (1.8.0_121-b13), built on Dec 12 2016 16:06:09 by "java_re" with gcc 4.3.0 20080428 (Red Hat 4.3.0-8)

time: Sun Apr 16 21:11:34 2017
elapsed time: 11 seconds (0d 0h 0m 11s)

