#
# A fatal error has been detected by the Java Runtime Environment:
#
#  SIGSEGV (0xb) at pc=0xf6cc917f, pid=12493, tid=0x9d952b40
#
# JRE version: Java(TM) SE Runtime Environment (8.0_121-b13) (build 1.8.0_121-b13)
# Java VM: Java HotSpot(TM) Server VM (25.121-b13 mixed mode linux-x86 )
# Problematic frame:
# V  [libjvm.so+0x54217f]  jni_invoke_nonstatic(JNIEnv_*, JavaValue*, _jobject*, JNICallType, _jmethodID*, JNI_ArgumentPusher*, Thread*)+0x2f
#
# Failed to write core dump. Core dumps have been disabled. To enable core dumping, try "ulimit -c unlimited" before starting Java again
#
# If you would like to submit a bug report, please visit:
#   http://bugreport.java.com/bugreport/crash.jsp
#

---------------  T H R E A D  ---------------

Current thread (0x09424400):  JavaThread "JavaFX Application Thread" [_thread_in_vm, id=12519, stack(0x9d902000,0x9d953000)]

siginfo: si_signo: 11 (SIGSEGV), si_code: 1 (SEGV_MAPERR), si_addr: 0x69746163

Registers:
EAX=0x69746163, EBX=0xf7163268, ECX=0xf7163268, EDX=0x9d9502f8
ESP=0x9d950180, EBP=0x9d950298, ESI=0x9d9502cc, EDI=0x09424400
EIP=0xf6cc917f, EFLAGS=0x00010206, CR2=0x69746163

Top of Stack: (sp=0x9d950180)
0x9d950180:   09424804 f715ade8 9d95024c 9d950208
0x9d950190:   a426ea98 9d9502f8 09424538 f6ce5e20
0x9d9501a0:   a426ea98 00050024 a3944ce8 a3944d30
0x9d9501b0:   a39450dc 09423f30 000003ec 09424728
0x9d9501c0:   a426ea98 9d9502c0 093ea4e0 a21525c8
0x9d9501d0:   093ea4e0 0000000d 09423f70 0000000e
0x9d9501e0:   0000000c 09423f70 0000000c 09423f70
0x9d9501f0:   0000000d 0000000b 09423f70 a2152245 

Instructions: (pc=0xf6cc917f)
0xf6cc915f:   ff ff ff 8b 45 08 e8 00 00 00 00 5b 81 c3 fe a0
0xf6cc916f:   49 00 89 95 fc fe ff ff 85 c0 0f 84 99 09 00 00
0xf6cc917f:   8b 38 85 ff 0f 84 8f 09 00 00 8b 45 18 8b b0 c0
0xf6cc918f:   00 00 00 83 7e 0c fb 0f 87 04 07 00 00 8b 46 0c 

Register to memory mapping:

EAX=0x69746163 is an unknown value
EBX=0xf7163268: <offset 0x9dc268> in /home/wintson/jdk1.8.0_121/jre/lib/i386/server/libjvm.so at 0xf6787000
ECX=0xf7163268: <offset 0x9dc268> in /home/wintson/jdk1.8.0_121/jre/lib/i386/server/libjvm.so at 0xf6787000
EDX=0x9d9502f8 is pointing into the stack for thread: 0x09424400
ESP=0x9d950180 is pointing into the stack for thread: 0x09424400
EBP=0x9d950298 is pointing into the stack for thread: 0x09424400
ESI=0x9d9502cc is pointing into the stack for thread: 0x09424400
EDI=0x09424400 is a thread


Stack: [0x9d902000,0x9d953000],  sp=0x9d950180,  free space=312k
Native frames: (J=compiled Java code, j=interpreted, Vv=VM code, C=native code)
V  [libjvm.so+0x54217f]  jni_invoke_nonstatic(JNIEnv_*, JavaValue*, _jobject*, JNICallType, _jmethodID*, JNI_ArgumentPusher*, Thread*)+0x2f
V  [libjvm.so+0x544fc1]  jni_CallVoidMethodV+0xe1
C  [libglass.so+0xf7ec]  JNIEnv_::CallVoidMethod(_jobject*, _jmethodID*, ...)+0x1c
C  [libglass.so+0x1972c]  WindowContextBase::process_key(_GdkEventKey*)+0x1cc
C  [libglass.so+0x1782a]  WindowContextBase::im_filter_keypress(_GdkEventKey*)+0x1aa
C  [libglass.so+0x17902]  WindowContextBase::filterIME(_GdkEvent*)+0x52
C  [libglass.so+0x1daac]  process_events(_GdkEvent*, void*)+0x21c
C  [libgdk-x11-2.0.so.0+0x53fa9]

Java frames: (J=compiled Java code, j=interpreted, Vv=VM code)
j  com.sun.glass.ui.gtk.GtkApplication.enterNestedEventLoopImpl()V+0
j  com.sun.glass.ui.gtk.GtkApplication._enterNestedEventLoop()Ljava/lang/Object;+15
j  com.sun.glass.ui.Application.enterNestedEventLoop()Ljava/lang/Object;+14
j  com.sun.glass.ui.EventLoop.enter()Ljava/lang/Object;+42
j  com.sun.javafx.tk.quantum.QuantumToolkit.enterNestedEventLoop(Ljava/lang/Object;)Ljava/lang/Object;+107
j  javafx.stage.Stage.showAndWait()V+93
j  windows.AegisMainWindowController$2.handle(Ljavafx/event/ActionEvent;)V+80
j  windows.AegisMainWindowController$2.handle(Ljavafx/event/Event;)V+5
j  com.sun.javafx.event.CompositeEventHandler.dispatchBubblingEvent(Ljavafx/event/Event;)V+51
J 1475 C1 com.sun.javafx.event.EventHandlerManager.dispatchBubblingEvent(Ljavafx/event/Event;)Ljavafx/event/Event; (23 bytes) @ 0xe7882830 [0xe78822e0+0x550]
J 1424 C1 com.sun.javafx.event.BasicEventDispatcher.dispatchEvent(Ljavafx/event/Event;Ljavafx/event/EventDispatchChain;)Ljavafx/event/Event; (44 bytes) @ 0xe7865624 [0xe78653a0+0x284]
J 1412 C1 com.sun.javafx.event.EventDispatchChainImpl.dispatchEvent(Ljavafx/event/Event;)Ljavafx/event/Event; (101 bytes) @ 0xe7861d1c [0xe7861bc0+0x15c]
j  com.sun.javafx.event.EventUtil.fireEventImpl(Ljavafx/event/EventDispatchChain;Ljavafx/event/EventTarget;Ljavafx/event/Event;)Ljavafx/event/Event;+10
j  com.sun.javafx.event.EventUtil.fireEvent(Ljavafx/event/EventTarget;Ljavafx/event/Event;)Ljavafx/event/Event;+37
j  javafx.event.Event.fireEvent(Ljavafx/event/EventTarget;Ljavafx/event/Event;)V+30
j  javafx.scene.control.MenuItem.fire()V+10
j  com.sun.javafx.scene.control.skin.ContextMenuContent$MenuItemContainer.doSelect()V+97
j  com.sun.javafx.scene.control.skin.ContextMenuContent$MenuItemContainer.lambda$createChildren$343(Ljavafx/scene/input/MouseEvent;)V+1
j  com.sun.javafx.scene.control.skin.ContextMenuContent$MenuItemContainer$$Lambda$222.handle(Ljavafx/event/Event;)V+8
j  com.sun.javafx.event.CompositeEventHandler$NormalEventHandlerRecord.handleBubblingEvent(Ljavafx/event/Event;)V+5
j  com.sun.javafx.event.CompositeEventHandler.dispatchBubblingEvent(Ljavafx/event/Event;)V+28
J 1475 C1 com.sun.javafx.event.EventHandlerManager.dispatchBubblingEvent(Ljavafx/event/Event;)Ljavafx/event/Event; (23 bytes) @ 0xe7882830 [0xe78822e0+0x550]
J 1477 C1 com.sun.javafx.event.CompositeEventDispatcher.dispatchBubblingEvent(Ljavafx/event/Event;)Ljavafx/event/Event; (35 bytes) @ 0xe7883278 [0xe7883100+0x178]
J 1424 C1 com.sun.javafx.event.BasicEventDispatcher.dispatchEvent(Ljavafx/event/Event;Ljavafx/event/EventDispatchChain;)Ljavafx/event/Event; (44 bytes) @ 0xe7865624 [0xe78653a0+0x284]
J 1412 C1 com.sun.javafx.event.EventDispatchChainImpl.dispatchEvent(Ljavafx/event/Event;)Ljavafx/event/Event; (101 bytes) @ 0xe7861d1c [0xe7861bc0+0x15c]
J 1424 C1 com.sun.javafx.event.BasicEventDispatcher.dispatchEvent(Ljavafx/event/Event;Ljavafx/event/EventDispatchChain;)Ljavafx/event/Event; (44 bytes) @ 0xe7865570 [0xe78653a0+0x1d0]
J 1412 C1 com.sun.javafx.event.EventDispatchChainImpl.dispatchEvent(Ljavafx/event/Event;)Ljavafx/event/Event; (101 bytes) @ 0xe7861d1c [0xe7861bc0+0x15c]
J 1424 C1 com.sun.javafx.event.BasicEventDispatcher.dispatchEvent(Ljavafx/event/Event;Ljavafx/event/EventDispatchChain;)Ljavafx/event/Event; (44 bytes) @ 0xe7865570 [0xe78653a0+0x1d0]
J 1412 C1 com.sun.javafx.event.EventDispatchChainImpl.dispatchEvent(Ljavafx/event/Event;)Ljavafx/event/Event; (101 bytes) @ 0xe7861d1c [0xe7861bc0+0x15c]
J 1424 C1 com.sun.javafx.event.BasicEventDispatcher.dispatchEvent(Ljavafx/event/Event;Ljavafx/event/EventDispatchChain;)Ljavafx/event/Event; (44 bytes) @ 0xe7865570 [0xe78653a0+0x1d0]
J 1412 C1 com.sun.javafx.event.EventDispatchChainImpl.dispatchEvent(Ljavafx/event/Event;)Ljavafx/event/Event; (101 bytes) @ 0xe7861d1c [0xe7861bc0+0x15c]
j  com.sun.javafx.event.EventUtil.fireEventImpl(Ljavafx/event/EventDispatchChain;Ljavafx/event/EventTarget;Ljavafx/event/Event;)Ljavafx/event/Event;+10
j  com.sun.javafx.event.EventUtil.fireEvent(Ljavafx/event/EventTarget;Ljavafx/event/Event;)Ljavafx/event/Event;+46
j  javafx.event.Event.fireEvent(Ljavafx/event/EventTarget;Ljavafx/event/Event;)V+30
j  javafx.scene.Scene$MouseHandler.process(Ljavafx/scene/input/MouseEvent;Z)V+491
j  javafx.scene.Scene$MouseHandler.access$1500(Ljavafx/scene/Scene$MouseHandler;Ljavafx/scene/input/MouseEvent;Z)V+3
j  javafx.scene.Scene.impl_processMouseEvent(Ljavafx/scene/input/MouseEvent;)V+6
j  javafx.scene.Scene$ScenePeerListener.mouseEvent(Ljavafx/event/EventType;DDDDLjavafx/scene/input/MouseButton;ZZZZZZZZZ)V+46
j  com.sun.javafx.tk.quantum.GlassViewEventHandler$MouseEventNotification.run()Ljava/lang/Void;+514
j  com.sun.javafx.tk.quantum.GlassViewEventHandler$MouseEventNotification.run()Ljava/lang/Object;+1
v  ~StubRoutines::call_stub
J 1619  java.security.AccessController.doPrivileged(Ljava/security/PrivilegedAction;Ljava/security/AccessControlContext;)Ljava/lang/Object; (0 bytes) @ 0xe78ba408 [0xe78ba3a0+0x68]
j  com.sun.javafx.tk.quantum.GlassViewEventHandler.lambda$handleMouseEvent$354()Ljava/lang/Void;+11
j  com.sun.javafx.tk.quantum.GlassViewEventHandler$$Lambda$196.get()Ljava/lang/Object;+4
j  com.sun.javafx.tk.quantum.QuantumToolkit.runWithoutRenderLock(Ljava/util/function/Supplier;)Ljava/lang/Object;+18
j  com.sun.javafx.tk.quantum.GlassViewEventHandler.handleMouseEvent(Lcom/sun/glass/ui/View;JIIIIIIIZZ)V+103
j  com.sun.glass.ui.View.handleMouseEvent(JIIIIIIIZZ)V+30
j  com.sun.glass.ui.View.notifyMouse(IIIIIIIZZ)V+181
v  ~StubRoutines::call_stub
j  com.sun.glass.ui.gtk.GtkApplication._runLoop(Ljava/lang/Runnable;Z)V+0
j  com.sun.glass.ui.gtk.GtkApplication.lambda$null$49(Ljava/lang/Runnable;Z)V+7
j  com.sun.glass.ui.gtk.GtkApplication$$Lambda$43.run()V+12
j  java.lang.Thread.run()V+11
v  ~StubRoutines::call_stub

---------------  P R O C E S S  ---------------

Java Threads: ( => current thread )
  0x9cf68800 JavaThread "Prism Font Disposer" daemon [_thread_blocked, id=12525, stack(0x9cdf6000,0x9ce47000)]
=>0x09424400 JavaThread "JavaFX Application Thread" [_thread_in_vm, id=12519, stack(0x9d902000,0x9d953000)]
  0x09421800 JavaThread "Thread-2" daemon [_thread_blocked, id=12518, stack(0x9d953000,0x9d9a4000)]
  0x093c8800 JavaThread "QuantumRenderer-0" daemon [_thread_blocked, id=12516, stack(0xa2e08000,0xa2e59000)]
  0xa31a4800 JavaThread "JavaFX-Launcher" [_thread_blocked, id=12515, stack(0xa2e59000,0xa2eaa000)]
  0xa313c000 JavaThread "Monitor Ctrl-Break" daemon [_thread_in_native, id=12514, stack(0xa3228000,0xa3279000)]
  0xa3baac00 JavaThread "Service Thread" daemon [_thread_blocked, id=12512, stack(0xa32fa000,0xa334b000)]
  0xa3ba8000 JavaThread "C1 CompilerThread2" daemon [_thread_blocked, id=12511, stack(0xa334b000,0xa33cc000)]
  0xa3ba6800 JavaThread "C2 CompilerThread1" daemon [_thread_blocked, id=12510, stack(0xa33cc000,0xa344d000)]
  0xa3ba4800 JavaThread "C2 CompilerThread0" daemon [_thread_blocked, id=12509, stack(0xa344d000,0xa34ce000)]
  0xa3ba3000 JavaThread "Signal Dispatcher" daemon [_thread_blocked, id=12508, stack(0xa3a0d000,0xa3a5e000)]
  0xa3b88400 JavaThread "Finalizer" daemon [_thread_blocked, id=12507, stack(0xa3a5e000,0xa3aaf000)]
  0xa3b85800 JavaThread "Reference Handler" daemon [_thread_blocked, id=12505, stack(0xa3aaf000,0xa3b00000)]
  0xf6508400 JavaThread "main" [_thread_blocked, id=12494, stack(0xf66e1000,0xf6732000)]

Other Threads:
  0xa3b81000 VMThread [stack: 0xa3c0b000,0xa3c8c000] [id=12503]
  0xa3bae000 WatcherThread [stack: 0xa3279000,0xa32fa000] [id=12513]

VM state:not at safepoint (normal execution)

VM Mutex/Monitor currently owned by a thread: None

Heap:
 PSYoungGen      total 19200K, used 9168K [0xd1ac0000, 0xd3000000, 0xe7000000)
  eden space 16640K, 39% used [0xd1ac0000,0xd2135210,0xd2b00000)
  from space 2560K, 99% used [0xd2d80000,0xd2fff0f8,0xd3000000)
  to   space 2560K, 0% used [0xd2b00000,0xd2b00000,0xd2d80000)
 ParOldGen       total 43776K, used 4053K [0xa7000000, 0xa9ac0000, 0xd1ac0000)
  object space 43776K, 9% used [0xa7000000,0xa73f57d0,0xa9ac0000)
 Metaspace       used 11423K, capacity 12040K, committed 12056K, reserved 12592K

Card table byte_map: [0xa6dff000,0xa7000000] byte_map_base: 0xa68c7000

Marking Bits: (ParMarkBitMap*) 0xf71938c0
 Begin Bits: [0xa4700000, 0xa5700000)
 End Bits:   [0xa5700000, 0xa6700000)

Polling page: 0xf77af000

CodeCache: size=245760Kb used=4673Kb max_used=4673Kb free=241086Kb
 bounds [0xe7500000, 0xe7998000, 0xf6500000]
 total_blobs=2477 nmethods=2073 adapters=318
 compilation: enabled

Compilation events (10 events):
Event: 6,868 Thread 0xa3ba8000 2070       3       com.sun.javafx.sg.prism.NGRegion::getPlatformPaint (13 bytes)
Event: 6,869 Thread 0xa3ba8000 nmethod 2070 0xe798f288 code [0xe798f3c0, 0xe798f68c]
Event: 6,869 Thread 0xa3ba8000 2071       3       com.sun.prism.es2.ES2Shader::enable (12 bytes)
Event: 6,870 Thread 0xa3ba8000 nmethod 2071 0xe798f808 code [0xe798f940, 0xe798fbec]
Event: 6,870 Thread 0xa3ba8000 2072       3       com.sun.prism.es2.ES2Context::updateShaderProgram (14 bytes)
Event: 6,871 Thread 0xa3ba8000 nmethod 2072 0xe798fd88 code [0xe798fec0, 0xe799010c]
Event: 6,917 Thread 0xa3ba8000 2073   !   3       java.util.concurrent.locks.AbstractQueuedSynchronizer::acquireQueued (93 bytes)
Event: 6,918 Thread 0xa3ba8000 nmethod 2073 0xe7990248 code [0xe7990440, 0xe7990c68]
Event: 7,032 Thread 0xa3ba8000 2074       3       java.lang.Byte::valueOf (10 bytes)
Event: 7,033 Thread 0xa3ba8000 nmethod 2074 0xe79912c8 code [0xe79913e0, 0xe79914c0]

GC Heap History (4 events):
Event: 1,678 GC heap before
{Heap before GC invocations=1 (full 0):
 PSYoungGen      total 19200K, used 16640K [0xd1ac0000, 0xd3000000, 0xe7000000)
  eden space 16640K, 100% used [0xd1ac0000,0xd2b00000,0xd2b00000)
  from space 2560K, 0% used [0xd2d80000,0xd2d80000,0xd3000000)
  to   space 2560K, 0% used [0xd2b00000,0xd2b00000,0xd2d80000)
 ParOldGen       total 43776K, used 0K [0xa7000000, 0xa9ac0000, 0xd1ac0000)
  object space 43776K, 0% used [0xa7000000,0xa7000000,0xa9ac0000)
 Metaspace       used 6785K, capacity 7114K, committed 7192K, reserved 7472K
Event: 1,685 GC heap after
Heap after GC invocations=1 (full 0):
 PSYoungGen      total 19200K, used 2552K [0xd1ac0000, 0xd3000000, 0xe7000000)
  eden space 16640K, 0% used [0xd1ac0000,0xd1ac0000,0xd2b00000)
  from space 2560K, 99% used [0xd2b00000,0xd2d7e080,0xd2d80000)
  to   space 2560K, 0% used [0xd2d80000,0xd2d80000,0xd3000000)
 ParOldGen       total 43776K, used 200K [0xa7000000, 0xa9ac0000, 0xd1ac0000)
  object space 43776K, 0% used [0xa7000000,0xa7032010,0xa9ac0000)
 Metaspace       used 6785K, capacity 7114K, committed 7192K, reserved 7472K
}
Event: 3,661 GC heap before
{Heap before GC invocations=2 (full 0):
 PSYoungGen      total 19200K, used 19192K [0xd1ac0000, 0xd3000000, 0xe7000000)
  eden space 16640K, 100% used [0xd1ac0000,0xd2b00000,0xd2b00000)
  from space 2560K, 99% used [0xd2b00000,0xd2d7e080,0xd2d80000)
  to   space 2560K, 0% used [0xd2d80000,0xd2d80000,0xd3000000)
 ParOldGen       total 43776K, used 200K [0xa7000000, 0xa9ac0000, 0xd1ac0000)
  object space 43776K, 0% used [0xa7000000,0xa7032010,0xa9ac0000)
 Metaspace       used 10417K, capacity 10908K, committed 11032K, reserved 11568K
Event: 3,681 GC heap after
Heap after GC invocations=2 (full 0):
 PSYoungGen      total 19200K, used 2556K [0xd1ac0000, 0xd3000000, 0xe7000000)
  eden space 16640K, 0% used [0xd1ac0000,0xd1ac0000,0xd2b00000)
  from space 2560K, 99% used [0xd2d80000,0xd2fff0f8,0xd3000000)
  to   space 2560K, 0% used [0xd2b00000,0xd2b00000,0xd2d80000)
 ParOldGen       total 43776K, used 4053K [0xa7000000, 0xa9ac0000, 0xd1ac0000)
  object space 43776K, 9% used [0xa7000000,0xa73f57d0,0xa9ac0000)
 Metaspace       used 10417K, capacity 10908K, committed 11032K, reserved 11568K
}

Deoptimization events (10 events):
Event: 4,335 Thread 0x09424400 Uncommon trap: reason=unstable_if action=reinterpret pc=0xe78d1194 method=com.sun.javafx.css.SimpleSelector.applies(Ljavafx/css/Styleable;)Z @ 7
Event: 4,335 Thread 0x09424400 Uncommon trap: reason=unstable_if action=reinterpret pc=0xe787aabc method=com.sun.javafx.css.SimpleSelector.applies(Ljavafx/css/Styleable;)Z @ 7
Event: 4,373 Thread 0x09424400 Uncommon trap: reason=unstable_if action=reinterpret pc=0xe78304b0 method=java.lang.ClassLoader.checkName(Ljava/lang/String;)Z @ 20
Event: 4,390 Thread 0x09424400 Uncommon trap: reason=unstable_if action=reinterpret pc=0xe77d9880 method=com.sun.javafx.css.BitSet.addAll(Ljava/util/Collection;)Z @ 1
Event: 4,394 Thread 0x09424400 Uncommon trap: reason=bimorphic action=maybe_recompile pc=0xe78a6ac0 method=javafx.beans.property.BooleanPropertyBase.get()Z @ 23
Event: 4,394 Thread 0x09424400 Uncommon trap: reason=bimorphic action=maybe_recompile pc=0xe78a6ac0 method=javafx.beans.property.BooleanPropertyBase.get()Z @ 23
Event: 4,405 Thread 0x09424400 Uncommon trap: reason=unstable_if action=reinterpret pc=0xe78bc66c method=com.sun.javafx.css.StyleManager.getStyleMap(Ljavafx/css/Styleable;Ljavafx/scene/SubScene;I)Lcom/sun/javafx/css/StyleMap; @ 2
Event: 4,418 Thread 0x09424400 Uncommon trap: reason=bimorphic action=maybe_recompile pc=0xe78a6ac0 method=javafx.beans.property.BooleanPropertyBase.get()Z @ 23
Event: 4,418 Thread 0x09424400 Uncommon trap: reason=bimorphic action=maybe_recompile pc=0xe78a6ac0 method=javafx.beans.property.BooleanPropertyBase.get()Z @ 23
Event: 4,522 Thread 0x093c8800 Uncommon trap: reason=class_check action=maybe_recompile pc=0xe78bb4bc method=java.util.WeakHashMap.eq(Ljava/lang/Object;Ljava/lang/Object;)Z @ 7

Internal exceptions (10 events):
Event: 0,448 Thread 0xa31a4800 Exception <a 'java/lang/NullPointerException'> (0xd1dc6bb0) thrown at [/HUDSON/workspace/8-2-build-linux-i586/jdk8u121/8372/hotspot/src/share/vm/interpreter/linkResolver.cpp, line 1178]
Event: 1,439 Thread 0x09424400 Exception <a 'java/lang/NullPointerException'> (0xd25d6720) thrown at [/HUDSON/workspace/8-2-build-linux-i586/jdk8u121/8372/hotspot/src/share/vm/interpreter/linkResolver.cpp, line 1178]
Event: 1,439 Thread 0x09424400 Exception <a 'java/lang/NullPointerException'> (0xd25d6720) thrown at [/HUDSON/workspace/8-2-build-linux-i586/jdk8u121/8372/hotspot/src/share/vm/prims/jvm.cpp, line 1394]
Event: 1,666 Thread 0x09424400 Exception <a 'java/lang/ArrayIndexOutOfBoundsException'> (0xd2aef6a8) thrown at [/HUDSON/workspace/8-2-build-linux-i586/jdk8u121/8372/hotspot/src/share/vm/runtime/sharedRuntime.cpp, line 605]
Event: 1,667 Thread 0x09424400 Exception <a 'java/lang/ArrayIndexOutOfBoundsException'> (0xd2af0280) thrown at [/HUDSON/workspace/8-2-build-linux-i586/jdk8u121/8372/hotspot/src/share/vm/runtime/sharedRuntime.cpp, line 605]
Event: 1,667 Thread 0x09424400 Exception <a 'java/lang/ArrayIndexOutOfBoundsException'> (0xd2af13e8) thrown at [/HUDSON/workspace/8-2-build-linux-i586/jdk8u121/8372/hotspot/src/share/vm/runtime/sharedRuntime.cpp, line 605]
Event: 1,677 Thread 0x09424400 Exception <a 'java/lang/ArrayIndexOutOfBoundsException'> (0xd2af9870) thrown at [/HUDSON/workspace/8-2-build-linux-i586/jdk8u121/8372/hotspot/src/share/vm/runtime/sharedRuntime.cpp, line 605]
Event: 1,855 Thread 0x09424400 Implicit null exception at 0xe76d2eff to 0xe76d3085
Event: 4,262 Thread 0x09424400 Exception <a 'java/lang/ArrayIndexOutOfBoundsException'> (0xd1dfb788) thrown at [/HUDSON/workspace/8-2-build-linux-i586/jdk8u121/8372/hotspot/src/share/vm/runtime/sharedRuntime.cpp, line 605]
Event: 4,390 Thread 0x09424400 Implicit null exception at 0xe77d9199 to 0xe77d986d

Events (10 events):
Event: 5,658 loading class com/sun/javafx/scene/input/KeyCodeMap
Event: 5,658 loading class com/sun/javafx/scene/input/KeyCodeMap done
Event: 5,664 loading class com/sun/prism/shape/ShapeRep$InvalidationType
Event: 5,664 loading class com/sun/prism/shape/ShapeRep$InvalidationType done
Event: 7,032 loading class com/sun/prism/GraphicsResource
Event: 7,032 loading class com/sun/prism/GraphicsResource done
Event: 7,032 loading class com/sun/prism/GraphicsResource
Event: 7,032 loading class com/sun/prism/GraphicsResource done
Event: 7,034 loading class com/sun/javafx/scene/KeyboardShortcutsHandler$1
Event: 7,034 loading class com/sun/javafx/scene/KeyboardShortcutsHandler$1 done


Dynamic libraries:
08048000-08049000 r-xp 00000000 08:05 5399248                            /home/wintson/jdk1.8.0_121/bin/java
08049000-0804a000 rw-p 00000000 08:05 5399248                            /home/wintson/jdk1.8.0_121/bin/java
09391000-0943c000 rw-p 00000000 00:00 0                                  [heap]
9bf64000-9c180000 rw-p 00000000 00:00 0 
9c180000-9c200000 ---p 00000000 00:00 0 
9c200000-9c2c9000 rw-p 00000000 00:00 0 
9c2c9000-9c300000 ---p 00000000 00:00 0 
9c300000-9c400000 rw-s 00000000 00:05 52592652                           /SYSV00000000 (deleted)
9c400000-9c4d6000 rw-p 00000000 00:00 0 
9c4d6000-9c500000 ---p 00000000 00:00 0 
9c500000-9c52c000 rw-p 00000000 00:00 0 
9c52c000-9c600000 ---p 00000000 00:00 0 
9c600000-9c700000 rw-p 00000000 00:00 0 
9c700000-9c800000 rw-s 12aa20000 00:06 343                               /dev/dri/card0
9c800000-9c9fd000 rw-p 00000000 00:00 0 
9c9fd000-9ca00000 ---p 00000000 00:00 0 
9ca00000-9cb00000 rw-s 129e72000 00:06 343                               /dev/dri/card0
9cb00000-9cbef000 rw-p 00000000 00:00 0 
9cbef000-9cc00000 ---p 00000000 00:00 0 
9cc28000-9ccdf000 rw-p 00000000 00:00 0 
9ccdf000-9ccef000 rw-s 12b924000 00:06 343                               /dev/dri/card0
9ccf6000-9cdf6000 rw-p 00000000 00:00 0 
9cdf6000-9cdf9000 ---p 00000000 00:00 0 
9cdf9000-9ce47000 rw-p 00000000 00:00 0 
9ce47000-9cf00000 r--p 00000000 08:05 3810976                            /usr/share/fonts/truetype/dejavu/DejaVuSans.ttf
9cf00000-9cffc000 rw-p 00000000 00:00 0 
9cffc000-9d000000 ---p 00000000 00:00 0 
9d002000-9d012000 rw-s 12ab88000 00:06 343                               /dev/dri/card0
9d013000-9d014000 rw-s 12b5ef000 00:06 343                               /dev/dri/card0
9d014000-9d018000 r-xp 00000000 08:05 5399449                            /home/wintson/jdk1.8.0_121/jre/lib/i386/libjavafx_font_pango.so
9d018000-9d019000 rw-p 00003000 08:05 5399449                            /home/wintson/jdk1.8.0_121/jre/lib/i386/libjavafx_font_pango.so
9d019000-9d119000 rw-p 00000000 00:00 0 
9d119000-9d11e000 r--s 00084000 08:05 5399336                            /home/wintson/jdk1.8.0_121/jre/lib/jfr.jar
9d11e000-9d15a000 r-xp 00000000 08:05 2758433                            /usr/lib/i386-linux-gnu/gtk-2.0/2.10.0/engines/libmurrine.so
9d15a000-9d15b000 r--p 0003b000 08:05 2758433                            /usr/lib/i386-linux-gnu/gtk-2.0/2.10.0/engines/libmurrine.so
9d15b000-9d15c000 rw-p 0003c000 08:05 2758433                            /usr/lib/i386-linux-gnu/gtk-2.0/2.10.0/engines/libmurrine.so
9d15c000-9d166000 r-xp 00000000 08:05 2757955                            /usr/lib/i386-linux-gnu/gtk-2.0/2.10.0/engines/libpixmap.so
9d166000-9d167000 r--p 00009000 08:05 2757955                            /usr/lib/i386-linux-gnu/gtk-2.0/2.10.0/engines/libpixmap.so
9d167000-9d168000 rw-p 0000a000 08:05 2757955                            /usr/lib/i386-linux-gnu/gtk-2.0/2.10.0/engines/libpixmap.so
9d168000-9d170000 r--s 00000000 08:05 5799422                            /home/wintson/.cache/fontconfig/945677eb7aeaf62f1d50efc3fb3ec7d8-le32d4.cache-6
9d170000-9d172000 r--s 00000000 08:05 5799421                            /home/wintson/.cache/fontconfig/99e8ed0e538f840c565b6ed5dad60d56-le32d4.cache-6
9d172000-9d176000 r--s 00000000 08:05 5799420                            /home/wintson/.cache/fontconfig/2cd17615ca594fa2959ae173292e504c-le32d4.cache-6
9d176000-9d177000 r--s 00000000 08:05 5799419                            /home/wintson/.cache/fontconfig/0d8c3b2ac0904cb8a57a757ad11a4a08-le32d4.cache-6
9d177000-9d186000 r--s 00000000 08:05 5799418                            /home/wintson/.cache/fontconfig/04aabc0a78ac019cf9454389977116d2-le32d4.cache-6
9d186000-9d187000 r--s 00000000 08:05 5799417                            /home/wintson/.cache/fontconfig/1ac9eb803944fde146138c791f5cc56a-le32d4.cache-6
9d187000-9d18a000 r--s 00000000 08:05 5799416                            /home/wintson/.cache/fontconfig/385c0604a188198f04d133e54aba7fe7-le32d4.cache-6
9d18a000-9d18b000 r--s 00000000 08:05 5799415                            /home/wintson/.cache/fontconfig/dc05db6664285cc2f12bf69c139ae4c3-le32d4.cache-6
9d18b000-9d18c000 r--s 00000000 08:05 5799414                            /home/wintson/.cache/fontconfig/14a5e22175779b556eaa434240950366-le32d4.cache-6
9d18c000-9d18d000 r--s 00000000 08:05 5799413                            /home/wintson/.cache/fontconfig/660208299946a285a940457d1287da33-le32d4.cache-6
9d18d000-9d18e000 r--s 00000000 08:05 5799412                            /home/wintson/.cache/fontconfig/4f3e3037c9980c83b53a9351efadef62-le32d4.cache-6
9d18e000-9d190000 r--s 00000000 08:05 5799411                            /home/wintson/.cache/fontconfig/767a8244fc0220cfb567a839d0392e0b-le32d4.cache-6
9d190000-9d191000 r--s 00000000 08:05 5799410                            /home/wintson/.cache/fontconfig/4794a0821666d79190d59a36cb4f44b5-le32d4.cache-6
9d191000-9d1c0000 r--s 00000000 08:05 5799409                            /home/wintson/.cache/fontconfig/0bd3dc0958fa2205aaaa8ebb13e2872b-le32d4.cache-6
9d1c0000-9d1c4000 r--s 00000000 08:05 5799408                            /home/wintson/.cache/fontconfig/8801497958630a81b71ace7c5f9b32a8-le32d4.cache-6
9d1c4000-9d1c6000 r--s 00000000 08:05 5799407                            /home/wintson/.cache/fontconfig/a015930274ffcd967d2ca1b57da47cc7-le32d4.cache-6
9d1c6000-9d1c7000 r--s 00000000 08:05 5799406                            /home/wintson/.cache/fontconfig/b872e6e592da6075ffa4ab0a1fcc0c75-le32d4.cache-6
9d1c7000-9d1c8000 r--s 00000000 08:05 5799405                            /home/wintson/.cache/fontconfig/f6d4eedfaab2589bde49f7a3ff831d22-le32d4.cache-6
9d1c8000-9d1c9000 r--s 00000000 08:05 5799404                            /home/wintson/.cache/fontconfig/589f83ef4c36d296ce6e1c846f468f08-le32d4.cache-6
9d1c9000-9d1ca000 r--s 00000000 08:05 5799403                            /home/wintson/.cache/fontconfig/bab58bb527bb656aaa9f116d68a48d89-le32d4.cache-6
9d1ca000-9d1cb000 r--s 00000000 08:05 5799402                            /home/wintson/.cache/fontconfig/2171a34dccabdb6bcbbc728186263178-le32d4.cache-6
9d1cb000-9d1cc000 r--s 00000000 08:05 5799401                            /home/wintson/.cache/fontconfig/c5c45a61289222e0d30b1a26ef4effbe-le32d4.cache-6
9d1cc000-9d1cd000 r--s 00000000 08:05 5799400                            /home/wintson/.cache/fontconfig/aec30016f93e1b46d1a973dce0d74068-le32d4.cache-6
9d1cd000-9d1ce000 r--s 00000000 08:05 5799399                            /home/wintson/.cache/fontconfig/3f589640d34b7dc9042c8d453f7c8b9c-le32d4.cache-6
9d1ce000-9d1cf000 r--s 00000000 08:05 5799398                            /home/wintson/.cache/fontconfig/16c2fda60d1b4b719f4b3d06fd951d25-le32d4.cache-6
9d1cf000-9d1d0000 r--s 00000000 08:05 5799397                            /home/wintson/.cache/fontconfig/a48eab177a16e4f3713381162db2f3e9-le32d4.cache-6
9d1d0000-9d1d5000 r--s 00000000 08:05 5799395                            /home/wintson/.cache/fontconfig/3047814df9a2f067bd2d96a2b9c36e5a-le32d4.cache-6
9d1d5000-9d1d9000 r--s 00000000 08:05 5799392                            /home/wintson/.cache/fontconfig/b47c4e1ecd0709278f4910c18777a504-le32d4.cache-6
9d1d9000-9d1e9000 r--s 00000000 08:05 5799391                            /home/wintson/.cache/fontconfig/d52a8644073d54c13679302ca1180695-le32d4.cache-6
9d1e9000-9d1f2000 r--s 00000000 08:05 5799383                            /home/wintson/.cache/fontconfig/d589a48862398ed80a3d6066f4f56f4c-le32d4.cache-6
9d1f2000-9d200000 r--s 00000000 08:05 5799375                            /home/wintson/.cache/fontconfig/9b89f8e3dae116d678bbf48e5f21f69b-le32d4.cache-6
9d200000-9d300000 rw-p 00000000 00:00 0 
9d300000-9d3fb000 rw-p 00000000 00:00 0 
9d3fb000-9d400000 ---p 00000000 00:00 0 
9d400000-9d500000 rw-p 00000000 00:00 0 
9d500000-9d600000 rw-p 00000000 00:00 0 
9d600000-9d700000 rw-p 00000000 00:00 0 
9d700000-9d800000 rw-p 00000000 00:00 0 
9d800000-9d900000 rw-p 00000000 00:00 0 
9d900000-9d901000 r--s 00000000 08:05 5799396                            /home/wintson/.cache/fontconfig/564b2e68ac9bc4e36a6f7f6d6125ec1c-le32d4.cache-6
9d901000-9d902000 r--s 00000000 08:05 5799394                            /home/wintson/.cache/fontconfig/56cf4f4769d0f4abc89a4895d7bd3ae1-le32d4.cache-6
9d902000-9d905000 ---p 00000000 00:00 0 
9d905000-9d953000 rw-p 00000000 00:00 0 
9d953000-9d956000 ---p 00000000 00:00 0 
9d956000-9d9a4000 rw-p 00000000 00:00 0 
9d9a4000-9d9fe000 r-xp 00000000 08:05 2757976                            /usr/lib/i386-linux-gnu/gtk-2.0/modules/libgail.so
9d9fe000-9d9ff000 r--p 00059000 08:05 2757976                            /usr/lib/i386-linux-gnu/gtk-2.0/modules/libgail.so
9d9ff000-9da00000 rw-p 0005a000 08:05 2757976                            /usr/lib/i386-linux-gnu/gtk-2.0/modules/libgail.so
9da00000-9db00000 rw-p 00000000 00:00 0 
9db00000-9db01000 r--s 00000000 08:05 5799393                            /home/wintson/.cache/fontconfig/b9d506c9ac06c20b433354fa67a72993-le32d4.cache-6
9db01000-9db02000 r--s 00000000 08:05 5799390                            /home/wintson/.cache/fontconfig/370e5b74bf5dafc30834de68e24a87a4-le32d4.cache-6
9db02000-9db03000 r--s 00000000 08:05 5799389                            /home/wintson/.cache/fontconfig/6b2c5944714ca7831b25bed9e85cb5c8-le32d4.cache-6
9db03000-9db04000 r--s 00000000 08:05 5799388                            /home/wintson/.cache/fontconfig/d5178ab6d91b49bf20a416737dcea9e8-le32d4.cache-6
9db04000-9db05000 r--s 00000000 08:05 5799387                            /home/wintson/.cache/fontconfig/551ecf3b0e8b0bca0f25c0944f561853-le32d4.cache-6
9db05000-9db07000 r--s 00000000 08:05 5799386                            /home/wintson/.cache/fontconfig/f259c2cffa685e28062317905db73c4a-le32d4.cache-6
9db07000-9db0f000 r-xp 00000000 08:05 2633008                            /usr/lib/i386-linux-gnu/libgailutil.so.18.0.1
9db0f000-9db10000 r--p 00007000 08:05 2633008                            /usr/lib/i386-linux-gnu/libgailutil.so.18.0.1
9db10000-9db11000 rw-p 00008000 08:05 2633008                            /usr/lib/i386-linux-gnu/libgailutil.so.18.0.1
9db11000-9db12000 r--s 00000000 08:05 5799385                            /home/wintson/.cache/fontconfig/550f3886151c940c12a5ed35f6a00586-le32d4.cache-6
9db12000-9db14000 r--s 00000000 08:05 5799384                            /home/wintson/.cache/fontconfig/674d1711f2d1d2a09646eb0bdcadee49-le32d4.cache-6
9db14000-9db15000 r--s 00000000 08:05 5799382                            /home/wintson/.cache/fontconfig/0c9eb80ebd1c36541ebe2852d3bb0c49-le32d4.cache-6
9db15000-9db16000 r--s 00000000 08:05 5799381                            /home/wintson/.cache/fontconfig/22368d551a680bfe5a62c02760edf4ea-le32d4.cache-6
9db16000-9db17000 r--s 00000000 08:05 5799380                            /home/wintson/.cache/fontconfig/4d9c95eba1cb85bbcf2878543262124a-le32d4.cache-6
9db17000-9db1d000 r--s 00000000 08:05 5799374                            /home/wintson/.cache/fontconfig/d0972c3d32f097851eb916381fc38920-le32d4.cache-6
9db1d000-9db21000 r--s 00000000 08:05 5799363                            /home/wintson/.cache/fontconfig/7ef2298fde41cc6eeb7af42e48b7d293-le32d4.cache-6
9db21000-9db26000 r-xp 00000000 08:05 5399462                            /home/wintson/jdk1.8.0_121/jre/lib/i386/libjavafx_font_freetype.so
9db26000-9db27000 rw-p 00004000 08:05 5399462                            /home/wintson/jdk1.8.0_121/jre/lib/i386/libjavafx_font_freetype.so
9db27000-9db2a000 r-xp 00000000 08:05 5399417                            /home/wintson/jdk1.8.0_121/jre/lib/i386/libjavafx_font.so
9db2a000-9db2b000 rw-p 00002000 08:05 5399417                            /home/wintson/jdk1.8.0_121/jre/lib/i386/libjavafx_font.so
9db2b000-9db37000 rw-s 128de5000 00:06 343                               /dev/dri/card0
9db37000-9db6c000 r-xp 00000000 08:05 2633296                            /usr/lib/i386-linux-gnu/libtxc_dxtn_s2tc.so.0.0.0
9db6c000-9db6d000 r--p 00034000 08:05 2633296                            /usr/lib/i386-linux-gnu/libtxc_dxtn_s2tc.so.0.0.0
9db6d000-9db6e000 rw-p 00035000 08:05 2633296                            /usr/lib/i386-linux-gnu/libtxc_dxtn_s2tc.so.0.0.0
9db6e000-9db6f000 ---p 00000000 00:00 0 
9db6f000-9e36f000 rw-p 00000000 00:00 0 
9e36f000-9e389000 r-xp 00000000 08:05 5517096                            /lib/i386-linux-gnu/libbsd.so.0.8.2
9e389000-9e38a000 r--p 00019000 08:05 5517096                            /lib/i386-linux-gnu/libbsd.so.0.8.2
9e38a000-9e38b000 rw-p 0001a000 08:05 5517096                            /lib/i386-linux-gnu/libbsd.so.0.8.2
9e38b000-9e3ab000 r-xp 00000000 08:05 5517175                            /lib/i386-linux-gnu/libtinfo.so.5.9
9e3ab000-9e3ad000 r--p 0001f000 08:05 5517175                            /lib/i386-linux-gnu/libtinfo.so.5.9
9e3ad000-9e3ae000 rw-p 00021000 08:05 5517175                            /lib/i386-linux-gnu/libtinfo.so.5.9
9e3ae000-9e3e0000 r-xp 00000000 08:05 2632984                            /usr/lib/i386-linux-gnu/libedit.so.2.0.53
9e3e0000-9e3e1000 ---p 00032000 08:05 2632984                            /usr/lib/i386-linux-gnu/libedit.so.2.0.53
9e3e1000-9e3e2000 r--p 00032000 08:05 2632984                            /usr/lib/i386-linux-gnu/libedit.so.2.0.53
9e3e2000-9e3e3000 rw-p 00033000 08:05 2632984                            /usr/lib/i386-linux-gnu/libedit.so.2.0.53
9e3e3000-9e3e5000 rw-p 00000000 00:00 0 
9e3e5000-a0d2e000 r-xp 00000000 08:05 2631228                            /usr/lib/i386-linux-gnu/libLLVM-3.8.so.1
a0d2e000-a0d2f000 ---p 02949000 08:05 2631228                            /usr/lib/i386-linux-gnu/libLLVM-3.8.so.1
a0d2f000-a0f1c000 r--p 02949000 08:05 2631228                            /usr/lib/i386-linux-gnu/libLLVM-3.8.so.1
a0f1c000-a0f1d000 rw-p 02b36000 08:05 2631228                            /usr/lib/i386-linux-gnu/libLLVM-3.8.so.1
a0f1d000-a0f3c000 rw-p 00000000 00:00 0 
a0f3c000-a0f56000 r-xp 00000000 08:05 2632985                            /usr/lib/i386-linux-gnu/libelf-0.165.so
a0f56000-a0f57000 r--p 00019000 08:05 2632985                            /usr/lib/i386-linux-gnu/libelf-0.165.so
a0f57000-a0f58000 rw-p 0001a000 08:05 2632985                            /usr/lib/i386-linux-gnu/libelf-0.165.so
a0f58000-a0f61000 r-xp 00000000 08:05 2630920                            /usr/lib/i386-linux-gnu/libdrm_amdgpu.so.1.0.0
a0f61000-a0f62000 r--p 00008000 08:05 2630920                            /usr/lib/i386-linux-gnu/libdrm_amdgpu.so.1.0.0
a0f62000-a0f63000 rw-p 00009000 08:05 2630920                            /usr/lib/i386-linux-gnu/libdrm_amdgpu.so.1.0.0
a0f63000-a0f6f000 r-xp 00000000 08:05 2630932                            /usr/lib/i386-linux-gnu/libdrm_radeon.so.1.0.1
a0f6f000-a0f70000 r--p 0000b000 08:05 2630932                            /usr/lib/i386-linux-gnu/libdrm_radeon.so.1.0.1
a0f70000-a0f71000 rw-p 0000c000 08:05 2630932                            /usr/lib/i386-linux-gnu/libdrm_radeon.so.1.0.1
a0f71000-a0f79000 r-xp 00000000 08:05 2630928                            /usr/lib/i386-linux-gnu/libdrm_nouveau.so.2.0.0
a0f79000-a0f7a000 r--p 00007000 08:05 2630928                            /usr/lib/i386-linux-gnu/libdrm_nouveau.so.2.0.0
a0f7a000-a0f7b000 rw-p 00008000 08:05 2630928                            /usr/lib/i386-linux-gnu/libdrm_nouveau.so.2.0.0
a0f7b000-a18eb000 r-xp 00000000 08:05 2626805                            /usr/lib/i386-linux-gnu/dri/r600_dri.so
a18eb000-a193d000 r--p 0096f000 08:05 2626805                            /usr/lib/i386-linux-gnu/dri/r600_dri.so
a193d000-a1947000 rw-p 009c1000 08:05 2626805                            /usr/lib/i386-linux-gnu/dri/r600_dri.so
a1947000-a1b3b000 rw-p 00000000 00:00 0 
a1b3b000-a1b5a000 r-xp 00000000 08:05 5515791                            /lib/i386-linux-gnu/libudev.so.1.6.4
a1b5a000-a1b5b000 r--p 0001e000 08:05 5515791                            /lib/i386-linux-gnu/libudev.so.1.6.4
a1b5b000-a1b5c000 rw-p 0001f000 08:05 5515791                            /lib/i386-linux-gnu/libudev.so.1.6.4
a1b5c000-a1b63000 r-xp 00000000 08:05 2632968                            /usr/lib/i386-linux-gnu/libdatrie.so.1.3.3
a1b63000-a1b64000 ---p 00007000 08:05 2632968                            /usr/lib/i386-linux-gnu/libdatrie.so.1.3.3
a1b64000-a1b65000 r--p 00007000 08:05 2632968                            /usr/lib/i386-linux-gnu/libdatrie.so.1.3.3
a1b65000-a1b66000 rw-p 00008000 08:05 2632968                            /usr/lib/i386-linux-gnu/libdatrie.so.1.3.3
a1b66000-a1b6b000 r-xp 00000000 08:05 2632894                            /usr/lib/i386-linux-gnu/libXdmcp.so.6.0.0
a1b6b000-a1b6c000 r--p 00004000 08:05 2632894                            /usr/lib/i386-linux-gnu/libXdmcp.so.6.0.0
a1b6c000-a1b6d000 rw-p 00005000 08:05 2632894                            /usr/lib/i386-linux-gnu/libXdmcp.so.6.0.0
a1b6d000-a1b6f000 r-xp 00000000 08:05 2632881                            /usr/lib/i386-linux-gnu/libXau.so.6.0.0
a1b6f000-a1b70000 r--p 00001000 08:05 2632881                            /usr/lib/i386-linux-gnu/libXau.so.6.0.0
a1b70000-a1b71000 rw-p 00002000 08:05 2632881                            /usr/lib/i386-linux-gnu/libXau.so.6.0.0
a1b71000-a1b95000 r-xp 00000000 08:05 2633048                            /usr/lib/i386-linux-gnu/libgraphite2.so.3.0.1
a1b95000-a1b96000 ---p 00024000 08:05 2633048                            /usr/lib/i386-linux-gnu/libgraphite2.so.3.0.1
a1b96000-a1b97000 r--p 00024000 08:05 2633048                            /usr/lib/i386-linux-gnu/libgraphite2.so.3.0.1
a1b97000-a1b98000 rw-p 00025000 08:05 2633048                            /usr/lib/i386-linux-gnu/libgraphite2.so.3.0.1
a1b98000-a1ba8000 r-xp 00000000 08:05 2627192                            /usr/lib/i386-linux-gnu/libdrm.so.2.4.0
a1ba8000-a1ba9000 r--p 0000f000 08:05 2627192                            /usr/lib/i386-linux-gnu/libdrm.so.2.4.0
a1ba9000-a1baa000 rw-p 00010000 08:05 2627192                            /usr/lib/i386-linux-gnu/libdrm.so.2.4.0
a1baa000-a1bae000 r-xp 00000000 08:05 2633321                            /usr/lib/i386-linux-gnu/libxcb-dri2.so.0.0.0
a1bae000-a1baf000 r--p 00003000 08:05 2633321                            /usr/lib/i386-linux-gnu/libxcb-dri2.so.0.0.0
a1baf000-a1bb0000 rw-p 00004000 08:05 2633321                            /usr/lib/i386-linux-gnu/libxcb-dri2.so.0.0.0
a1bb0000-a1bc8000 r-xp 00000000 08:05 2633325                            /usr/lib/i386-linux-gnu/libxcb-glx.so.0.0.0
a1bc8000-a1bc9000 ---p 00018000 08:05 2633325                            /usr/lib/i386-linux-gnu/libxcb-glx.so.0.0.0
a1bc9000-a1bca000 r--p 00018000 08:05 2633325                            /usr/lib/i386-linux-gnu/libxcb-glx.so.0.0.0
a1bca000-a1bcb000 rw-p 00019000 08:05 2633325                            /usr/lib/i386-linux-gnu/libxcb-glx.so.0.0.0
a1bcb000-a1bcc000 r-xp 00000000 08:05 2632877                            /usr/lib/i386-linux-gnu/libX11-xcb.so.1.0.0
a1bcc000-a1bcd000 r--p 00000000 08:05 2632877                            /usr/lib/i386-linux-gnu/libX11-xcb.so.1.0.0
a1bcd000-a1bce000 rw-p 00001000 08:05 2632877                            /usr/lib/i386-linux-gnu/libX11-xcb.so.1.0.0
a1bce000-a1be1000 r-xp 00000000 08:05 2631236                            /usr/lib/i386-linux-gnu/libglapi.so.0.0.0
a1be1000-a1be2000 ---p 00013000 08:05 2631236                            /usr/lib/i386-linux-gnu/libglapi.so.0.0.0
a1be2000-a1be4000 r--p 00013000 08:05 2631236                            /usr/lib/i386-linux-gnu/libglapi.so.0.0.0
a1be4000-a1bea000 rwxp 00015000 08:05 2631236                            /usr/lib/i386-linux-gnu/libglapi.so.0.0.0
a1bea000-a1beb000 r-xp 00000000 08:05 2633339                            /usr/lib/i386-linux-gnu/libxshmfence.so.1.0.0
a1beb000-a1bec000 r--p 00000000 08:05 2633339                            /usr/lib/i386-linux-gnu/libxshmfence.so.1.0.0
a1bec000-a1bed000 rw-p 00001000 08:05 2633339                            /usr/lib/i386-linux-gnu/libxshmfence.so.1.0.0
a1bed000-a1bf2000 r-xp 00000000 08:05 2633333                            /usr/lib/i386-linux-gnu/libxcb-sync.so.1.0.0
a1bf2000-a1bf3000 ---p 00005000 08:05 2633333                            /usr/lib/i386-linux-gnu/libxcb-sync.so.1.0.0
a1bf3000-a1bf4000 r--p 00005000 08:05 2633333                            /usr/lib/i386-linux-gnu/libxcb-sync.so.1.0.0
a1bf4000-a1bf5000 rw-p 00006000 08:05 2633333                            /usr/lib/i386-linux-gnu/libxcb-sync.so.1.0.0
a1bf5000-a1bf7000 r-xp 00000000 08:05 2633327                            /usr/lib/i386-linux-gnu/libxcb-present.so.0.0.0
a1bf7000-a1bf8000 r--p 00001000 08:05 2633327                            /usr/lib/i386-linux-gnu/libxcb-present.so.0.0.0
a1bf8000-a1bf9000 rw-p 00002000 08:05 2633327                            /usr/lib/i386-linux-gnu/libxcb-present.so.0.0.0
a1bf9000-a1bfb000 r-xp 00000000 08:05 2633323                            /usr/lib/i386-linux-gnu/libxcb-dri3.so.0.0.0
a1bfb000-a1bfc000 r--p 00001000 08:05 2633323                            /usr/lib/i386-linux-gnu/libxcb-dri3.so.0.0.0
a1bfc000-a1bfd000 rw-p 00002000 08:05 2633323                            /usr/lib/i386-linux-gnu/libxcb-dri3.so.0.0.0
a1bfd000-a1c70000 r-xp 00000000 08:05 5517155                            /lib/i386-linux-gnu/libpcre.so.3.13.2
a1c70000-a1c71000 r--p 00072000 08:05 5517155                            /lib/i386-linux-gnu/libpcre.so.3.13.2
a1c71000-a1c72000 rw-p 00073000 08:05 5517155                            /lib/i386-linux-gnu/libpcre.so.3.13.2
a1c72000-a1c79000 r-xp 00000000 08:05 2632996                            /usr/lib/i386-linux-gnu/libffi.so.6.0.4
a1c79000-a1c7a000 r--p 00006000 08:05 2632996                            /usr/lib/i386-linux-gnu/libffi.so.6.0.4
a1c7a000-a1c7b000 rw-p 00007000 08:05 2632996                            /usr/lib/i386-linux-gnu/libffi.so.6.0.4
a1c7b000-a1ca1000 r-xp 00000000 08:05 5520344                            /lib/i386-linux-gnu/libexpat.so.1.6.0
a1ca1000-a1ca2000 ---p 00026000 08:05 5520344                            /lib/i386-linux-gnu/libexpat.so.1.6.0
a1ca2000-a1ca4000 r--p 00026000 08:05 5520344                            /lib/i386-linux-gnu/libexpat.so.1.6.0
a1ca4000-a1ca5000 rw-p 00028000 08:05 5520344                            /lib/i386-linux-gnu/libexpat.so.1.6.0
a1ca5000-a1cae000 r-xp 00000000 08:05 2633283                            /usr/lib/i386-linux-gnu/libthai.so.0.2.4
a1cae000-a1caf000 r--p 00008000 08:05 2633283                            /usr/lib/i386-linux-gnu/libthai.so.0.2.4
a1caf000-a1cb0000 rw-p 00009000 08:05 2633283                            /usr/lib/i386-linux-gnu/libthai.so.0.2.4
a1cb0000-a1cd4000 r-xp 00000000 08:05 2633335                            /usr/lib/i386-linux-gnu/libxcb.so.1.1.0
a1cd4000-a1cd5000 r--p 00023000 08:05 2633335                            /usr/lib/i386-linux-gnu/libxcb.so.1.1.0
a1cd5000-a1cd6000 rw-p 00024000 08:05 2633335                            /usr/lib/i386-linux-gnu/libxcb.so.1.1.0
a1cd6000-a1cdf000 r-xp 00000000 08:05 2633329                            /usr/lib/i386-linux-gnu/libxcb-render.so.0.0.0
a1cdf000-a1ce0000 r--p 00008000 08:05 2633329                            /usr/lib/i386-linux-gnu/libxcb-render.so.0.0.0
a1ce0000-a1ce1000 rw-p 00009000 08:05 2633329                            /usr/lib/i386-linux-gnu/libxcb-render.so.0.0.0
a1ce1000-a1ce3000 r-xp 00000000 08:05 2633331                            /usr/lib/i386-linux-gnu/libxcb-shm.so.0.0.0
a1ce3000-a1ce4000 r--p 00001000 08:05 2633331                            /usr/lib/i386-linux-gnu/libxcb-shm.so.0.0.0
a1ce4000-a1ce5000 rw-p 00002000 08:05 2633331                            /usr/lib/i386-linux-gnu/libxcb-shm.so.0.0.0
a1ce5000-a1d0e000 r-xp 00000000 08:05 5517157                            /lib/i386-linux-gnu/libpng12.so.0.54.0
a1d0e000-a1d0f000 r--p 00028000 08:05 5517157                            /lib/i386-linux-gnu/libpng12.so.0.54.0
a1d0f000-a1d10000 rw-p 00029000 08:05 5517157                            /lib/i386-linux-gnu/libpng12.so.0.54.0
a1d10000-a1db9000 r-xp 00000000 08:05 2633231                            /usr/lib/i386-linux-gnu/libpixman-1.so.0.33.6
a1db9000-a1dbf000 r--p 000a8000 08:05 2633231                            /usr/lib/i386-linux-gnu/libpixman-1.so.0.33.6
a1dbf000-a1dc0000 rw-p 000ae000 08:05 2633231                            /usr/lib/i386-linux-gnu/libpixman-1.so.0.33.6
a1dc0000-a1e22000 r-xp 00000000 08:05 2632609                            /usr/lib/i386-linux-gnu/libharfbuzz.so.0.10000.1
a1e22000-a1e23000 r--p 00061000 08:05 2632609                            /usr/lib/i386-linux-gnu/libharfbuzz.so.0.10000.1
a1e23000-a1e24000 rw-p 00062000 08:05 2632609                            /usr/lib/i386-linux-gnu/libharfbuzz.so.0.10000.1
a1e24000-a1e38000 r-xp 00000000 08:05 5516581                            /lib/i386-linux-gnu/libresolv-2.23.so
a1e38000-a1e39000 ---p 00014000 08:05 5516581                            /lib/i386-linux-gnu/libresolv-2.23.so
a1e39000-a1e3a000 r--p 00014000 08:05 5516581                            /lib/i386-linux-gnu/libresolv-2.23.so
a1e3a000-a1e3b000 rw-p 00015000 08:05 5516581                            /lib/i386-linux-gnu/libresolv-2.23.so
a1e3b000-a1e3d000 rw-p 00000000 00:00 0 
a1e3d000-a1e5f000 r-xp 00000000 08:05 5517166                            /lib/i386-linux-gnu/libselinux.so.1
a1e5f000-a1e60000 ---p 00022000 08:05 5517166                            /lib/i386-linux-gnu/libselinux.so.1
a1e60000-a1e61000 r--p 00022000 08:05 5517166                            /lib/i386-linux-gnu/libselinux.so.1
a1e61000-a1e62000 rw-p 00023000 08:05 5517166                            /lib/i386-linux-gnu/libselinux.so.1
a1e62000-a1e63000 rw-p 00000000 00:00 0 
a1e63000-a1e7c000 r-xp 00000000 08:05 5517187                            /lib/i386-linux-gnu/libz.so.1.2.8
a1e7c000-a1e7d000 r--p 00018000 08:05 5517187                            /lib/i386-linux-gnu/libz.so.1.2.8
a1e7d000-a1e7e000 rw-p 00019000 08:05 5517187                            /lib/i386-linux-gnu/libz.so.1.2.8
a1e7e000-a1e91000 r-xp 00000000 08:05 2632896                            /usr/lib/i386-linux-gnu/libXext.so.6.4.0
a1e91000-a1e92000 r--p 00012000 08:05 2632896                            /usr/lib/i386-linux-gnu/libXext.so.6.4.0
a1e92000-a1e93000 rw-p 00013000 08:05 2632896                            /usr/lib/i386-linux-gnu/libXext.so.6.4.0
a1e93000-a1e9c000 r-xp 00000000 08:05 2632890                            /usr/lib/i386-linux-gnu/libXcursor.so.1.0.2
a1e9c000-a1e9d000 r--p 00008000 08:05 2632890                            /usr/lib/i386-linux-gnu/libXcursor.so.1.0.2
a1e9d000-a1e9e000 rw-p 00009000 08:05 2632890                            /usr/lib/i386-linux-gnu/libXcursor.so.1.0.2
a1e9e000-a1ea9000 r-xp 00000000 08:05 2632910                            /usr/lib/i386-linux-gnu/libXrandr.so.2.2.0
a1ea9000-a1eaa000 r--p 0000a000 08:05 2632910                            /usr/lib/i386-linux-gnu/libXrandr.so.2.2.0
a1eaa000-a1eab000 rw-p 0000b000 08:05 2632910                            /usr/lib/i386-linux-gnu/libXrandr.so.2.2.0
a1eab000-a1ebc000 r-xp 00000000 08:05 2632902                            /usr/lib/i386-linux-gnu/libXi.so.6.1.0
a1ebc000-a1ebd000 r--p 00010000 08:05 2632902                            /usr/lib/i386-linux-gnu/libXi.so.6.1.0
a1ebd000-a1ebe000 rw-p 00011000 08:05 2632902                            /usr/lib/i386-linux-gnu/libXi.so.6.1.0
a1ebe000-a1ec8000 r-xp 00000000 08:05 2632912                            /usr/lib/i386-linux-gnu/libXrender.so.1.3.0
a1ec8000-a1ec9000 r--p 00009000 08:05 2632912                            /usr/lib/i386-linux-gnu/libXrender.so.1.3.0
a1ec9000-a1eca000 rw-p 0000a000 08:05 2632912                            /usr/lib/i386-linux-gnu/libXrender.so.1.3.0
a1eca000-a1ee6000 r-xp 00000000 08:05 5517117                            /lib/i386-linux-gnu/libgcc_s.so.1
a1ee6000-a1ee7000 rw-p 0001b000 08:05 5517117                            /lib/i386-linux-gnu/libgcc_s.so.1
a1ee7000-a2054000 r-xp 00000000 08:05 2630939                            /usr/lib/i386-linux-gnu/libstdc++.so.6.0.21
a2054000-a2055000 ---p 0016d000 08:05 2630939                            /usr/lib/i386-linux-gnu/libstdc++.so.6.0.21
a2055000-a205a000 r--p 0016d000 08:05 2630939                            /usr/lib/i386-linux-gnu/libstdc++.so.6.0.21
a205a000-a205b000 rw-p 00172000 08:05 2630939                            /usr/lib/i386-linux-gnu/libstdc++.so.6.0.21
a205b000-a205e000 rw-p 00000000 00:00 0 
a205e000-a20c5000 r-xp 00000000 08:05 2758421                            /usr/lib/i386-linux-gnu/mesa/libGL.so.1.2.0
a20c5000-a20c6000 ---p 00067000 08:05 2758421                            /usr/lib/i386-linux-gnu/mesa/libGL.so.1.2.0
a20c6000-a20c8000 r--p 00067000 08:05 2758421                            /usr/lib/i386-linux-gnu/mesa/libGL.so.1.2.0
a20c8000-a20cd000 rwxp 00069000 08:05 2758421                            /usr/lib/i386-linux-gnu/mesa/libGL.so.1.2.0
a20cd000-a2213000 r-xp 00000000 08:05 2632879                            /usr/lib/i386-linux-gnu/libX11.so.6.3.0
a2213000-a2214000 ---p 00146000 08:05 2632879                            /usr/lib/i386-linux-gnu/libX11.so.6.3.0
a2214000-a2215000 r--p 00146000 08:05 2632879                            /usr/lib/i386-linux-gnu/libX11.so.6.3.0
a2215000-a2217000 rw-p 00147000 08:05 2632879                            /usr/lib/i386-linux-gnu/libX11.so.6.3.0
a2217000-a2218000 rw-p 00000000 00:00 0 
a2218000-a233f000 r-xp 00000000 08:05 5520370                            /lib/i386-linux-gnu/libglib-2.0.so.0.4800.1
a233f000-a2340000 r--p 00126000 08:05 5520370                            /lib/i386-linux-gnu/libglib-2.0.so.0.4800.1
a2340000-a2341000 rw-p 00127000 08:05 5520370                            /lib/i386-linux-gnu/libglib-2.0.so.0.4800.1
a2341000-a239d000 r-xp 00000000 08:05 2632500                            /usr/lib/i386-linux-gnu/libgobject-2.0.so.0.4800.1
a239d000-a239e000 ---p 0005c000 08:05 2632500                            /usr/lib/i386-linux-gnu/libgobject-2.0.so.0.4800.1
a239e000-a239f000 r--p 0005c000 08:05 2632500                            /usr/lib/i386-linux-gnu/libgobject-2.0.so.0.4800.1
a239f000-a23a0000 rw-p 0005d000 08:05 2632500                            /usr/lib/i386-linux-gnu/libgobject-2.0.so.0.4800.1
a23a0000-a23e2000 r-xp 00000000 08:05 2627490                            /usr/lib/i386-linux-gnu/libfontconfig.so.1.9.0
a23e2000-a23e3000 ---p 00042000 08:05 2627490                            /usr/lib/i386-linux-gnu/libfontconfig.so.1.9.0
a23e3000-a23e4000 r--p 00042000 08:05 2627490                            /usr/lib/i386-linux-gnu/libfontconfig.so.1.9.0
a23e4000-a23e9000 rw-p 00043000 08:05 2627490                            /usr/lib/i386-linux-gnu/libfontconfig.so.1.9.0
a23e9000-a2494000 r-xp 00000000 08:05 2633006                            /usr/lib/i386-linux-gnu/libfreetype.so.6.12.1
a2494000-a2498000 r--p 000aa000 08:05 2633006                            /usr/lib/i386-linux-gnu/libfreetype.so.6.12.1
a2498000-a2499000 rw-p 000ae000 08:05 2633006                            /usr/lib/i386-linux-gnu/libfreetype.so.6.12.1
a2499000-a24e7000 r-xp 00000000 08:05 2633217                            /usr/lib/i386-linux-gnu/libpango-1.0.so.0.3800.1
a24e7000-a24e8000 ---p 0004e000 08:05 2633217                            /usr/lib/i386-linux-gnu/libpango-1.0.so.0.3800.1
a24e8000-a24e9000 r--p 0004e000 08:05 2633217                            /usr/lib/i386-linux-gnu/libpango-1.0.so.0.3800.1
a24e9000-a24ea000 rw-p 0004f000 08:05 2633217                            /usr/lib/i386-linux-gnu/libpango-1.0.so.0.3800.1
a24ea000-a2627000 r-xp 00000000 08:05 2632950                            /usr/lib/i386-linux-gnu/libcairo.so.2.11400.6
a2627000-a2629000 r--p 0013c000 08:05 2632950                            /usr/lib/i386-linux-gnu/libcairo.so.2.11400.6
a2629000-a262a000 rw-p 0013e000 08:05 2632950                            /usr/lib/i386-linux-gnu/libcairo.so.2.11400.6
a262a000-a262b000 rw-p 00000000 00:00 0 
a262b000-a2637000 r-xp 00000000 08:05 2633219                            /usr/lib/i386-linux-gnu/libpangocairo-1.0.so.0.3800.1
a2637000-a2638000 r--p 0000b000 08:05 2633219                            /usr/lib/i386-linux-gnu/libpangocairo-1.0.so.0.3800.1
a2638000-a2639000 rw-p 0000c000 08:05 2633219                            /usr/lib/i386-linux-gnu/libpangocairo-1.0.so.0.3800.1
a2639000-a2660000 r-xp 00000000 08:05 2632354                            /usr/lib/i386-linux-gnu/libgdk_pixbuf-2.0.so.0.3200.2
a2660000-a2661000 r--p 00026000 08:05 2632354                            /usr/lib/i386-linux-gnu/libgdk_pixbuf-2.0.so.0.3200.2
a2661000-a2662000 rw-p 00027000 08:05 2632354                            /usr/lib/i386-linux-gnu/libgdk_pixbuf-2.0.so.0.3200.2
a2662000-a2826000 r-xp 00000000 08:05 2632499                            /usr/lib/i386-linux-gnu/libgio-2.0.so.0.4800.1
a2826000-a2827000 ---p 001c4000 08:05 2632499                            /usr/lib/i386-linux-gnu/libgio-2.0.so.0.4800.1
a2827000-a2829000 r--p 001c4000 08:05 2632499                            /usr/lib/i386-linux-gnu/libgio-2.0.so.0.4800.1
a2829000-a282a000 rw-p 001c6000 08:05 2632499                            /usr/lib/i386-linux-gnu/libgio-2.0.so.0.4800.1
a282a000-a282b000 rw-p 00000000 00:00 0 
a282b000-a284f000 r-xp 00000000 08:05 2632932                            /usr/lib/i386-linux-gnu/libatk-1.0.so.0.21809.1
a284f000-a2851000 r--p 00023000 08:05 2632932                            /usr/lib/i386-linux-gnu/libatk-1.0.so.0.21809.1
a2851000-a2852000 rw-p 00025000 08:05 2632932                            /usr/lib/i386-linux-gnu/libatk-1.0.so.0.21809.1
a2852000-a290f000 r-xp 00000000 08:05 2633022                            /usr/lib/i386-linux-gnu/libgdk-x11-2.0.so.0.2400.30
a290f000-a2911000 r--p 000bc000 08:05 2633022                            /usr/lib/i386-linux-gnu/libgdk-x11-2.0.so.0.2400.30
a2911000-a2912000 rw-p 000be000 08:05 2633022                            /usr/lib/i386-linux-gnu/libgdk-x11-2.0.so.0.2400.30
a2912000-a2dff000 r-xp 00000000 08:05 2633128                            /usr/lib/i386-linux-gnu/libgtk-x11-2.0.so.0.2400.30
a2dff000-a2e00000 ---p 004ed000 08:05 2633128                            /usr/lib/i386-linux-gnu/libgtk-x11-2.0.so.0.2400.30
a2e00000-a2e04000 r--p 004ed000 08:05 2633128                            /usr/lib/i386-linux-gnu/libgtk-x11-2.0.so.0.2400.30
a2e04000-a2e06000 rw-p 004f1000 08:05 2633128                            /usr/lib/i386-linux-gnu/libgtk-x11-2.0.so.0.2400.30
a2e06000-a2e08000 rw-p 00000000 00:00 0 
a2e08000-a2e0b000 ---p 00000000 00:00 0 
a2e0b000-a2e59000 rw-p 00000000 00:00 0 
a2e59000-a2e5c000 ---p 00000000 00:00 0 
a2e5c000-a306b000 rw-p 00000000 00:00 0 
a306b000-a3100000 r--s 01109000 08:05 5399498                            /home/wintson/jdk1.8.0_121/jre/lib/ext/jfxrt.jar
a3100000-a31a6000 rw-p 00000000 00:00 0 
a31a6000-a3200000 ---p 00000000 00:00 0 
a3200000-a3201000 r--s 00000000 08:05 5799379                            /home/wintson/.cache/fontconfig/85e0a52ce643a7ba2ae53e5d6949cead-le32d4.cache-6
a3201000-a3202000 r--s 00000000 08:05 5799378                            /home/wintson/.cache/fontconfig/49f0de54bdd920fe4f0dfd4cbac43e6b-le32d4.cache-6
a3202000-a3226000 r-xp 00000000 08:05 5399470                            /home/wintson/jdk1.8.0_121/jre/lib/i386/libglass.so
a3226000-a3228000 rw-p 00024000 08:05 5399470                            /home/wintson/jdk1.8.0_121/jre/lib/i386/libglass.so
a3228000-a322b000 ---p 00000000 00:00 0 
a322b000-a3279000 rw-p 00000000 00:00 0 
a3279000-a327a000 ---p 00000000 00:00 0 
a327a000-a32fa000 rw-p 00000000 00:00 0 
a32fa000-a32fd000 ---p 00000000 00:00 0 
a32fd000-a334b000 rw-p 00000000 00:00 0 
a334b000-a334e000 ---p 00000000 00:00 0 
a334e000-a33cc000 rw-p 00000000 00:00 0 
a33cc000-a33cf000 ---p 00000000 00:00 0 
a33cf000-a344d000 rw-p 00000000 00:00 0 
a344d000-a3450000 ---p 00000000 00:00 0 
a3450000-a34ce000 rw-p 00000000 00:00 0 
a34ce000-a3600000 r--p 002d7000 08:05 2633915                            /usr/lib/locale/locale-archive
a3600000-a3800000 r--p 00000000 08:05 2633915                            /usr/lib/locale/locale-archive
a3800000-a3900000 rw-p 00000000 00:00 0 
a3900000-a39fd000 rw-p 00000000 00:00 0 
a39fd000-a3a00000 ---p 00000000 00:00 0 
a3a00000-a3a02000 r--s 00000000 08:05 5799365                            /home/wintson/.cache/fontconfig/e13b20fdb08344e0e664864cc2ede53d-le32d4.cache-6
a3a02000-a3a04000 r-xp 00000000 08:05 2632892                            /usr/lib/i386-linux-gnu/libXdamage.so.1.1.0
a3a04000-a3a05000 r--p 00001000 08:05 2632892                            /usr/lib/i386-linux-gnu/libXdamage.so.1.1.0
a3a05000-a3a06000 rw-p 00002000 08:05 2632892                            /usr/lib/i386-linux-gnu/libXdamage.so.1.1.0
a3a06000-a3a0b000 r-xp 00000000 08:05 2632898                            /usr/lib/i386-linux-gnu/libXfixes.so.3.1.0
a3a0b000-a3a0c000 r--p 00004000 08:05 2632898                            /usr/lib/i386-linux-gnu/libXfixes.so.3.1.0
a3a0c000-a3a0d000 rw-p 00005000 08:05 2632898                            /usr/lib/i386-linux-gnu/libXfixes.so.3.1.0
a3a0d000-a3a10000 ---p 00000000 00:00 0 
a3a10000-a3a5e000 rw-p 00000000 00:00 0 
a3a5e000-a3a61000 ---p 00000000 00:00 0 
a3a61000-a3aaf000 rw-p 00000000 00:00 0 
a3aaf000-a3ab2000 ---p 00000000 00:00 0 
a3ab2000-a3b00000 rw-p 00000000 00:00 0 
a3b00000-a3bff000 rw-p 00000000 00:00 0 
a3bff000-a3c00000 ---p 00000000 00:00 0 
a3c00000-a3c02000 r-xp 00000000 08:05 2632888                            /usr/lib/i386-linux-gnu/libXcomposite.so.1.0.0
a3c02000-a3c03000 r--p 00001000 08:05 2632888                            /usr/lib/i386-linux-gnu/libXcomposite.so.1.0.0
a3c03000-a3c04000 rw-p 00002000 08:05 2632888                            /usr/lib/i386-linux-gnu/libXcomposite.so.1.0.0
a3c04000-a3c09000 r-xp 00000000 08:05 2632922                            /usr/lib/i386-linux-gnu/libXxf86vm.so.1.0.0
a3c09000-a3c0a000 r--p 00004000 08:05 2632922                            /usr/lib/i386-linux-gnu/libXxf86vm.so.1.0.0
a3c0a000-a3c0b000 rw-p 00005000 08:05 2632922                            /usr/lib/i386-linux-gnu/libXxf86vm.so.1.0.0
a3c0b000-a3c0c000 ---p 00000000 00:00 0 
a3c0c000-a3cdb000 rw-p 00000000 00:00 0 
a3cdb000-a3eb4000 r--s 03d3e000 08:05 5399520                            /home/wintson/jdk1.8.0_121/jre/lib/rt.jar
a3eb4000-a42fa000 rw-p 00000000 00:00 0 
a42fa000-a4300000 ---p 00000000 00:00 0 
a4300000-a6700000 rw-p 00000000 00:00 0 
a6700000-a67f3000 rw-p 00000000 00:00 0 
a67f3000-a6800000 ---p 00000000 00:00 0 
a6800000-a6801000 r--s 00000000 08:05 5799377                            /home/wintson/.cache/fontconfig/f6e6e0a5c3d2f6ae0c0c2e0ecd42a997-le32d4.cache-6
a6801000-a6803000 r-xp 00000000 08:05 2632904                            /usr/lib/i386-linux-gnu/libXinerama.so.1.0.0
a6803000-a6804000 r--p 00001000 08:05 2632904                            /usr/lib/i386-linux-gnu/libXinerama.so.1.0.0
a6804000-a6805000 rw-p 00002000 08:05 2632904                            /usr/lib/i386-linux-gnu/libXinerama.so.1.0.0
a6805000-a680a000 r-xp 00000000 08:05 2632918                            /usr/lib/i386-linux-gnu/libXtst.so.6.1.0
a680a000-a680b000 r--p 00004000 08:05 2632918                            /usr/lib/i386-linux-gnu/libXtst.so.6.1.0
a680b000-a680c000 rw-p 00005000 08:05 2632918                            /usr/lib/i386-linux-gnu/libXtst.so.6.1.0
a680c000-a6822000 r-xp 00000000 08:05 2633221                            /usr/lib/i386-linux-gnu/libpangoft2-1.0.so.0.3800.1
a6822000-a6823000 r--p 00015000 08:05 2633221                            /usr/lib/i386-linux-gnu/libpangoft2-1.0.so.0.3800.1
a6823000-a6824000 rw-p 00016000 08:05 2633221                            /usr/lib/i386-linux-gnu/libpangoft2-1.0.so.0.3800.1
a6824000-a687f000 rw-p 00000000 00:00 0 
a687f000-a6880000 ---p 00000000 00:00 0 
a6880000-a6900000 rw-p 00000000 00:00 0 
a6900000-a6921000 rw-p 00000000 00:00 0 
a6921000-a6a00000 ---p 00000000 00:00 0 
a6a00000-a6b00000 rw-p 00000000 00:00 0 
a6b00000-a6b21000 rw-p 00000000 00:00 0 
a6b21000-a6c00000 ---p 00000000 00:00 0 
a6c00000-a6c01000 r--s 00000000 08:05 5799376                            /home/wintson/.cache/fontconfig/4b2eda6bb976bda485cb2176619421d5-le32d4.cache-6
a6c01000-a6c04000 r-xp 00000000 08:05 2632498                            /usr/lib/i386-linux-gnu/libgmodule-2.0.so.0.4800.1
a6c04000-a6c05000 r--p 00002000 08:05 2632498                            /usr/lib/i386-linux-gnu/libgmodule-2.0.so.0.4800.1
a6c05000-a6c06000 rw-p 00003000 08:05 2632498                            /usr/lib/i386-linux-gnu/libgmodule-2.0.so.0.4800.1
a6c06000-a6c11000 r-xp 00000000 08:05 5399433                            /home/wintson/jdk1.8.0_121/jre/lib/i386/libprism_es2.so
a6c11000-a6c12000 rw-p 0000a000 08:05 5399433                            /home/wintson/jdk1.8.0_121/jre/lib/i386/libprism_es2.so
a6c12000-a6c27000 r-xp 00000000 08:05 5399474                            /home/wintson/jdk1.8.0_121/jre/lib/i386/libnet.so
a6c27000-a6c28000 rw-p 00015000 08:05 5399474                            /home/wintson/jdk1.8.0_121/jre/lib/i386/libnet.so
a6c28000-a6c29000 ---p 00000000 00:00 0 
a6c29000-a6cbf000 rw-p 00000000 00:00 0 
a6cbf000-a6dff000 ---p 00000000 00:00 0 
a6dff000-a6e15000 rw-p 00000000 00:00 0 
a6e15000-a6f54000 ---p 00000000 00:00 0 
a6f54000-a6f5f000 rw-p 00000000 00:00 0 
a6f5f000-a6fff000 ---p 00000000 00:00 0 
a6fff000-a9ac0000 rw-p 00000000 00:00 0 
a9ac0000-d1ac0000 ---p 00000000 00:00 0 
d1ac0000-d3000000 rw-p 00000000 00:00 0 
d3000000-e7000000 ---p 00000000 00:00 0 
e7000000-e7001000 r--s 00000000 08:05 5799359                            /home/wintson/.cache/fontconfig/a08924c8c8373104a34f76f6ac7b0938-le32d4.cache-6
e7001000-e7002000 r-xp 00000000 08:05 2632497                            /usr/lib/i386-linux-gnu/libgthread-2.0.so.0.4800.1
e7002000-e7003000 r--p 00000000 08:05 2632497                            /usr/lib/i386-linux-gnu/libgthread-2.0.so.0.4800.1
e7003000-e7004000 rw-p 00001000 08:05 2632497                            /usr/lib/i386-linux-gnu/libgthread-2.0.so.0.4800.1
e7004000-e7005000 r-xp 00000000 08:05 5787185                            /home/wintson/idea-IC-163.12024.16/bin/libbreakgen.so
e7005000-e7006000 rw-p 00000000 08:05 5787185                            /home/wintson/idea-IC-163.12024.16/bin/libbreakgen.so
e7006000-e7008000 r--s 00019000 08:05 5786703                            /home/wintson/idea-IC-163.12024.16/lib/idea_rt.jar
e7008000-e7009000 r--s 02bdc000 08:05 6307490                            /home/wintson/Desktop/Aegis/jxbrowser-6.13-cross-desktop-win_mac_linux/lib/jxbrowser-linux64-6.13.jar
e7009000-e700a000 r--s 02c33000 08:05 6307477                            /home/wintson/Desktop/Aegis/jxbrowser-6.13-cross-desktop-win_mac_linux/lib/jxbrowser-linux32-6.13.jar
e700a000-e700b000 r--s 0222b000 08:05 6307493                            /home/wintson/Desktop/Aegis/jxbrowser-6.13-cross-desktop-win_mac_linux/lib/jxbrowser-win32-6.13.jar
e700b000-e700c000 r--s 0571c000 08:05 6307492                            /home/wintson/Desktop/Aegis/jxbrowser-6.13-cross-desktop-win_mac_linux/lib/jxbrowser-mac-6.13.jar
e700c000-e702a000 r--s 000e8000 08:05 6304971                            /home/wintson/Desktop/Aegis/jxbrowser-6.13-cross-desktop-win_mac_linux/lib/jxbrowser-6.13.jar
e702a000-e702b000 r--s 00000000 08:05 6307494                            /home/wintson/Desktop/Aegis/jxbrowser-6.13-cross-desktop-win_mac_linux/lib/licence.jar
e702b000-e703e000 r--s 00345000 08:05 5399514                            /home/wintson/jdk1.8.0_121/jre/lib/resources.jar
e703e000-e703f000 ---p 00000000 00:00 0 
e703f000-e70bf000 rw-p 00000000 00:00 0 
e70bf000-e70c0000 ---p 00000000 00:00 0 
e70c0000-e7153000 rw-p 00000000 00:00 0 
e7153000-e7500000 ---p 00000000 00:00 0 
e7500000-e7998000 rwxp 00000000 00:00 0 
e7998000-f6500000 ---p 00000000 00:00 0 
f6500000-f65fc000 rw-p 00000000 00:00 0 
f65fc000-f6600000 ---p 00000000 00:00 0 
f6600000-f6612000 r--s 000d6000 08:05 5399323                            /home/wintson/jdk1.8.0_121/jre/lib/plugin.jar
f6612000-f6616000 r--s 0009a000 08:05 5399524                            /home/wintson/jdk1.8.0_121/jre/lib/jsse.jar
f6616000-f6618000 r--s 00007000 08:05 5399409                            /home/wintson/jdk1.8.0_121/jre/lib/jfxswt.jar
f6618000-f661d000 r--s 00084000 08:05 5399336                            /home/wintson/jdk1.8.0_121/jre/lib/jfr.jar
f661d000-f6627000 r--s 0006c000 08:05 5399483                            /home/wintson/jdk1.8.0_121/jre/lib/javaws.jar
f6627000-f6642000 r--s 00209000 08:05 5399327                            /home/wintson/jdk1.8.0_121/jre/lib/deploy.jar
f6642000-f6647000 r--s 002f9000 08:05 5399488                            /home/wintson/jdk1.8.0_121/jre/lib/charsets.jar
f6647000-f665f000 rw-p 00000000 00:00 0 
f665f000-f666a000 r-xp 00000000 08:05 5516580                            /lib/i386-linux-gnu/libnss_files-2.23.so
f666a000-f666b000 r--p 0000a000 08:05 5516580                            /lib/i386-linux-gnu/libnss_files-2.23.so
f666b000-f666c000 rw-p 0000b000 08:05 5516580                            /lib/i386-linux-gnu/libnss_files-2.23.so
f666c000-f6672000 rw-p 00000000 00:00 0 
f6672000-f6689000 r-xp 00000000 08:05 5516573                            /lib/i386-linux-gnu/libnsl-2.23.so
f6689000-f668a000 r--p 00016000 08:05 5516573                            /lib/i386-linux-gnu/libnsl-2.23.so
f668a000-f668b000 rw-p 00017000 08:05 5516573                            /lib/i386-linux-gnu/libnsl-2.23.so
f668b000-f668d000 rw-p 00000000 00:00 0 
f668d000-f668e000 r--s 00000000 08:05 5399481                            /home/wintson/jdk1.8.0_121/jre/lib/management-agent.jar
f668e000-f6691000 r--s 0001a000 08:05 5399480                            /home/wintson/jdk1.8.0_121/jre/lib/jce.jar
f6691000-f66aa000 r-xp 00000000 08:05 5399476                            /home/wintson/jdk1.8.0_121/jre/lib/i386/libzip.so
f66aa000-f66ab000 rw-p 00019000 08:05 5399476                            /home/wintson/jdk1.8.0_121/jre/lib/i386/libzip.so
f66ab000-f66b3000 rw-s 00000000 08:05 2232614                            /tmp/hsperfdata_wintson/12493
f66b3000-f66d7000 r-xp 00000000 08:05 5399471                            /home/wintson/jdk1.8.0_121/jre/lib/i386/libjava.so
f66d7000-f66d8000 rw-p 00024000 08:05 5399471                            /home/wintson/jdk1.8.0_121/jre/lib/i386/libjava.so
f66d8000-f66df000 r-xp 00000000 08:05 5516551                            /lib/i386-linux-gnu/librt-2.23.so
f66df000-f66e0000 r--p 00006000 08:05 5516551                            /lib/i386-linux-gnu/librt-2.23.so
f66e0000-f66e1000 rw-p 00007000 08:05 5516551                            /lib/i386-linux-gnu/librt-2.23.so
f66e1000-f66e4000 ---p 00000000 00:00 0 
f66e4000-f6732000 rw-p 00000000 00:00 0 
f6732000-f6785000 r-xp 00000000 08:05 5516569                            /lib/i386-linux-gnu/libm-2.23.so
f6785000-f6786000 r--p 00052000 08:05 5516569                            /lib/i386-linux-gnu/libm-2.23.so
f6786000-f6787000 rw-p 00053000 08:05 5516569                            /lib/i386-linux-gnu/libm-2.23.so
f6787000-f7113000 r-xp 00000000 08:05 5399457                            /home/wintson/jdk1.8.0_121/jre/lib/i386/server/libjvm.so
f7113000-f7180000 rw-p 0098c000 08:05 5399457                            /home/wintson/jdk1.8.0_121/jre/lib/i386/server/libjvm.so
f7180000-f75a9000 rw-p 00000000 00:00 0 
f75a9000-f7758000 r-xp 00000000 08:05 5516559                            /lib/i386-linux-gnu/libc-2.23.so
f7758000-f7759000 ---p 001af000 08:05 5516559                            /lib/i386-linux-gnu/libc-2.23.so
f7759000-f775b000 r--p 001af000 08:05 5516559                            /lib/i386-linux-gnu/libc-2.23.so
f775b000-f775c000 rw-p 001b1000 08:05 5516559                            /lib/i386-linux-gnu/libc-2.23.so
f775c000-f775f000 rw-p 00000000 00:00 0 
f775f000-f7762000 r-xp 00000000 08:05 5516557                            /lib/i386-linux-gnu/libdl-2.23.so
f7762000-f7763000 r--p 00002000 08:05 5516557                            /lib/i386-linux-gnu/libdl-2.23.so
f7763000-f7764000 rw-p 00003000 08:05 5516557                            /lib/i386-linux-gnu/libdl-2.23.so
f7764000-f7778000 r-xp 00000000 08:05 5398041                            /home/wintson/jdk1.8.0_121/lib/i386/jli/libjli.so
f7778000-f7779000 rw-p 00014000 08:05 5398041                            /home/wintson/jdk1.8.0_121/lib/i386/jli/libjli.so
f7779000-f7792000 r-xp 00000000 08:05 5516571                            /lib/i386-linux-gnu/libpthread-2.23.so
f7792000-f7793000 r--p 00018000 08:05 5516571                            /lib/i386-linux-gnu/libpthread-2.23.so
f7793000-f7794000 rw-p 00019000 08:05 5516571                            /lib/i386-linux-gnu/libpthread-2.23.so
f7794000-f7796000 rw-p 00000000 00:00 0 
f7796000-f7797000 r--p 002d4000 08:05 2633915                            /usr/lib/locale/locale-archive
f7797000-f77a2000 r-xp 00000000 08:05 5516553                            /lib/i386-linux-gnu/libnss_nis-2.23.so
f77a2000-f77a3000 r--p 0000a000 08:05 5516553                            /lib/i386-linux-gnu/libnss_nis-2.23.so
f77a3000-f77a4000 rw-p 0000b000 08:05 5516553                            /lib/i386-linux-gnu/libnss_nis-2.23.so
f77a4000-f77ac000 r-xp 00000000 08:05 5516575                            /lib/i386-linux-gnu/libnss_compat-2.23.so
f77ac000-f77ad000 r--p 00007000 08:05 5516575                            /lib/i386-linux-gnu/libnss_compat-2.23.so
f77ad000-f77ae000 rw-p 00008000 08:05 5516575                            /lib/i386-linux-gnu/libnss_compat-2.23.so
f77ae000-f77af000 rw-p 00000000 00:00 0 
f77af000-f77b0000 r--p 00000000 00:00 0 
f77b0000-f77bb000 r-xp 00000000 08:05 5399423                            /home/wintson/jdk1.8.0_121/jre/lib/i386/libverify.so
f77bb000-f77bc000 rw-p 0000b000 08:05 5399423                            /home/wintson/jdk1.8.0_121/jre/lib/i386/libverify.so
f77bc000-f77be000 rw-p 00000000 00:00 0 
f77be000-f77c0000 r--p 00000000 00:00 0                                  [vvar]
f77c0000-f77c1000 r-xp 00000000 00:00 0                                  [vdso]
f77c1000-f77e3000 r-xp 00000000 08:05 5516539                            /lib/i386-linux-gnu/ld-2.23.so
f77e3000-f77e4000 rw-p 00000000 00:00 0 
f77e4000-f77e5000 r--p 00022000 08:05 5516539                            /lib/i386-linux-gnu/ld-2.23.so
f77e5000-f77e6000 rw-p 00023000 08:05 5516539                            /lib/i386-linux-gnu/ld-2.23.so
ffb40000-ffb41000 rwxp 00000000 00:00 0 
ffb73000-ffb94000 rw-p 00000000 00:00 0                                  [stack]

VM Arguments:
jvm_args: -Didea.launcher.port=7532 -Didea.launcher.bin.path=/home/wintson/idea-IC-163.12024.16/bin -Dfile.encoding=UTF-8 
java_command: com.intellij.rt.execution.application.AppMain windows.Main
java_class_path (initial): /home/wintson/jdk1.8.0_121/jre/lib/charsets.jar:/home/wintson/jdk1.8.0_121/jre/lib/deploy.jar:/home/wintson/jdk1.8.0_121/jre/lib/ext/cldrdata.jar:/home/wintson/jdk1.8.0_121/jre/lib/ext/dnsns.jar:/home/wintson/jdk1.8.0_121/jre/lib/ext/jaccess.jar:/home/wintson/jdk1.8.0_121/jre/lib/ext/jfxrt.jar:/home/wintson/jdk1.8.0_121/jre/lib/ext/localedata.jar:/home/wintson/jdk1.8.0_121/jre/lib/ext/nashorn.jar:/home/wintson/jdk1.8.0_121/jre/lib/ext/sunec.jar:/home/wintson/jdk1.8.0_121/jre/lib/ext/sunjce_provider.jar:/home/wintson/jdk1.8.0_121/jre/lib/ext/sunpkcs11.jar:/home/wintson/jdk1.8.0_121/jre/lib/ext/zipfs.jar:/home/wintson/jdk1.8.0_121/jre/lib/javaws.jar:/home/wintson/jdk1.8.0_121/jre/lib/jce.jar:/home/wintson/jdk1.8.0_121/jre/lib/jfr.jar:/home/wintson/jdk1.8.0_121/jre/lib/jfxswt.jar:/home/wintson/jdk1.8.0_121/jre/lib/jsse.jar:/home/wintson/jdk1.8.0_121/jre/lib/management-agent.jar:/home/wintson/jdk1.8.0_121/jre/lib/plugin.jar:/home/wintson/jdk1.8.0_121/jre/lib/resources.jar:/home/wintson/jdk1.8.0_121/jre/lib/rt.jar:/home/wintson/Desktop/Aegis/out/production/Aegis:/home/wintson/Desktop/Aegis/jxbrowser-6.13-cross-desktop-win_mac_linux/lib/licence.jar:/home/wintson/Desktop/Aegis/jxbrowser-6.13-cross-desktop-win_mac_linux/lib/jxbrowser-6.13.jar:/home/wintson/Desktop/Aegis/jxbrowser-6.13-cross-desktop-win_mac_linux/lib/jxbrowser-mac-6.13.jar:/home/wintson/Desktop/Aegis/jxbrowser-6.13-cross-desktop-win_mac_linux/lib/jxbrowser-win32-6.13.jar:/home/wintson/Desktop/Aegis/jxbrowser-6.13-cross-desktop-win_mac_linux/lib/jxbrowser-linux32-6.13.jar:/home/wintson/Desktop/Aegis/jxbrowser-6.13-cross-desktop-win_mac_linux/lib/jxbrowser-linux64-6.13.jar:/home/wintson/idea-IC-163.12024.16/lib/idea_rt.jar
Launcher Type: SUN_STANDARD

Environment Variables:
PATH=/usr/local/sbin:/usr/local/bin:/usr/sbin:/usr/bin:/sbin:/bin:/usr/games:/usr/local/games
USERNAME=wintson
LD_LIBRARY_PATH=/home/wintson/idea-IC-163.12024.16/bin:
SHELL=/bin/bash
DISPLAY=:0.0

Signal Handlers:
SIGSEGV: [libjvm.so+0x8d74d0], sa_mask[0]=11111111011111111101111111111110, sa_flags=SA_RESTART|SA_SIGINFO
SIGBUS: [libjvm.so+0x8d74d0], sa_mask[0]=11111111011111111101111111111110, sa_flags=SA_RESTART|SA_SIGINFO
SIGFPE: [libjvm.so+0x7542e0], sa_mask[0]=11111111011111111101111111111110, sa_flags=SA_RESTART|SA_SIGINFO
SIGPIPE: SIG_IGN, sa_mask[0]=00000000000010000000000000000000, sa_flags=SA_RESTART
SIGXFSZ: [libjvm.so+0x7542e0], sa_mask[0]=11111111011111111101111111111110, sa_flags=SA_RESTART|SA_SIGINFO
SIGILL: [libjvm.so+0x7542e0], sa_mask[0]=11111111011111111101111111111110, sa_flags=SA_RESTART|SA_SIGINFO
SIGUSR1: SIG_DFL, sa_mask[0]=00000000000000000000000000000000, sa_flags=none
SIGUSR2: [libjvm.so+0x755b70], sa_mask[0]=00100000000000000000000000000000, sa_flags=SA_RESTART|SA_SIGINFO
SIGHUP: [libjvm.so+0x757020], sa_mask[0]=11111111011111111101111111111110, sa_flags=SA_RESTART|SA_SIGINFO
SIGINT: [libjvm.so+0x757020], sa_mask[0]=11111111011111111101111111111110, sa_flags=SA_RESTART|SA_SIGINFO
SIGTERM: [libjvm.so+0x757020], sa_mask[0]=11111111011111111101111111111110, sa_flags=SA_RESTART|SA_SIGINFO
SIGQUIT: [libjvm.so+0x757020], sa_mask[0]=11111111011111111101111111111110, sa_flags=SA_RESTART|SA_SIGINFO


---------------  S Y S T E M  ---------------

OS:DISTRIB_ID=LinuxMint
DISTRIB_RELEASE=18
DISTRIB_CODENAME=sarah
DISTRIB_DESCRIPTION="Linux Mint 18 Sarah"

uname:Linux 4.4.0-21-generic #37-Ubuntu SMP Mon Apr 18 18:33:37 UTC 2016 x86_64
libc:glibc 2.23 NPTL 2.23 
rlimit: STACK 8192k, CORE 0k, NPROC 23156, NOFILE 65536, AS infinity
load average:1,20 0,57 0,50

/proc/meminfo:
MemTotal:        5970564 kB
MemFree:         1490028 kB
MemAvailable:    3288044 kB
Buffers:          124460 kB
Cached:          1687668 kB
SwapCached:            0 kB
Active:          3303060 kB
Inactive:         930556 kB
Active(anon):    2422852 kB
Inactive(anon):    71372 kB
Active(file):     880208 kB
Inactive(file):   859184 kB
Unevictable:           0 kB
Mlocked:               0 kB
SwapTotal:      29295612 kB
SwapFree:       29295612 kB
Dirty:             15484 kB
Writeback:             0 kB
AnonPages:       2421572 kB
Mapped:           415060 kB
Shmem:             72740 kB
Slab:             128632 kB
SReclaimable:      94888 kB
SUnreclaim:        33744 kB
KernelStack:       10240 kB
PageTables:        32252 kB
NFS_Unstable:          0 kB
Bounce:                0 kB
WritebackTmp:          0 kB
CommitLimit:    32280892 kB
Committed_AS:    5511556 kB
VmallocTotal:   34359738367 kB
VmallocUsed:           0 kB
VmallocChunk:          0 kB
HardwareCorrupted:     0 kB
AnonHugePages:   1382400 kB
CmaTotal:              0 kB
CmaFree:               0 kB
HugePages_Total:       0
HugePages_Free:        0
HugePages_Rsvd:        0
HugePages_Surp:        0
Hugepagesize:       2048 kB
DirectMap4k:      213964 kB
DirectMap2M:     5937152 kB


CPU:total 4 (2 cores per cpu, 2 threads per core) family 6 model 37 stepping 5, cmov, cx8, fxsr, mmx, sse, sse2, sse3, ssse3, sse4.1, sse4.2, popcnt, ht, tsc, tscinvbit

/proc/cpuinfo:
processor	: 0
vendor_id	: GenuineIntel
cpu family	: 6
model		: 37
model name	: Intel(R) Core(TM) i5 CPU       M 450  @ 2.40GHz
stepping	: 5
microcode	: 0x2
cpu MHz		: 1197.000
cache size	: 3072 KB
physical id	: 0
siblings	: 4
core id		: 0
cpu cores	: 2
apicid		: 0
initial apicid	: 0
fpu		: yes
fpu_exception	: yes
cpuid level	: 11
wp		: yes
flags		: fpu vme de pse tsc msr pae mce cx8 apic sep mtrr pge mca cmov pat pse36 clflush dts acpi mmx fxsr sse sse2 ss ht tm pbe syscall nx rdtscp lm constant_tsc arch_perfmon pebs bts rep_good nopl xtopology nonstop_tsc aperfmperf pni dtes64 monitor ds_cpl vmx est tm2 ssse3 cx16 xtpr pdcm pcid sse4_1 sse4_2 popcnt lahf_lm tpr_shadow vnmi flexpriority ept vpid dtherm ida arat
bugs		:
bogomips	: 4800.02
clflush size	: 64
cache_alignment	: 64
address sizes	: 36 bits physical, 48 bits virtual
power management:

processor	: 1
vendor_id	: GenuineIntel
cpu family	: 6
model		: 37
model name	: Intel(R) Core(TM) i5 CPU       M 450  @ 2.40GHz
stepping	: 5
microcode	: 0x2
cpu MHz		: 1197.000
cache size	: 3072 KB
physical id	: 0
siblings	: 4
core id		: 2
cpu cores	: 2
apicid		: 4
initial apicid	: 4
fpu		: yes
fpu_exception	: yes
cpuid level	: 11
wp		: yes
flags		: fpu vme de pse tsc msr pae mce cx8 apic sep mtrr pge mca cmov pat pse36 clflush dts acpi mmx fxsr sse sse2 ss ht tm pbe syscall nx rdtscp lm constant_tsc arch_perfmon pebs bts rep_good nopl xtopology nonstop_tsc aperfmperf pni dtes64 monitor ds_cpl vmx est tm2 ssse3 cx16 xtpr pdcm pcid sse4_1 sse4_2 popcnt lahf_lm tpr_shadow vnmi flexpriority ept vpid dtherm ida arat
bugs		:
bogomips	: 4800.02
clflush size	: 64
cache_alignment	: 64
address sizes	: 36 bits physical, 48 bits virtual
power management:

processor	: 2
vendor_id	: GenuineIntel
cpu family	: 6
model		: 37
model name	: Intel(R) Core(TM) i5 CPU       M 450  @ 2.40GHz
stepping	: 5
microcode	: 0x2
cpu MHz		: 1197.000
cache size	: 3072 KB
physical id	: 0
siblings	: 4
core id		: 0
cpu cores	: 2
apicid		: 1
initial apicid	: 1
fpu		: yes
fpu_exception	: yes
cpuid level	: 11
wp		: yes
flags		: fpu vme de pse tsc msr pae mce cx8 apic sep mtrr pge mca cmov pat pse36 clflush dts acpi mmx fxsr sse sse2 ss ht tm pbe syscall nx rdtscp lm constant_tsc arch_perfmon pebs bts rep_good nopl xtopology nonstop_tsc aperfmperf pni dtes64 monitor ds_cpl vmx est tm2 ssse3 cx16 xtpr pdcm pcid sse4_1 sse4_2 popcnt lahf_lm tpr_shadow vnmi flexpriority ept vpid dtherm ida arat
bugs		:
bogomips	: 4800.02
clflush size	: 64
cache_alignment	: 64
address sizes	: 36 bits physical, 48 bits virtual
power management:

processor	: 3
vendor_id	: GenuineIntel
cpu family	: 6
model		: 37
model name	: Intel(R) Core(TM) i5 CPU       M 450  @ 2.40GHz
stepping	: 5
microcode	: 0x2
cpu MHz		: 2395.000
cache size	: 3072 KB
physical id	: 0
siblings	: 4
core id		: 2
cpu cores	: 2
apicid		: 5
initial apicid	: 5
fpu		: yes
fpu_exception	: yes
cpuid level	: 11
wp		: yes
flags		: fpu vme de pse tsc msr pae mce cx8 apic sep mtrr pge mca cmov pat pse36 clflush dts acpi mmx fxsr sse sse2 ss ht tm pbe syscall nx rdtscp lm constant_tsc arch_perfmon pebs bts rep_good nopl xtopology nonstop_tsc aperfmperf pni dtes64 monitor ds_cpl vmx est tm2 ssse3 cx16 xtpr pdcm pcid sse4_1 sse4_2 popcnt lahf_lm tpr_shadow vnmi flexpriority ept vpid dtherm ida arat
bugs		:
bogomips	: 4800.02
clflush size	: 64
cache_alignment	: 64
address sizes	: 36 bits physical, 48 bits virtual
power management:



Memory: 4k page, physical 5970564k(1490028k free), swap 29295612k(29295612k free)

vm_info: Java HotSpot(TM) Server VM (25.121-b13) for linux-x86 JRE (1.8.0_121-b13), built on Dec 12 2016 16:06:09 by "java_re" with gcc 4.3.0 20080428 (Red Hat 4.3.0-8)

time: Thu Apr 20 18:12:54 2017
elapsed time: 7 seconds (0d 0h 0m 7s)

