#
# A fatal error has been detected by the Java Runtime Environment:
#
#  SIGSEGV (0xb) at pc=0xf6cbd17f, pid=11661, tid=0x9d948b40
#
# JRE version: Java(TM) SE Runtime Environment (8.0_121-b13) (build 1.8.0_121-b13)
# Java VM: Java HotSpot(TM) Server VM (25.121-b13 mixed mode linux-x86 )
# Problematic frame:
# V  [libjvm.so+0x54217f]  jni_invoke_nonstatic(JNIEnv_*, JavaValue*, _jobject*, JNICallType, _jmethodID*, JNI_ArgumentPusher*, Thread*)+0x2f
#
# Failed to write core dump. Core dumps have been disabled. To enable core dumping, try "ulimit -c unlimited" before starting Java again
#
# If you would like to submit a bug report, please visit:
#   http://bugreport.java.com/bugreport/crash.jsp
#

---------------  T H R E A D  ---------------

Current thread (0x088fb400):  JavaThread "JavaFX Application Thread" [_thread_in_vm, id=11696, stack(0x9d8f8000,0x9d949000)]

siginfo: si_signo: 11 (SIGSEGV), si_code: 1 (SEGV_MAPERR), si_addr: 0x69746163

Registers:
EAX=0x69746163, EBX=0xf7157268, ECX=0xf7157268, EDX=0x9d9464e8
ESP=0x9d946370, EBP=0x9d946488, ESI=0x9d9464bc, EDI=0x088fb400
EIP=0xf6cbd17f, EFLAGS=0x00010206, CR2=0x69746163

Top of Stack: (sp=0x9d946370)
0x9d946370:   088fb8bc f714ede8 9d94643c 9d9463f8
0x9d946380:   a426ea98 9d9464e8 088fb538 f6cd9e20
0x9d946390:   a426ea98 00050024 a394dd48 a394dd50
0x9d9463a0:   a394e13c 088fafe8 000003ec 088fb7e0
0x9d9463b0:   a426ea98 9d9464b0 088c16b8 a21485c8
0x9d9463c0:   088c16b8 0000000d 088fb028 0000000e
0x9d9463d0:   0000000c 088fb028 0000000c 088fb028
0x9d9463e0:   0000000d 0000000b 088fb028 a2148245 

Instructions: (pc=0xf6cbd17f)
0xf6cbd15f:   ff ff ff 8b 45 08 e8 00 00 00 00 5b 81 c3 fe a0
0xf6cbd16f:   49 00 89 95 fc fe ff ff 85 c0 0f 84 99 09 00 00
0xf6cbd17f:   8b 38 85 ff 0f 84 8f 09 00 00 8b 45 18 8b b0 c0
0xf6cbd18f:   00 00 00 83 7e 0c fb 0f 87 04 07 00 00 8b 46 0c 

Register to memory mapping:

EAX=0x69746163 is an unknown value
EBX=0xf7157268: <offset 0x9dc268> in /home/wintson/jdk1.8.0_121/jre/lib/i386/server/libjvm.so at 0xf677b000
ECX=0xf7157268: <offset 0x9dc268> in /home/wintson/jdk1.8.0_121/jre/lib/i386/server/libjvm.so at 0xf677b000
EDX=0x9d9464e8 is pointing into the stack for thread: 0x088fb400
ESP=0x9d946370 is pointing into the stack for thread: 0x088fb400
EBP=0x9d946488 is pointing into the stack for thread: 0x088fb400
ESI=0x9d9464bc is pointing into the stack for thread: 0x088fb400
EDI=0x088fb400 is a thread


Stack: [0x9d8f8000,0x9d949000],  sp=0x9d946370,  free space=312k
Native frames: (J=compiled Java code, j=interpreted, Vv=VM code, C=native code)
V  [libjvm.so+0x54217f]  jni_invoke_nonstatic(JNIEnv_*, JavaValue*, _jobject*, JNICallType, _jmethodID*, JNI_ArgumentPusher*, Thread*)+0x2f
V  [libjvm.so+0x544fc1]  jni_CallVoidMethodV+0xe1
C  [libglass.so+0xf7ec]  JNIEnv_::CallVoidMethod(_jobject*, _jmethodID*, ...)+0x1c
C  [libglass.so+0x1972c]  WindowContextBase::process_key(_GdkEventKey*)+0x1cc
C  [libglass.so+0x1782a]  WindowContextBase::im_filter_keypress(_GdkEventKey*)+0x1aa
C  [libglass.so+0x17902]  WindowContextBase::filterIME(_GdkEvent*)+0x52
C  [libglass.so+0x1daac]  process_events(_GdkEvent*, void*)+0x21c
C  [libgdk-x11-2.0.so.0+0x53fa9]

Java frames: (J=compiled Java code, j=interpreted, Vv=VM code)
j  com.sun.glass.ui.gtk.GtkApplication.enterNestedEventLoopImpl()V+0
j  com.sun.glass.ui.gtk.GtkApplication._enterNestedEventLoop()Ljava/lang/Object;+15
j  com.sun.glass.ui.Application.enterNestedEventLoop()Ljava/lang/Object;+14
j  com.sun.glass.ui.EventLoop.enter()Ljava/lang/Object;+42
j  com.sun.javafx.tk.quantum.QuantumToolkit.enterNestedEventLoop(Ljava/lang/Object;)Ljava/lang/Object;+107
j  javafx.stage.Stage.showAndWait()V+93
j  windows.AegisMainWindowController$2.handle(Ljavafx/event/ActionEvent;)V+80
j  windows.AegisMainWindowController$2.handle(Ljavafx/event/Event;)V+5
j  com.sun.javafx.event.CompositeEventHandler.dispatchBubblingEvent(Ljavafx/event/Event;)V+51
j  com.sun.javafx.event.EventHandlerManager.dispatchBubblingEvent(Ljavafx/event/EventType;Ljavafx/event/Event;)Ljavafx/event/Event;+29
j  com.sun.javafx.event.EventHandlerManager.dispatchBubblingEvent(Ljavafx/event/Event;)Ljavafx/event/Event;+8
j  com.sun.javafx.event.BasicEventDispatcher.dispatchEvent(Ljavafx/event/Event;Ljavafx/event/EventDispatchChain;)Ljavafx/event/Event;+29
j  com.sun.javafx.event.EventDispatchChainImpl.dispatchEvent(Ljavafx/event/Event;)Ljavafx/event/Event;+69
j  com.sun.javafx.event.EventUtil.fireEventImpl(Ljavafx/event/EventDispatchChain;Ljavafx/event/EventTarget;Ljavafx/event/Event;)Ljavafx/event/Event;+10
j  com.sun.javafx.event.EventUtil.fireEvent(Ljavafx/event/EventTarget;Ljavafx/event/Event;)Ljavafx/event/Event;+37
j  javafx.event.Event.fireEvent(Ljavafx/event/EventTarget;Ljavafx/event/Event;)V+30
j  javafx.scene.control.MenuItem.fire()V+10
j  com.sun.javafx.scene.control.ControlAcceleratorSupport.lambda$doAcceleratorInstall$12(Ljavafx/scene/control/MenuItem;)V+120
j  com.sun.javafx.scene.control.ControlAcceleratorSupport$$Lambda$135.run()V+4
j  com.sun.javafx.scene.KeyboardShortcutsHandler.processAccelerators(Ljavafx/scene/input/KeyEvent;)V+85
j  com.sun.javafx.scene.KeyboardShortcutsHandler.dispatchBubblingEvent(Ljavafx/event/Event;)Ljavafx/event/Event;+74
j  com.sun.javafx.event.CompositeEventDispatcher.dispatchBubblingEvent(Ljavafx/event/Event;)Ljavafx/event/Event;+11
j  com.sun.javafx.event.BasicEventDispatcher.dispatchEvent(Ljavafx/event/Event;Ljavafx/event/EventDispatchChain;)Ljavafx/event/Event;+29
j  com.sun.javafx.event.EventDispatchChainImpl.dispatchEvent(Ljavafx/event/Event;)Ljavafx/event/Event;+69
j  com.sun.javafx.event.BasicEventDispatcher.dispatchEvent(Ljavafx/event/Event;Ljavafx/event/EventDispatchChain;)Ljavafx/event/Event;+17
j  com.sun.javafx.event.EventDispatchChainImpl.dispatchEvent(Ljavafx/event/Event;)Ljavafx/event/Event;+69
j  com.sun.javafx.event.EventUtil.fireEventImpl(Ljavafx/event/EventDispatchChain;Ljavafx/event/EventTarget;Ljavafx/event/Event;)Ljavafx/event/Event;+10
j  com.sun.javafx.event.EventUtil.fireEvent(Ljavafx/event/EventTarget;Ljavafx/event/Event;)Ljavafx/event/Event;+46
j  javafx.event.Event.fireEvent(Ljavafx/event/EventTarget;Ljavafx/event/Event;)V+30
j  javafx.scene.Scene$KeyHandler.process(Ljavafx/scene/input/KeyEvent;)V+23
j  javafx.scene.Scene$KeyHandler.access$1800(Ljavafx/scene/Scene$KeyHandler;Ljavafx/scene/input/KeyEvent;)V+2
j  javafx.scene.Scene.impl_processKeyEvent(Ljavafx/scene/input/KeyEvent;)V+28
j  javafx.scene.Scene$ScenePeerListener.keyEvent(Ljavafx/scene/input/KeyEvent;)V+5
j  com.sun.javafx.tk.quantum.GlassViewEventHandler$KeyEventNotification.run()Ljava/lang/Void;+357
j  com.sun.javafx.tk.quantum.GlassViewEventHandler$KeyEventNotification.run()Ljava/lang/Object;+1
v  ~StubRoutines::call_stub
j  java.security.AccessController.doPrivileged(Ljava/security/PrivilegedAction;Ljava/security/AccessControlContext;)Ljava/lang/Object;+0
j  com.sun.javafx.tk.quantum.GlassViewEventHandler.lambda$handleKeyEvent$353()Ljava/lang/Void;+11
j  com.sun.javafx.tk.quantum.GlassViewEventHandler$$Lambda$208.get()Ljava/lang/Object;+4
j  com.sun.javafx.tk.quantum.QuantumToolkit.runWithoutRenderLock(Ljava/util/function/Supplier;)Ljava/lang/Object;+18
j  com.sun.javafx.tk.quantum.GlassViewEventHandler.handleKeyEvent(Lcom/sun/glass/ui/View;JII[CI)V+58
j  com.sun.glass.ui.View.handleKeyEvent(JII[CI)V+20
j  com.sun.glass.ui.View.notifyKey(II[CI)V+9
v  ~StubRoutines::call_stub
j  com.sun.glass.ui.gtk.GtkApplication._runLoop(Ljava/lang/Runnable;Z)V+0
j  com.sun.glass.ui.gtk.GtkApplication.lambda$null$49(Ljava/lang/Runnable;Z)V+7
j  com.sun.glass.ui.gtk.GtkApplication$$Lambda$43.run()V+12
j  java.lang.Thread.run()V+11
v  ~StubRoutines::call_stub

---------------  P R O C E S S  ---------------

Java Threads: ( => current thread )
  0x9d1a9400 JavaThread "Prism Font Disposer" daemon [_thread_blocked, id=11701, stack(0x9cef6000,0x9cf47000)]
=>0x088fb400 JavaThread "JavaFX Application Thread" [_thread_in_vm, id=11696, stack(0x9d8f8000,0x9d949000)]
  0x088f8800 JavaThread "Thread-2" daemon [_thread_blocked, id=11695, stack(0x9d949000,0x9d99a000)]
  0x088a0000 JavaThread "QuantumRenderer-0" daemon [_thread_blocked, id=11693, stack(0xa2e08000,0xa2e59000)]
  0xa31c4c00 JavaThread "JavaFX-Launcher" [_thread_blocked, id=11692, stack(0xa2e59000,0xa2eaa000)]
  0xa313bc00 JavaThread "Monitor Ctrl-Break" daemon [_thread_in_native, id=11691, stack(0xa3228000,0xa3279000)]
  0xa3baac00 JavaThread "Service Thread" daemon [_thread_blocked, id=11683, stack(0xa32fa000,0xa334b000)]
  0xa3ba8000 JavaThread "C1 CompilerThread2" daemon [_thread_blocked, id=11682, stack(0xa334b000,0xa33cc000)]
  0xa3ba6800 JavaThread "C2 CompilerThread1" daemon [_thread_blocked, id=11681, stack(0xa33cc000,0xa344d000)]
  0xa3ba4800 JavaThread "C2 CompilerThread0" daemon [_thread_blocked, id=11680, stack(0xa344d000,0xa34ce000)]
  0xa3ba3000 JavaThread "Signal Dispatcher" daemon [_thread_blocked, id=11679, stack(0xa3a0d000,0xa3a5e000)]
  0xa3b88400 JavaThread "Finalizer" daemon [_thread_blocked, id=11676, stack(0xa3a5e000,0xa3aaf000)]
  0xa3b85800 JavaThread "Reference Handler" daemon [_thread_blocked, id=11675, stack(0xa3aaf000,0xa3b00000)]
  0xf6508400 JavaThread "main" [_thread_blocked, id=11663, stack(0xf66d5000,0xf6726000)]

Other Threads:
  0xa3b81000 VMThread [stack: 0xa3c0b000,0xa3c8c000] [id=11673]
  0xa3bae000 WatcherThread [stack: 0xa3279000,0xa32fa000] [id=11686]

VM state:not at safepoint (normal execution)

VM Mutex/Monitor currently owned by a thread: None

Heap:
 PSYoungGen      total 19200K, used 7256K [0xd1ac0000, 0xd3000000, 0xe7000000)
  eden space 16640K, 28% used [0xd1ac0000,0xd1f591d8,0xd2b00000)
  from space 2560K, 99% used [0xd2d80000,0xd2ffd118,0xd3000000)
  to   space 2560K, 0% used [0xd2b00000,0xd2b00000,0xd2d80000)
 ParOldGen       total 43776K, used 4075K [0xa7000000, 0xa9ac0000, 0xd1ac0000)
  object space 43776K, 9% used [0xa7000000,0xa73fad18,0xa9ac0000)
 Metaspace       used 11066K, capacity 11660K, committed 11800K, reserved 12592K

Card table byte_map: [0xa6dff000,0xa7000000] byte_map_base: 0xa68c7000

Marking Bits: (ParMarkBitMap*) 0xf71878c0
 Begin Bits: [0xa4700000, 0xa5700000)
 End Bits:   [0xa5700000, 0xa6700000)

Polling page: 0xf77a3000

CodeCache: size=245760Kb used=4337Kb max_used=4337Kb free=241422Kb
 bounds [0xe7500000, 0xe7940000, 0xf6500000]
 total_blobs=2251 nmethods=1849 adapters=315
 compilation: enabled

Compilation events (10 events):
Event: 7,316 Thread 0xa3ba8000 1845       1       com.sun.javafx.geom.BoxBounds::is2D (2 bytes)
Event: 7,316 Thread 0xa3ba8000 nmethod 1845 0xe793c788 code [0xe793c880, 0xe793c920]
Event: 7,397 Thread 0xa3ba8000 1846       1       java.util.EventObject::getSource (5 bytes)
Event: 7,397 Thread 0xa3ba8000 nmethod 1846 0xe793c988 code [0xe793ca80, 0xe793cb20]
Event: 7,407 Thread 0xa3ba8000 1847       1       com.sun.javafx.scene.input.PickResultChooser::isClosed (5 bytes)
Event: 7,407 Thread 0xa3ba8000 nmethod 1847 0xe793cb88 code [0xe793cc80, 0xe793cd20]
Event: 7,407 Thread 0xa3ba8000 1848       1       javafx.scene.input.PickResult::getIntersectedPoint (5 bytes)
Event: 7,407 Thread 0xa3ba8000 nmethod 1848 0xe793cd88 code [0xe793ce80, 0xe793cf20]
Event: 7,411 Thread 0xa3ba8000 1849       3       com.sun.javafx.tk.Toolkit::isFxUserThread (15 bytes)
Event: 7,412 Thread 0xa3ba8000 nmethod 1849 0xe793cf88 code [0xe793d0a0, 0xe793d1e0]

GC Heap History (4 events):
Event: 1,046 GC heap before
{Heap before GC invocations=1 (full 0):
 PSYoungGen      total 19200K, used 16640K [0xd1ac0000, 0xd3000000, 0xe7000000)
  eden space 16640K, 100% used [0xd1ac0000,0xd2b00000,0xd2b00000)
  from space 2560K, 0% used [0xd2d80000,0xd2d80000,0xd3000000)
  to   space 2560K, 0% used [0xd2b00000,0xd2b00000,0xd2d80000)
 ParOldGen       total 43776K, used 0K [0xa7000000, 0xa9ac0000, 0xd1ac0000)
  object space 43776K, 0% used [0xa7000000,0xa7000000,0xa9ac0000)
 Metaspace       used 6762K, capacity 7114K, committed 7192K, reserved 7472K
Event: 1,057 GC heap after
Heap after GC invocations=1 (full 0):
 PSYoungGen      total 19200K, used 2552K [0xd1ac0000, 0xd3000000, 0xe7000000)
  eden space 16640K, 0% used [0xd1ac0000,0xd1ac0000,0xd2b00000)
  from space 2560K, 99% used [0xd2b00000,0xd2d7e0a0,0xd2d80000)
  to   space 2560K, 0% used [0xd2d80000,0xd2d80000,0xd3000000)
 ParOldGen       total 43776K, used 200K [0xa7000000, 0xa9ac0000, 0xd1ac0000)
  object space 43776K, 0% used [0xa7000000,0xa7032010,0xa9ac0000)
 Metaspace       used 6762K, capacity 7114K, committed 7192K, reserved 7472K
}
Event: 4,944 GC heap before
{Heap before GC invocations=2 (full 0):
 PSYoungGen      total 19200K, used 19192K [0xd1ac0000, 0xd3000000, 0xe7000000)
  eden space 16640K, 100% used [0xd1ac0000,0xd2b00000,0xd2b00000)
  from space 2560K, 99% used [0xd2b00000,0xd2d7e0a0,0xd2d80000)
  to   space 2560K, 0% used [0xd2d80000,0xd2d80000,0xd3000000)
 ParOldGen       total 43776K, used 200K [0xa7000000, 0xa9ac0000, 0xd1ac0000)
  object space 43776K, 0% used [0xa7000000,0xa7032010,0xa9ac0000)
 Metaspace       used 10275K, capacity 10777K, committed 10904K, reserved 11568K
Event: 4,956 GC heap after
Heap after GC invocations=2 (full 0):
 PSYoungGen      total 19200K, used 2548K [0xd1ac0000, 0xd3000000, 0xe7000000)
  eden space 16640K, 0% used [0xd1ac0000,0xd1ac0000,0xd2b00000)
  from space 2560K, 99% used [0xd2d80000,0xd2ffd118,0xd3000000)
  to   space 2560K, 0% used [0xd2b00000,0xd2b00000,0xd2d80000)
 ParOldGen       total 43776K, used 4075K [0xa7000000, 0xa9ac0000, 0xd1ac0000)
  object space 43776K, 9% used [0xa7000000,0xa73fad18,0xa9ac0000)
 Metaspace       used 10275K, capacity 10777K, committed 10904K, reserved 11568K
}

Deoptimization events (10 events):
Event: 1,813 Thread 0x088fb400 Uncommon trap: reason=unstable_if action=reinterpret pc=0xe770a250 method=sun.net.www.ParseUtil.encodePath(Ljava/lang/String;Z)Ljava/lang/String; @ 109
Event: 1,838 Thread 0x088fb400 Uncommon trap: reason=unstable_if action=reinterpret pc=0xe779e5c0 method=com.sun.javafx.css.BitSet.add(Ljava/lang/Object;)Z @ 91
Event: 5,016 Thread 0x088fb400 Uncommon trap: reason=unstable_if action=reinterpret pc=0xe780da78 method=javafx.scene.CssStyleHelper.lookup(Ljavafx/css/Styleable;Ljavafx/css/CssMetaData;Lcom/sun/javafx/css/StyleMap;Ljava/util/Set;Ljavafx/css/Styleable;Lcom/sun/javafx/css/CalculatedValu
Event: 5,051 Thread 0x088fb400 Uncommon trap: reason=unstable_if action=reinterpret pc=0xe7829f70 method=java.lang.ClassLoader.checkName(Ljava/lang/String;)Z @ 20
Event: 5,065 Thread 0x088fb400 Uncommon trap: reason=unstable_if action=reinterpret pc=0xe77d6100 method=com.sun.javafx.css.BitSet.addAll(Ljava/util/Collection;)Z @ 1
Event: 5,079 Thread 0x088fb400 Uncommon trap: reason=array_check action=maybe_recompile pc=0xe78a1014 method=com.sun.javafx.css.SimpleSelector.applies(Ljavafx/css/Styleable;[Ljava/util/Set;I)Z @ 37
Event: 5,079 Thread 0x088fb400 Uncommon trap: reason=array_check action=maybe_recompile pc=0xe78a1014 method=com.sun.javafx.css.SimpleSelector.applies(Ljavafx/css/Styleable;[Ljava/util/Set;I)Z @ 37
Event: 5,079 Thread 0x088fb400 Uncommon trap: reason=array_check action=maybe_recompile pc=0xe78a1014 method=com.sun.javafx.css.SimpleSelector.applies(Ljavafx/css/Styleable;[Ljava/util/Set;I)Z @ 37
Event: 5,079 Thread 0x088fb400 Uncommon trap: reason=array_check action=maybe_recompile pc=0xe78a1014 method=com.sun.javafx.css.SimpleSelector.applies(Ljavafx/css/Styleable;[Ljava/util/Set;I)Z @ 37
Event: 5,179 Thread 0x088fb400 Uncommon trap: reason=unstable_if action=reinterpret pc=0xe7727818 method=jdk.internal.org.objectweb.asm.Type.getArgumentsAndReturnSizes(Ljava/lang/String;)I @ 47

Internal exceptions (10 events):
Event: 0,326 Thread 0xa31c4c00 Exception <a 'java/lang/NullPointerException'> (0xd1dc6bb0) thrown at [/HUDSON/workspace/8-2-build-linux-i586/jdk8u121/8372/hotspot/src/share/vm/interpreter/linkResolver.cpp, line 1178]
Event: 0,824 Thread 0x088fb400 Exception <a 'java/lang/NullPointerException'> (0xd25d66a8) thrown at [/HUDSON/workspace/8-2-build-linux-i586/jdk8u121/8372/hotspot/src/share/vm/interpreter/linkResolver.cpp, line 1178]
Event: 0,824 Thread 0x088fb400 Exception <a 'java/lang/NullPointerException'> (0xd25d66a8) thrown at [/HUDSON/workspace/8-2-build-linux-i586/jdk8u121/8372/hotspot/src/share/vm/prims/jvm.cpp, line 1394]
Event: 1,039 Thread 0x088fb400 Exception <a 'java/lang/ArrayIndexOutOfBoundsException'> (0xd2aef6e0) thrown at [/HUDSON/workspace/8-2-build-linux-i586/jdk8u121/8372/hotspot/src/share/vm/runtime/sharedRuntime.cpp, line 605]
Event: 1,040 Thread 0x088fb400 Exception <a 'java/lang/ArrayIndexOutOfBoundsException'> (0xd2af02b8) thrown at [/HUDSON/workspace/8-2-build-linux-i586/jdk8u121/8372/hotspot/src/share/vm/runtime/sharedRuntime.cpp, line 605]
Event: 1,040 Thread 0x088fb400 Exception <a 'java/lang/ArrayIndexOutOfBoundsException'> (0xd2af1420) thrown at [/HUDSON/workspace/8-2-build-linux-i586/jdk8u121/8372/hotspot/src/share/vm/runtime/sharedRuntime.cpp, line 605]
Event: 1,045 Thread 0x088fb400 Exception <a 'java/lang/ArrayIndexOutOfBoundsException'> (0xd2af98a8) thrown at [/HUDSON/workspace/8-2-build-linux-i586/jdk8u121/8372/hotspot/src/share/vm/runtime/sharedRuntime.cpp, line 605]
Event: 1,220 Thread 0x088fb400 Implicit null exception at 0xe76bd1ff to 0xe76bd385
Event: 4,962 Thread 0x088fb400 Exception <a 'java/lang/ArrayIndexOutOfBoundsException'> (0xd1b6bca0) thrown at [/HUDSON/workspace/8-2-build-linux-i586/jdk8u121/8372/hotspot/src/share/vm/runtime/sharedRuntime.cpp, line 605]
Event: 5,065 Thread 0x088fb400 Implicit null exception at 0xe77d5a19 to 0xe77d60ed

Events (10 events):
Event: 7,408 loading class com/sun/prism/GraphicsResource
Event: 7,408 loading class com/sun/prism/GraphicsResource done
Event: 7,409 loading class com/sun/prism/GraphicsResource
Event: 7,409 loading class com/sun/prism/GraphicsResource done
Event: 7,409 loading class com/sun/javafx/tk/quantum/ViewScene
Event: 7,409 loading class com/sun/javafx/tk/quantum/ViewScene done
Event: 7,410 loading class com/sun/javafx/tk/quantum/WindowStage
Event: 7,410 loading class com/sun/javafx/tk/quantum/WindowStage done
Event: 7,412 loading class com/sun/javafx/scene/KeyboardShortcutsHandler$1
Event: 7,412 loading class com/sun/javafx/scene/KeyboardShortcutsHandler$1 done


Dynamic libraries:
08048000-08049000 r-xp 00000000 08:05 5399248                            /home/wintson/jdk1.8.0_121/bin/java
08049000-0804a000 rw-p 00000000 08:05 5399248                            /home/wintson/jdk1.8.0_121/bin/java
08868000-08913000 rw-p 00000000 00:00 0                                  [heap]
9bf00000-9bfb9000 rw-p 00000000 00:00 0 
9bfb9000-9c000000 ---p 00000000 00:00 0 
9c064000-9c200000 rw-p 00000000 00:00 0 
9c200000-9c2fe000 rw-p 00000000 00:00 0 
9c2fe000-9c300000 ---p 00000000 00:00 0 
9c300000-9c340000 rw-p 00000000 00:00 0 
9c340000-9c400000 ---p 00000000 00:00 0 
9c400000-9c487000 rw-p 00000000 00:00 0 
9c487000-9c500000 ---p 00000000 00:00 0 
9c500000-9c5da000 rw-p 00000000 00:00 0 
9c5da000-9c600000 ---p 00000000 00:00 0 
9c600000-9c700000 rw-p 00000000 00:00 0 
9c700000-9c8fd000 rw-p 00000000 00:00 0 
9c8fd000-9c900000 ---p 00000000 00:00 0 
9c900000-9ca00000 rw-s 1285c3000 00:06 343                               /dev/dri/card0
9ca00000-9cae3000 rw-p 00000000 00:00 0 
9cae3000-9cb00000 ---p 00000000 00:00 0 
9cb00000-9cc00000 rw-s 127b29000 00:06 343                               /dev/dri/card0
9cc00000-9ccfb000 rw-p 00000000 00:00 0 
9ccfb000-9cd00000 ---p 00000000 00:00 0 
9cd04000-9cdbb000 rw-p 00000000 00:00 0 
9cdbb000-9cdcb000 rw-s 129415000 00:06 343                               /dev/dri/card0
9cde6000-9cdf6000 rw-s 12808b000 00:06 343                               /dev/dri/card0
9cdf6000-9cef6000 rw-p 00000000 00:00 0 
9cef6000-9cef9000 ---p 00000000 00:00 0 
9cef9000-9cf47000 rw-p 00000000 00:00 0 
9cf47000-9d000000 r--p 00000000 08:05 3810976                            /usr/share/fonts/truetype/dejavu/DejaVuSans.ttf
9d000000-9d100000 rw-p 00000000 00:00 0 
9d100000-9d1fc000 rw-p 00000000 00:00 0 
9d1fc000-9d200000 ---p 00000000 00:00 0 
9d200000-9d2fc000 rw-p 00000000 00:00 0 
9d2fc000-9d300000 ---p 00000000 00:00 0 
9d300000-9d400000 rw-p 00000000 00:00 0 
9d400000-9d500000 rw-p 00000000 00:00 0 
9d500000-9d600000 rw-p 00000000 00:00 0 
9d600000-9d700000 rw-p 00000000 00:00 0 
9d700000-9d800000 rw-p 00000000 00:00 0 
9d803000-9d805000 rw-s 1293f3000 00:06 343                               /dev/dri/card0
9d805000-9d806000 rw-s 1293f2000 00:06 343                               /dev/dri/card0
9d807000-9d808000 rw-s 129426000 00:06 343                               /dev/dri/card0
9d808000-9d80c000 r-xp 00000000 08:05 5399449                            /home/wintson/jdk1.8.0_121/jre/lib/i386/libjavafx_font_pango.so
9d80c000-9d80d000 rw-p 00003000 08:05 5399449                            /home/wintson/jdk1.8.0_121/jre/lib/i386/libjavafx_font_pango.so
9d80d000-9d812000 r--s 00084000 08:05 5399336                            /home/wintson/jdk1.8.0_121/jre/lib/jfr.jar
9d812000-9d84e000 r-xp 00000000 08:05 2758433                            /usr/lib/i386-linux-gnu/gtk-2.0/2.10.0/engines/libmurrine.so
9d84e000-9d84f000 r--p 0003b000 08:05 2758433                            /usr/lib/i386-linux-gnu/gtk-2.0/2.10.0/engines/libmurrine.so
9d84f000-9d850000 rw-p 0003c000 08:05 2758433                            /usr/lib/i386-linux-gnu/gtk-2.0/2.10.0/engines/libmurrine.so
9d850000-9d85a000 r-xp 00000000 08:05 2757955                            /usr/lib/i386-linux-gnu/gtk-2.0/2.10.0/engines/libpixmap.so
9d85a000-9d85b000 r--p 00009000 08:05 2757955                            /usr/lib/i386-linux-gnu/gtk-2.0/2.10.0/engines/libpixmap.so
9d85b000-9d85c000 rw-p 0000a000 08:05 2757955                            /usr/lib/i386-linux-gnu/gtk-2.0/2.10.0/engines/libpixmap.so
9d85c000-9d864000 r--s 00000000 08:05 5799422                            /home/wintson/.cache/fontconfig/945677eb7aeaf62f1d50efc3fb3ec7d8-le32d4.cache-6
9d864000-9d866000 r--s 00000000 08:05 5799421                            /home/wintson/.cache/fontconfig/99e8ed0e538f840c565b6ed5dad60d56-le32d4.cache-6
9d866000-9d86a000 r--s 00000000 08:05 5799420                            /home/wintson/.cache/fontconfig/2cd17615ca594fa2959ae173292e504c-le32d4.cache-6
9d86a000-9d86b000 r--s 00000000 08:05 5799419                            /home/wintson/.cache/fontconfig/0d8c3b2ac0904cb8a57a757ad11a4a08-le32d4.cache-6
9d86b000-9d87a000 r--s 00000000 08:05 5799418                            /home/wintson/.cache/fontconfig/04aabc0a78ac019cf9454389977116d2-le32d4.cache-6
9d87a000-9d87b000 r--s 00000000 08:05 5799417                            /home/wintson/.cache/fontconfig/1ac9eb803944fde146138c791f5cc56a-le32d4.cache-6
9d87b000-9d87e000 r--s 00000000 08:05 5799416                            /home/wintson/.cache/fontconfig/385c0604a188198f04d133e54aba7fe7-le32d4.cache-6
9d87e000-9d87f000 r--s 00000000 08:05 5799415                            /home/wintson/.cache/fontconfig/dc05db6664285cc2f12bf69c139ae4c3-le32d4.cache-6
9d87f000-9d880000 r--s 00000000 08:05 5799414                            /home/wintson/.cache/fontconfig/14a5e22175779b556eaa434240950366-le32d4.cache-6
9d880000-9d881000 r--s 00000000 08:05 5799413                            /home/wintson/.cache/fontconfig/660208299946a285a940457d1287da33-le32d4.cache-6
9d881000-9d882000 r--s 00000000 08:05 5799412                            /home/wintson/.cache/fontconfig/4f3e3037c9980c83b53a9351efadef62-le32d4.cache-6
9d882000-9d884000 r--s 00000000 08:05 5799411                            /home/wintson/.cache/fontconfig/767a8244fc0220cfb567a839d0392e0b-le32d4.cache-6
9d884000-9d885000 r--s 00000000 08:05 5799410                            /home/wintson/.cache/fontconfig/4794a0821666d79190d59a36cb4f44b5-le32d4.cache-6
9d885000-9d8b4000 r--s 00000000 08:05 5799409                            /home/wintson/.cache/fontconfig/0bd3dc0958fa2205aaaa8ebb13e2872b-le32d4.cache-6
9d8b4000-9d8b8000 r--s 00000000 08:05 5799408                            /home/wintson/.cache/fontconfig/8801497958630a81b71ace7c5f9b32a8-le32d4.cache-6
9d8b8000-9d8ba000 r--s 00000000 08:05 5799407                            /home/wintson/.cache/fontconfig/a015930274ffcd967d2ca1b57da47cc7-le32d4.cache-6
9d8ba000-9d8bb000 r--s 00000000 08:05 5799406                            /home/wintson/.cache/fontconfig/b872e6e592da6075ffa4ab0a1fcc0c75-le32d4.cache-6
9d8bb000-9d8bc000 r--s 00000000 08:05 5799405                            /home/wintson/.cache/fontconfig/f6d4eedfaab2589bde49f7a3ff831d22-le32d4.cache-6
9d8bc000-9d8bd000 r--s 00000000 08:05 5799404                            /home/wintson/.cache/fontconfig/589f83ef4c36d296ce6e1c846f468f08-le32d4.cache-6
9d8bd000-9d8be000 r--s 00000000 08:05 5799403                            /home/wintson/.cache/fontconfig/bab58bb527bb656aaa9f116d68a48d89-le32d4.cache-6
9d8be000-9d8bf000 r--s 00000000 08:05 5799402                            /home/wintson/.cache/fontconfig/2171a34dccabdb6bcbbc728186263178-le32d4.cache-6
9d8bf000-9d8c0000 r--s 00000000 08:05 5799401                            /home/wintson/.cache/fontconfig/c5c45a61289222e0d30b1a26ef4effbe-le32d4.cache-6
9d8c0000-9d8c1000 r--s 00000000 08:05 5799400                            /home/wintson/.cache/fontconfig/aec30016f93e1b46d1a973dce0d74068-le32d4.cache-6
9d8c1000-9d8c2000 r--s 00000000 08:05 5799399                            /home/wintson/.cache/fontconfig/3f589640d34b7dc9042c8d453f7c8b9c-le32d4.cache-6
9d8c2000-9d8c3000 r--s 00000000 08:05 5799398                            /home/wintson/.cache/fontconfig/16c2fda60d1b4b719f4b3d06fd951d25-le32d4.cache-6
9d8c3000-9d8c4000 r--s 00000000 08:05 5799397                            /home/wintson/.cache/fontconfig/a48eab177a16e4f3713381162db2f3e9-le32d4.cache-6
9d8c4000-9d8c5000 r--s 00000000 08:05 5799396                            /home/wintson/.cache/fontconfig/564b2e68ac9bc4e36a6f7f6d6125ec1c-le32d4.cache-6
9d8c5000-9d8ca000 r--s 00000000 08:05 5799395                            /home/wintson/.cache/fontconfig/3047814df9a2f067bd2d96a2b9c36e5a-le32d4.cache-6
9d8ca000-9d8cb000 r--s 00000000 08:05 5799394                            /home/wintson/.cache/fontconfig/56cf4f4769d0f4abc89a4895d7bd3ae1-le32d4.cache-6
9d8cb000-9d8cc000 r--s 00000000 08:05 5799393                            /home/wintson/.cache/fontconfig/b9d506c9ac06c20b433354fa67a72993-le32d4.cache-6
9d8cc000-9d8d0000 r--s 00000000 08:05 5799392                            /home/wintson/.cache/fontconfig/b47c4e1ecd0709278f4910c18777a504-le32d4.cache-6
9d8d0000-9d8e0000 r--s 00000000 08:05 5799391                            /home/wintson/.cache/fontconfig/d52a8644073d54c13679302ca1180695-le32d4.cache-6
9d8e0000-9d8e1000 r--s 00000000 08:05 5799390                            /home/wintson/.cache/fontconfig/370e5b74bf5dafc30834de68e24a87a4-le32d4.cache-6
9d8e1000-9d8ea000 r--s 00000000 08:05 5799383                            /home/wintson/.cache/fontconfig/d589a48862398ed80a3d6066f4f56f4c-le32d4.cache-6
9d8ea000-9d8f8000 r--s 00000000 08:05 5799375                            /home/wintson/.cache/fontconfig/9b89f8e3dae116d678bbf48e5f21f69b-le32d4.cache-6
9d8f8000-9d8fb000 ---p 00000000 00:00 0 
9d8fb000-9d949000 rw-p 00000000 00:00 0 
9d949000-9d94c000 ---p 00000000 00:00 0 
9d94c000-9d99a000 rw-p 00000000 00:00 0 
9d99a000-9d9a2000 r-xp 00000000 08:05 2633008                            /usr/lib/i386-linux-gnu/libgailutil.so.18.0.1
9d9a2000-9d9a3000 r--p 00007000 08:05 2633008                            /usr/lib/i386-linux-gnu/libgailutil.so.18.0.1
9d9a3000-9d9a4000 rw-p 00008000 08:05 2633008                            /usr/lib/i386-linux-gnu/libgailutil.so.18.0.1
9d9a4000-9d9fe000 r-xp 00000000 08:05 2757976                            /usr/lib/i386-linux-gnu/gtk-2.0/modules/libgail.so
9d9fe000-9d9ff000 r--p 00059000 08:05 2757976                            /usr/lib/i386-linux-gnu/gtk-2.0/modules/libgail.so
9d9ff000-9da00000 rw-p 0005a000 08:05 2757976                            /usr/lib/i386-linux-gnu/gtk-2.0/modules/libgail.so
9da00000-9db00000 rw-p 00000000 00:00 0 
9db00000-9db01000 r--s 00000000 08:05 5799389                            /home/wintson/.cache/fontconfig/6b2c5944714ca7831b25bed9e85cb5c8-le32d4.cache-6
9db01000-9db02000 r--s 00000000 08:05 5799388                            /home/wintson/.cache/fontconfig/d5178ab6d91b49bf20a416737dcea9e8-le32d4.cache-6
9db02000-9db03000 r--s 00000000 08:05 5799387                            /home/wintson/.cache/fontconfig/551ecf3b0e8b0bca0f25c0944f561853-le32d4.cache-6
9db03000-9db05000 r--s 00000000 08:05 5799386                            /home/wintson/.cache/fontconfig/f259c2cffa685e28062317905db73c4a-le32d4.cache-6
9db05000-9db06000 r--s 00000000 08:05 5799385                            /home/wintson/.cache/fontconfig/550f3886151c940c12a5ed35f6a00586-le32d4.cache-6
9db06000-9db08000 r--s 00000000 08:05 5799384                            /home/wintson/.cache/fontconfig/674d1711f2d1d2a09646eb0bdcadee49-le32d4.cache-6
9db08000-9db09000 r--s 00000000 08:05 5799382                            /home/wintson/.cache/fontconfig/0c9eb80ebd1c36541ebe2852d3bb0c49-le32d4.cache-6
9db09000-9db0a000 r--s 00000000 08:05 5799381                            /home/wintson/.cache/fontconfig/22368d551a680bfe5a62c02760edf4ea-le32d4.cache-6
9db0a000-9db0b000 r--s 00000000 08:05 5799380                            /home/wintson/.cache/fontconfig/4d9c95eba1cb85bbcf2878543262124a-le32d4.cache-6
9db0b000-9db0c000 r--s 00000000 08:05 5799379                            /home/wintson/.cache/fontconfig/85e0a52ce643a7ba2ae53e5d6949cead-le32d4.cache-6
9db0c000-9db12000 r--s 00000000 08:05 5799374                            /home/wintson/.cache/fontconfig/d0972c3d32f097851eb916381fc38920-le32d4.cache-6
9db12000-9db16000 r--s 00000000 08:05 5799363                            /home/wintson/.cache/fontconfig/7ef2298fde41cc6eeb7af42e48b7d293-le32d4.cache-6
9db16000-9db1b000 r-xp 00000000 08:05 5399462                            /home/wintson/jdk1.8.0_121/jre/lib/i386/libjavafx_font_freetype.so
9db1b000-9db1c000 rw-p 00004000 08:05 5399462                            /home/wintson/jdk1.8.0_121/jre/lib/i386/libjavafx_font_freetype.so
9db1c000-9db1f000 r-xp 00000000 08:05 5399417                            /home/wintson/jdk1.8.0_121/jre/lib/i386/libjavafx_font.so
9db1f000-9db20000 rw-p 00002000 08:05 5399417                            /home/wintson/jdk1.8.0_121/jre/lib/i386/libjavafx_font.so
9db20000-9db2c000 rw-s 125e0f000 00:06 343                               /dev/dri/card0
9db2c000-9db61000 r-xp 00000000 08:05 2633296                            /usr/lib/i386-linux-gnu/libtxc_dxtn_s2tc.so.0.0.0
9db61000-9db62000 r--p 00034000 08:05 2633296                            /usr/lib/i386-linux-gnu/libtxc_dxtn_s2tc.so.0.0.0
9db62000-9db63000 rw-p 00035000 08:05 2633296                            /usr/lib/i386-linux-gnu/libtxc_dxtn_s2tc.so.0.0.0
9db63000-9db64000 ---p 00000000 00:00 0 
9db64000-9e364000 rw-p 00000000 00:00 0 
9e364000-9e37e000 r-xp 00000000 08:05 5517096                            /lib/i386-linux-gnu/libbsd.so.0.8.2
9e37e000-9e37f000 r--p 00019000 08:05 5517096                            /lib/i386-linux-gnu/libbsd.so.0.8.2
9e37f000-9e380000 rw-p 0001a000 08:05 5517096                            /lib/i386-linux-gnu/libbsd.so.0.8.2
9e380000-9e3a0000 r-xp 00000000 08:05 5517175                            /lib/i386-linux-gnu/libtinfo.so.5.9
9e3a0000-9e3a2000 r--p 0001f000 08:05 5517175                            /lib/i386-linux-gnu/libtinfo.so.5.9
9e3a2000-9e3a3000 rw-p 00021000 08:05 5517175                            /lib/i386-linux-gnu/libtinfo.so.5.9
9e3a3000-9e3d5000 r-xp 00000000 08:05 2632984                            /usr/lib/i386-linux-gnu/libedit.so.2.0.53
9e3d5000-9e3d6000 ---p 00032000 08:05 2632984                            /usr/lib/i386-linux-gnu/libedit.so.2.0.53
9e3d6000-9e3d7000 r--p 00032000 08:05 2632984                            /usr/lib/i386-linux-gnu/libedit.so.2.0.53
9e3d7000-9e3d8000 rw-p 00033000 08:05 2632984                            /usr/lib/i386-linux-gnu/libedit.so.2.0.53
9e3d8000-9e3da000 rw-p 00000000 00:00 0 
9e3da000-a0d23000 r-xp 00000000 08:05 2631228                            /usr/lib/i386-linux-gnu/libLLVM-3.8.so.1
a0d23000-a0d24000 ---p 02949000 08:05 2631228                            /usr/lib/i386-linux-gnu/libLLVM-3.8.so.1
a0d24000-a0f11000 r--p 02949000 08:05 2631228                            /usr/lib/i386-linux-gnu/libLLVM-3.8.so.1
a0f11000-a0f12000 rw-p 02b36000 08:05 2631228                            /usr/lib/i386-linux-gnu/libLLVM-3.8.so.1
a0f12000-a0f31000 rw-p 00000000 00:00 0 
a0f31000-a0f4b000 r-xp 00000000 08:05 2632985                            /usr/lib/i386-linux-gnu/libelf-0.165.so
a0f4b000-a0f4c000 r--p 00019000 08:05 2632985                            /usr/lib/i386-linux-gnu/libelf-0.165.so
a0f4c000-a0f4d000 rw-p 0001a000 08:05 2632985                            /usr/lib/i386-linux-gnu/libelf-0.165.so
a0f4d000-a0f56000 r-xp 00000000 08:05 2630920                            /usr/lib/i386-linux-gnu/libdrm_amdgpu.so.1.0.0
a0f56000-a0f57000 r--p 00008000 08:05 2630920                            /usr/lib/i386-linux-gnu/libdrm_amdgpu.so.1.0.0
a0f57000-a0f58000 rw-p 00009000 08:05 2630920                            /usr/lib/i386-linux-gnu/libdrm_amdgpu.so.1.0.0
a0f58000-a0f64000 r-xp 00000000 08:05 2630932                            /usr/lib/i386-linux-gnu/libdrm_radeon.so.1.0.1
a0f64000-a0f65000 r--p 0000b000 08:05 2630932                            /usr/lib/i386-linux-gnu/libdrm_radeon.so.1.0.1
a0f65000-a0f66000 rw-p 0000c000 08:05 2630932                            /usr/lib/i386-linux-gnu/libdrm_radeon.so.1.0.1
a0f66000-a0f6e000 r-xp 00000000 08:05 2630928                            /usr/lib/i386-linux-gnu/libdrm_nouveau.so.2.0.0
a0f6e000-a0f6f000 r--p 00007000 08:05 2630928                            /usr/lib/i386-linux-gnu/libdrm_nouveau.so.2.0.0
a0f6f000-a0f70000 rw-p 00008000 08:05 2630928                            /usr/lib/i386-linux-gnu/libdrm_nouveau.so.2.0.0
a0f70000-a18e0000 r-xp 00000000 08:05 2626805                            /usr/lib/i386-linux-gnu/dri/r600_dri.so
a18e0000-a1932000 r--p 0096f000 08:05 2626805                            /usr/lib/i386-linux-gnu/dri/r600_dri.so
a1932000-a193c000 rw-p 009c1000 08:05 2626805                            /usr/lib/i386-linux-gnu/dri/r600_dri.so
a193c000-a1b30000 rw-p 00000000 00:00 0 
a1b30000-a1b4f000 r-xp 00000000 08:05 5515791                            /lib/i386-linux-gnu/libudev.so.1.6.4
a1b4f000-a1b50000 r--p 0001e000 08:05 5515791                            /lib/i386-linux-gnu/libudev.so.1.6.4
a1b50000-a1b51000 rw-p 0001f000 08:05 5515791                            /lib/i386-linux-gnu/libudev.so.1.6.4
a1b51000-a1b58000 r-xp 00000000 08:05 2632968                            /usr/lib/i386-linux-gnu/libdatrie.so.1.3.3
a1b58000-a1b59000 ---p 00007000 08:05 2632968                            /usr/lib/i386-linux-gnu/libdatrie.so.1.3.3
a1b59000-a1b5a000 r--p 00007000 08:05 2632968                            /usr/lib/i386-linux-gnu/libdatrie.so.1.3.3
a1b5a000-a1b5b000 rw-p 00008000 08:05 2632968                            /usr/lib/i386-linux-gnu/libdatrie.so.1.3.3
a1b5b000-a1b60000 r-xp 00000000 08:05 2632894                            /usr/lib/i386-linux-gnu/libXdmcp.so.6.0.0
a1b60000-a1b61000 r--p 00004000 08:05 2632894                            /usr/lib/i386-linux-gnu/libXdmcp.so.6.0.0
a1b61000-a1b62000 rw-p 00005000 08:05 2632894                            /usr/lib/i386-linux-gnu/libXdmcp.so.6.0.0
a1b62000-a1b64000 r-xp 00000000 08:05 2632881                            /usr/lib/i386-linux-gnu/libXau.so.6.0.0
a1b64000-a1b65000 r--p 00001000 08:05 2632881                            /usr/lib/i386-linux-gnu/libXau.so.6.0.0
a1b65000-a1b66000 rw-p 00002000 08:05 2632881                            /usr/lib/i386-linux-gnu/libXau.so.6.0.0
a1b66000-a1b8a000 r-xp 00000000 08:05 2633048                            /usr/lib/i386-linux-gnu/libgraphite2.so.3.0.1
a1b8a000-a1b8b000 ---p 00024000 08:05 2633048                            /usr/lib/i386-linux-gnu/libgraphite2.so.3.0.1
a1b8b000-a1b8c000 r--p 00024000 08:05 2633048                            /usr/lib/i386-linux-gnu/libgraphite2.so.3.0.1
a1b8c000-a1b8d000 rw-p 00025000 08:05 2633048                            /usr/lib/i386-linux-gnu/libgraphite2.so.3.0.1
a1b8d000-a1b9d000 r-xp 00000000 08:05 2627192                            /usr/lib/i386-linux-gnu/libdrm.so.2.4.0
a1b9d000-a1b9e000 r--p 0000f000 08:05 2627192                            /usr/lib/i386-linux-gnu/libdrm.so.2.4.0
a1b9e000-a1b9f000 rw-p 00010000 08:05 2627192                            /usr/lib/i386-linux-gnu/libdrm.so.2.4.0
a1b9f000-a1ba3000 r-xp 00000000 08:05 2633321                            /usr/lib/i386-linux-gnu/libxcb-dri2.so.0.0.0
a1ba3000-a1ba4000 r--p 00003000 08:05 2633321                            /usr/lib/i386-linux-gnu/libxcb-dri2.so.0.0.0
a1ba4000-a1ba5000 rw-p 00004000 08:05 2633321                            /usr/lib/i386-linux-gnu/libxcb-dri2.so.0.0.0
a1ba5000-a1bbd000 r-xp 00000000 08:05 2633325                            /usr/lib/i386-linux-gnu/libxcb-glx.so.0.0.0
a1bbd000-a1bbe000 ---p 00018000 08:05 2633325                            /usr/lib/i386-linux-gnu/libxcb-glx.so.0.0.0
a1bbe000-a1bbf000 r--p 00018000 08:05 2633325                            /usr/lib/i386-linux-gnu/libxcb-glx.so.0.0.0
a1bbf000-a1bc0000 rw-p 00019000 08:05 2633325                            /usr/lib/i386-linux-gnu/libxcb-glx.so.0.0.0
a1bc0000-a1bc1000 r-xp 00000000 08:05 2632877                            /usr/lib/i386-linux-gnu/libX11-xcb.so.1.0.0
a1bc1000-a1bc2000 r--p 00000000 08:05 2632877                            /usr/lib/i386-linux-gnu/libX11-xcb.so.1.0.0
a1bc2000-a1bc3000 rw-p 00001000 08:05 2632877                            /usr/lib/i386-linux-gnu/libX11-xcb.so.1.0.0
a1bc3000-a1bd6000 r-xp 00000000 08:05 2631236                            /usr/lib/i386-linux-gnu/libglapi.so.0.0.0
a1bd6000-a1bd7000 ---p 00013000 08:05 2631236                            /usr/lib/i386-linux-gnu/libglapi.so.0.0.0
a1bd7000-a1bd9000 r--p 00013000 08:05 2631236                            /usr/lib/i386-linux-gnu/libglapi.so.0.0.0
a1bd9000-a1bdf000 rwxp 00015000 08:05 2631236                            /usr/lib/i386-linux-gnu/libglapi.so.0.0.0
a1bdf000-a1be4000 r-xp 00000000 08:05 2633333                            /usr/lib/i386-linux-gnu/libxcb-sync.so.1.0.0
a1be4000-a1be5000 ---p 00005000 08:05 2633333                            /usr/lib/i386-linux-gnu/libxcb-sync.so.1.0.0
a1be5000-a1be6000 r--p 00005000 08:05 2633333                            /usr/lib/i386-linux-gnu/libxcb-sync.so.1.0.0
a1be6000-a1be7000 rw-p 00006000 08:05 2633333                            /usr/lib/i386-linux-gnu/libxcb-sync.so.1.0.0
a1be7000-a1be9000 r-xp 00000000 08:05 2633327                            /usr/lib/i386-linux-gnu/libxcb-present.so.0.0.0
a1be9000-a1bea000 r--p 00001000 08:05 2633327                            /usr/lib/i386-linux-gnu/libxcb-present.so.0.0.0
a1bea000-a1beb000 rw-p 00002000 08:05 2633327                            /usr/lib/i386-linux-gnu/libxcb-present.so.0.0.0
a1beb000-a1bed000 r-xp 00000000 08:05 2633323                            /usr/lib/i386-linux-gnu/libxcb-dri3.so.0.0.0
a1bed000-a1bee000 r--p 00001000 08:05 2633323                            /usr/lib/i386-linux-gnu/libxcb-dri3.so.0.0.0
a1bee000-a1bef000 rw-p 00002000 08:05 2633323                            /usr/lib/i386-linux-gnu/libxcb-dri3.so.0.0.0
a1bef000-a1c62000 r-xp 00000000 08:05 5517155                            /lib/i386-linux-gnu/libpcre.so.3.13.2
a1c62000-a1c63000 r--p 00072000 08:05 5517155                            /lib/i386-linux-gnu/libpcre.so.3.13.2
a1c63000-a1c64000 rw-p 00073000 08:05 5517155                            /lib/i386-linux-gnu/libpcre.so.3.13.2
a1c64000-a1c6b000 r-xp 00000000 08:05 2632996                            /usr/lib/i386-linux-gnu/libffi.so.6.0.4
a1c6b000-a1c6c000 r--p 00006000 08:05 2632996                            /usr/lib/i386-linux-gnu/libffi.so.6.0.4
a1c6c000-a1c6d000 rw-p 00007000 08:05 2632996                            /usr/lib/i386-linux-gnu/libffi.so.6.0.4
a1c6d000-a1c93000 r-xp 00000000 08:05 5520344                            /lib/i386-linux-gnu/libexpat.so.1.6.0
a1c93000-a1c94000 ---p 00026000 08:05 5520344                            /lib/i386-linux-gnu/libexpat.so.1.6.0
a1c94000-a1c96000 r--p 00026000 08:05 5520344                            /lib/i386-linux-gnu/libexpat.so.1.6.0
a1c96000-a1c97000 rw-p 00028000 08:05 5520344                            /lib/i386-linux-gnu/libexpat.so.1.6.0
a1c97000-a1ca0000 r-xp 00000000 08:05 2633283                            /usr/lib/i386-linux-gnu/libthai.so.0.2.4
a1ca0000-a1ca1000 r--p 00008000 08:05 2633283                            /usr/lib/i386-linux-gnu/libthai.so.0.2.4
a1ca1000-a1ca2000 rw-p 00009000 08:05 2633283                            /usr/lib/i386-linux-gnu/libthai.so.0.2.4
a1ca2000-a1cc6000 r-xp 00000000 08:05 2633335                            /usr/lib/i386-linux-gnu/libxcb.so.1.1.0
a1cc6000-a1cc7000 r--p 00023000 08:05 2633335                            /usr/lib/i386-linux-gnu/libxcb.so.1.1.0
a1cc7000-a1cc8000 rw-p 00024000 08:05 2633335                            /usr/lib/i386-linux-gnu/libxcb.so.1.1.0
a1cc8000-a1cd1000 r-xp 00000000 08:05 2633329                            /usr/lib/i386-linux-gnu/libxcb-render.so.0.0.0
a1cd1000-a1cd2000 r--p 00008000 08:05 2633329                            /usr/lib/i386-linux-gnu/libxcb-render.so.0.0.0
a1cd2000-a1cd3000 rw-p 00009000 08:05 2633329                            /usr/lib/i386-linux-gnu/libxcb-render.so.0.0.0
a1cd3000-a1cd5000 r-xp 00000000 08:05 2633331                            /usr/lib/i386-linux-gnu/libxcb-shm.so.0.0.0
a1cd5000-a1cd6000 r--p 00001000 08:05 2633331                            /usr/lib/i386-linux-gnu/libxcb-shm.so.0.0.0
a1cd6000-a1cd7000 rw-p 00002000 08:05 2633331                            /usr/lib/i386-linux-gnu/libxcb-shm.so.0.0.0
a1cd7000-a1d00000 r-xp 00000000 08:05 5517157                            /lib/i386-linux-gnu/libpng12.so.0.54.0
a1d00000-a1d01000 r--p 00028000 08:05 5517157                            /lib/i386-linux-gnu/libpng12.so.0.54.0
a1d01000-a1d02000 rw-p 00029000 08:05 5517157                            /lib/i386-linux-gnu/libpng12.so.0.54.0
a1d02000-a1dab000 r-xp 00000000 08:05 2633231                            /usr/lib/i386-linux-gnu/libpixman-1.so.0.33.6
a1dab000-a1db1000 r--p 000a8000 08:05 2633231                            /usr/lib/i386-linux-gnu/libpixman-1.so.0.33.6
a1db1000-a1db2000 rw-p 000ae000 08:05 2633231                            /usr/lib/i386-linux-gnu/libpixman-1.so.0.33.6
a1db2000-a1e14000 r-xp 00000000 08:05 2632609                            /usr/lib/i386-linux-gnu/libharfbuzz.so.0.10000.1
a1e14000-a1e15000 r--p 00061000 08:05 2632609                            /usr/lib/i386-linux-gnu/libharfbuzz.so.0.10000.1
a1e15000-a1e16000 rw-p 00062000 08:05 2632609                            /usr/lib/i386-linux-gnu/libharfbuzz.so.0.10000.1
a1e16000-a1e2a000 r-xp 00000000 08:05 5516581                            /lib/i386-linux-gnu/libresolv-2.23.so
a1e2a000-a1e2b000 ---p 00014000 08:05 5516581                            /lib/i386-linux-gnu/libresolv-2.23.so
a1e2b000-a1e2c000 r--p 00014000 08:05 5516581                            /lib/i386-linux-gnu/libresolv-2.23.so
a1e2c000-a1e2d000 rw-p 00015000 08:05 5516581                            /lib/i386-linux-gnu/libresolv-2.23.so
a1e2d000-a1e2f000 rw-p 00000000 00:00 0 
a1e2f000-a1e51000 r-xp 00000000 08:05 5517166                            /lib/i386-linux-gnu/libselinux.so.1
a1e51000-a1e52000 ---p 00022000 08:05 5517166                            /lib/i386-linux-gnu/libselinux.so.1
a1e52000-a1e53000 r--p 00022000 08:05 5517166                            /lib/i386-linux-gnu/libselinux.so.1
a1e53000-a1e54000 rw-p 00023000 08:05 5517166                            /lib/i386-linux-gnu/libselinux.so.1
a1e54000-a1e55000 rw-p 00000000 00:00 0 
a1e55000-a1e6e000 r-xp 00000000 08:05 5517187                            /lib/i386-linux-gnu/libz.so.1.2.8
a1e6e000-a1e6f000 r--p 00018000 08:05 5517187                            /lib/i386-linux-gnu/libz.so.1.2.8
a1e6f000-a1e70000 rw-p 00019000 08:05 5517187                            /lib/i386-linux-gnu/libz.so.1.2.8
a1e70000-a1e83000 r-xp 00000000 08:05 2632896                            /usr/lib/i386-linux-gnu/libXext.so.6.4.0
a1e83000-a1e84000 r--p 00012000 08:05 2632896                            /usr/lib/i386-linux-gnu/libXext.so.6.4.0
a1e84000-a1e85000 rw-p 00013000 08:05 2632896                            /usr/lib/i386-linux-gnu/libXext.so.6.4.0
a1e85000-a1e87000 r-xp 00000000 08:05 2632892                            /usr/lib/i386-linux-gnu/libXdamage.so.1.1.0
a1e87000-a1e88000 r--p 00001000 08:05 2632892                            /usr/lib/i386-linux-gnu/libXdamage.so.1.1.0
a1e88000-a1e89000 rw-p 00002000 08:05 2632892                            /usr/lib/i386-linux-gnu/libXdamage.so.1.1.0
a1e89000-a1e92000 r-xp 00000000 08:05 2632890                            /usr/lib/i386-linux-gnu/libXcursor.so.1.0.2
a1e92000-a1e93000 r--p 00008000 08:05 2632890                            /usr/lib/i386-linux-gnu/libXcursor.so.1.0.2
a1e93000-a1e94000 rw-p 00009000 08:05 2632890                            /usr/lib/i386-linux-gnu/libXcursor.so.1.0.2
a1e94000-a1e9f000 r-xp 00000000 08:05 2632910                            /usr/lib/i386-linux-gnu/libXrandr.so.2.2.0
a1e9f000-a1ea0000 r--p 0000a000 08:05 2632910                            /usr/lib/i386-linux-gnu/libXrandr.so.2.2.0
a1ea0000-a1ea1000 rw-p 0000b000 08:05 2632910                            /usr/lib/i386-linux-gnu/libXrandr.so.2.2.0
a1ea1000-a1eb2000 r-xp 00000000 08:05 2632902                            /usr/lib/i386-linux-gnu/libXi.so.6.1.0
a1eb2000-a1eb3000 r--p 00010000 08:05 2632902                            /usr/lib/i386-linux-gnu/libXi.so.6.1.0
a1eb3000-a1eb4000 rw-p 00011000 08:05 2632902                            /usr/lib/i386-linux-gnu/libXi.so.6.1.0
a1eb4000-a1ebe000 r-xp 00000000 08:05 2632912                            /usr/lib/i386-linux-gnu/libXrender.so.1.3.0
a1ebe000-a1ebf000 r--p 00009000 08:05 2632912                            /usr/lib/i386-linux-gnu/libXrender.so.1.3.0
a1ebf000-a1ec0000 rw-p 0000a000 08:05 2632912                            /usr/lib/i386-linux-gnu/libXrender.so.1.3.0
a1ec0000-a1edc000 r-xp 00000000 08:05 5517117                            /lib/i386-linux-gnu/libgcc_s.so.1
a1edc000-a1edd000 rw-p 0001b000 08:05 5517117                            /lib/i386-linux-gnu/libgcc_s.so.1
a1edd000-a204a000 r-xp 00000000 08:05 2630939                            /usr/lib/i386-linux-gnu/libstdc++.so.6.0.21
a204a000-a204b000 ---p 0016d000 08:05 2630939                            /usr/lib/i386-linux-gnu/libstdc++.so.6.0.21
a204b000-a2050000 r--p 0016d000 08:05 2630939                            /usr/lib/i386-linux-gnu/libstdc++.so.6.0.21
a2050000-a2051000 rw-p 00172000 08:05 2630939                            /usr/lib/i386-linux-gnu/libstdc++.so.6.0.21
a2051000-a2054000 rw-p 00000000 00:00 0 
a2054000-a20bb000 r-xp 00000000 08:05 2758421                            /usr/lib/i386-linux-gnu/mesa/libGL.so.1.2.0
a20bb000-a20bc000 ---p 00067000 08:05 2758421                            /usr/lib/i386-linux-gnu/mesa/libGL.so.1.2.0
a20bc000-a20be000 r--p 00067000 08:05 2758421                            /usr/lib/i386-linux-gnu/mesa/libGL.so.1.2.0
a20be000-a20c3000 rwxp 00069000 08:05 2758421                            /usr/lib/i386-linux-gnu/mesa/libGL.so.1.2.0
a20c3000-a2209000 r-xp 00000000 08:05 2632879                            /usr/lib/i386-linux-gnu/libX11.so.6.3.0
a2209000-a220a000 ---p 00146000 08:05 2632879                            /usr/lib/i386-linux-gnu/libX11.so.6.3.0
a220a000-a220b000 r--p 00146000 08:05 2632879                            /usr/lib/i386-linux-gnu/libX11.so.6.3.0
a220b000-a220d000 rw-p 00147000 08:05 2632879                            /usr/lib/i386-linux-gnu/libX11.so.6.3.0
a220d000-a220e000 rw-p 00000000 00:00 0 
a220e000-a2335000 r-xp 00000000 08:05 5520370                            /lib/i386-linux-gnu/libglib-2.0.so.0.4800.1
a2335000-a2336000 r--p 00126000 08:05 5520370                            /lib/i386-linux-gnu/libglib-2.0.so.0.4800.1
a2336000-a2337000 rw-p 00127000 08:05 5520370                            /lib/i386-linux-gnu/libglib-2.0.so.0.4800.1
a2337000-a2393000 r-xp 00000000 08:05 2632500                            /usr/lib/i386-linux-gnu/libgobject-2.0.so.0.4800.1
a2393000-a2394000 ---p 0005c000 08:05 2632500                            /usr/lib/i386-linux-gnu/libgobject-2.0.so.0.4800.1
a2394000-a2395000 r--p 0005c000 08:05 2632500                            /usr/lib/i386-linux-gnu/libgobject-2.0.so.0.4800.1
a2395000-a2396000 rw-p 0005d000 08:05 2632500                            /usr/lib/i386-linux-gnu/libgobject-2.0.so.0.4800.1
a2396000-a23d8000 r-xp 00000000 08:05 2627490                            /usr/lib/i386-linux-gnu/libfontconfig.so.1.9.0
a23d8000-a23d9000 ---p 00042000 08:05 2627490                            /usr/lib/i386-linux-gnu/libfontconfig.so.1.9.0
a23d9000-a23da000 r--p 00042000 08:05 2627490                            /usr/lib/i386-linux-gnu/libfontconfig.so.1.9.0
a23da000-a23df000 rw-p 00043000 08:05 2627490                            /usr/lib/i386-linux-gnu/libfontconfig.so.1.9.0
a23df000-a248a000 r-xp 00000000 08:05 2633006                            /usr/lib/i386-linux-gnu/libfreetype.so.6.12.1
a248a000-a248e000 r--p 000aa000 08:05 2633006                            /usr/lib/i386-linux-gnu/libfreetype.so.6.12.1
a248e000-a248f000 rw-p 000ae000 08:05 2633006                            /usr/lib/i386-linux-gnu/libfreetype.so.6.12.1
a248f000-a24dd000 r-xp 00000000 08:05 2633217                            /usr/lib/i386-linux-gnu/libpango-1.0.so.0.3800.1
a24dd000-a24de000 ---p 0004e000 08:05 2633217                            /usr/lib/i386-linux-gnu/libpango-1.0.so.0.3800.1
a24de000-a24df000 r--p 0004e000 08:05 2633217                            /usr/lib/i386-linux-gnu/libpango-1.0.so.0.3800.1
a24df000-a24e0000 rw-p 0004f000 08:05 2633217                            /usr/lib/i386-linux-gnu/libpango-1.0.so.0.3800.1
a24e0000-a261d000 r-xp 00000000 08:05 2632950                            /usr/lib/i386-linux-gnu/libcairo.so.2.11400.6
a261d000-a261f000 r--p 0013c000 08:05 2632950                            /usr/lib/i386-linux-gnu/libcairo.so.2.11400.6
a261f000-a2620000 rw-p 0013e000 08:05 2632950                            /usr/lib/i386-linux-gnu/libcairo.so.2.11400.6
a2620000-a2621000 rw-p 00000000 00:00 0 
a2621000-a2648000 r-xp 00000000 08:05 2632354                            /usr/lib/i386-linux-gnu/libgdk_pixbuf-2.0.so.0.3200.2
a2648000-a2649000 r--p 00026000 08:05 2632354                            /usr/lib/i386-linux-gnu/libgdk_pixbuf-2.0.so.0.3200.2
a2649000-a264a000 rw-p 00027000 08:05 2632354                            /usr/lib/i386-linux-gnu/libgdk_pixbuf-2.0.so.0.3200.2
a264a000-a2660000 r-xp 00000000 08:05 2633221                            /usr/lib/i386-linux-gnu/libpangoft2-1.0.so.0.3800.1
a2660000-a2661000 r--p 00015000 08:05 2633221                            /usr/lib/i386-linux-gnu/libpangoft2-1.0.so.0.3800.1
a2661000-a2662000 rw-p 00016000 08:05 2633221                            /usr/lib/i386-linux-gnu/libpangoft2-1.0.so.0.3800.1
a2662000-a2826000 r-xp 00000000 08:05 2632499                            /usr/lib/i386-linux-gnu/libgio-2.0.so.0.4800.1
a2826000-a2827000 ---p 001c4000 08:05 2632499                            /usr/lib/i386-linux-gnu/libgio-2.0.so.0.4800.1
a2827000-a2829000 r--p 001c4000 08:05 2632499                            /usr/lib/i386-linux-gnu/libgio-2.0.so.0.4800.1
a2829000-a282a000 rw-p 001c6000 08:05 2632499                            /usr/lib/i386-linux-gnu/libgio-2.0.so.0.4800.1
a282a000-a282b000 rw-p 00000000 00:00 0 
a282b000-a284f000 r-xp 00000000 08:05 2632932                            /usr/lib/i386-linux-gnu/libatk-1.0.so.0.21809.1
a284f000-a2851000 r--p 00023000 08:05 2632932                            /usr/lib/i386-linux-gnu/libatk-1.0.so.0.21809.1
a2851000-a2852000 rw-p 00025000 08:05 2632932                            /usr/lib/i386-linux-gnu/libatk-1.0.so.0.21809.1
a2852000-a290f000 r-xp 00000000 08:05 2633022                            /usr/lib/i386-linux-gnu/libgdk-x11-2.0.so.0.2400.30
a290f000-a2911000 r--p 000bc000 08:05 2633022                            /usr/lib/i386-linux-gnu/libgdk-x11-2.0.so.0.2400.30
a2911000-a2912000 rw-p 000be000 08:05 2633022                            /usr/lib/i386-linux-gnu/libgdk-x11-2.0.so.0.2400.30
a2912000-a2dff000 r-xp 00000000 08:05 2633128                            /usr/lib/i386-linux-gnu/libgtk-x11-2.0.so.0.2400.30
a2dff000-a2e00000 ---p 004ed000 08:05 2633128                            /usr/lib/i386-linux-gnu/libgtk-x11-2.0.so.0.2400.30
a2e00000-a2e04000 r--p 004ed000 08:05 2633128                            /usr/lib/i386-linux-gnu/libgtk-x11-2.0.so.0.2400.30
a2e04000-a2e06000 rw-p 004f1000 08:05 2633128                            /usr/lib/i386-linux-gnu/libgtk-x11-2.0.so.0.2400.30
a2e06000-a2e08000 rw-p 00000000 00:00 0 
a2e08000-a2e0b000 ---p 00000000 00:00 0 
a2e0b000-a2e59000 rw-p 00000000 00:00 0 
a2e59000-a2e5c000 ---p 00000000 00:00 0 
a2e5c000-a306b000 rw-p 00000000 00:00 0 
a306b000-a3100000 r--s 01109000 08:05 5399498                            /home/wintson/jdk1.8.0_121/jre/lib/ext/jfxrt.jar
a3100000-a31c6000 rw-p 00000000 00:00 0 
a31c6000-a3200000 ---p 00000000 00:00 0 
a3200000-a3201000 r--s 00000000 08:05 5799378                            /home/wintson/.cache/fontconfig/49f0de54bdd920fe4f0dfd4cbac43e6b-le32d4.cache-6
a3201000-a3202000 r--s 00000000 08:05 5799377                            /home/wintson/.cache/fontconfig/f6e6e0a5c3d2f6ae0c0c2e0ecd42a997-le32d4.cache-6
a3202000-a3226000 r-xp 00000000 08:05 5399470                            /home/wintson/jdk1.8.0_121/jre/lib/i386/libglass.so
a3226000-a3228000 rw-p 00024000 08:05 5399470                            /home/wintson/jdk1.8.0_121/jre/lib/i386/libglass.so
a3228000-a322b000 ---p 00000000 00:00 0 
a322b000-a3279000 rw-p 00000000 00:00 0 
a3279000-a327a000 ---p 00000000 00:00 0 
a327a000-a32fa000 rw-p 00000000 00:00 0 
a32fa000-a32fd000 ---p 00000000 00:00 0 
a32fd000-a334b000 rw-p 00000000 00:00 0 
a334b000-a334e000 ---p 00000000 00:00 0 
a334e000-a33cc000 rw-p 00000000 00:00 0 
a33cc000-a33cf000 ---p 00000000 00:00 0 
a33cf000-a344d000 rw-p 00000000 00:00 0 
a344d000-a3450000 ---p 00000000 00:00 0 
a3450000-a34ce000 rw-p 00000000 00:00 0 
a34ce000-a3600000 r--p 002d7000 08:05 2633915                            /usr/lib/locale/locale-archive
a3600000-a3800000 r--p 00000000 08:05 2633915                            /usr/lib/locale/locale-archive
a3800000-a3900000 rw-p 00000000 00:00 0 
a3900000-a3a00000 rw-p 00000000 00:00 0 
a3a00000-a3a02000 r--s 00000000 08:05 5799365                            /home/wintson/.cache/fontconfig/e13b20fdb08344e0e664864cc2ede53d-le32d4.cache-6
a3a02000-a3a04000 r-xp 00000000 08:05 2632888                            /usr/lib/i386-linux-gnu/libXcomposite.so.1.0.0
a3a04000-a3a05000 r--p 00001000 08:05 2632888                            /usr/lib/i386-linux-gnu/libXcomposite.so.1.0.0
a3a05000-a3a06000 rw-p 00002000 08:05 2632888                            /usr/lib/i386-linux-gnu/libXcomposite.so.1.0.0
a3a06000-a3a0b000 r-xp 00000000 08:05 2632898                            /usr/lib/i386-linux-gnu/libXfixes.so.3.1.0
a3a0b000-a3a0c000 r--p 00004000 08:05 2632898                            /usr/lib/i386-linux-gnu/libXfixes.so.3.1.0
a3a0c000-a3a0d000 rw-p 00005000 08:05 2632898                            /usr/lib/i386-linux-gnu/libXfixes.so.3.1.0
a3a0d000-a3a10000 ---p 00000000 00:00 0 
a3a10000-a3a5e000 rw-p 00000000 00:00 0 
a3a5e000-a3a61000 ---p 00000000 00:00 0 
a3a61000-a3aaf000 rw-p 00000000 00:00 0 
a3aaf000-a3ab2000 ---p 00000000 00:00 0 
a3ab2000-a3b00000 rw-p 00000000 00:00 0 
a3b00000-a3bff000 rw-p 00000000 00:00 0 
a3bff000-a3c00000 ---p 00000000 00:00 0 
a3c00000-a3c02000 r-xp 00000000 08:05 2632904                            /usr/lib/i386-linux-gnu/libXinerama.so.1.0.0
a3c02000-a3c03000 r--p 00001000 08:05 2632904                            /usr/lib/i386-linux-gnu/libXinerama.so.1.0.0
a3c03000-a3c04000 rw-p 00002000 08:05 2632904                            /usr/lib/i386-linux-gnu/libXinerama.so.1.0.0
a3c04000-a3c09000 r-xp 00000000 08:05 2632922                            /usr/lib/i386-linux-gnu/libXxf86vm.so.1.0.0
a3c09000-a3c0a000 r--p 00004000 08:05 2632922                            /usr/lib/i386-linux-gnu/libXxf86vm.so.1.0.0
a3c0a000-a3c0b000 rw-p 00005000 08:05 2632922                            /usr/lib/i386-linux-gnu/libXxf86vm.so.1.0.0
a3c0b000-a3c0c000 ---p 00000000 00:00 0 
a3c0c000-a3cdb000 rw-p 00000000 00:00 0 
a3cdb000-a3eb4000 r--s 03d3e000 08:05 5399520                            /home/wintson/jdk1.8.0_121/jre/lib/rt.jar
a3eb4000-a42fa000 rw-p 00000000 00:00 0 
a42fa000-a4300000 ---p 00000000 00:00 0 
a4300000-a6700000 rw-p 00000000 00:00 0 
a6700000-a67ff000 rw-p 00000000 00:00 0 
a67ff000-a6800000 ---p 00000000 00:00 0 
a6800000-a680c000 r-xp 00000000 08:05 2633219                            /usr/lib/i386-linux-gnu/libpangocairo-1.0.so.0.3800.1
a680c000-a680d000 r--p 0000b000 08:05 2633219                            /usr/lib/i386-linux-gnu/libpangocairo-1.0.so.0.3800.1
a680d000-a680e000 rw-p 0000c000 08:05 2633219                            /usr/lib/i386-linux-gnu/libpangocairo-1.0.so.0.3800.1
a680e000-a6823000 r-xp 00000000 08:05 5399474                            /home/wintson/jdk1.8.0_121/jre/lib/i386/libnet.so
a6823000-a6824000 rw-p 00015000 08:05 5399474                            /home/wintson/jdk1.8.0_121/jre/lib/i386/libnet.so
a6824000-a687f000 rw-p 00000000 00:00 0 
a687f000-a6880000 ---p 00000000 00:00 0 
a6880000-a6900000 rw-p 00000000 00:00 0 
a6900000-a6921000 rw-p 00000000 00:00 0 
a6921000-a6a00000 ---p 00000000 00:00 0 
a6a00000-a6b00000 rw-p 00000000 00:00 0 
a6b00000-a6b21000 rw-p 00000000 00:00 0 
a6b21000-a6c00000 ---p 00000000 00:00 0 
a6c00000-a6c01000 r-xp 00000000 08:05 2633339                            /usr/lib/i386-linux-gnu/libxshmfence.so.1.0.0
a6c01000-a6c02000 r--p 00000000 08:05 2633339                            /usr/lib/i386-linux-gnu/libxshmfence.so.1.0.0
a6c02000-a6c03000 rw-p 00001000 08:05 2633339                            /usr/lib/i386-linux-gnu/libxshmfence.so.1.0.0
a6c03000-a6c08000 r-xp 00000000 08:05 2632918                            /usr/lib/i386-linux-gnu/libXtst.so.6.1.0
a6c08000-a6c09000 r--p 00004000 08:05 2632918                            /usr/lib/i386-linux-gnu/libXtst.so.6.1.0
a6c09000-a6c0a000 rw-p 00005000 08:05 2632918                            /usr/lib/i386-linux-gnu/libXtst.so.6.1.0
a6c0a000-a6c28000 r--s 000e8000 08:05 6304971                            /home/wintson/Desktop/Aegis/jxbrowser-6.13-cross-desktop-win_mac_linux/lib/jxbrowser-6.13.jar
a6c28000-a6c29000 ---p 00000000 00:00 0 
a6c29000-a6cbf000 rw-p 00000000 00:00 0 
a6cbf000-a6dff000 ---p 00000000 00:00 0 
a6dff000-a6e15000 rw-p 00000000 00:00 0 
a6e15000-a6f54000 ---p 00000000 00:00 0 
a6f54000-a6f5f000 rw-p 00000000 00:00 0 
a6f5f000-a6fff000 ---p 00000000 00:00 0 
a6fff000-a9ac0000 rw-p 00000000 00:00 0 
a9ac0000-d1ac0000 ---p 00000000 00:00 0 
d1ac0000-d3000000 rw-p 00000000 00:00 0 
d3000000-e7000000 ---p 00000000 00:00 0 
e7000000-e7001000 r--s 00000000 08:05 5799376                            /home/wintson/.cache/fontconfig/4b2eda6bb976bda485cb2176619421d5-le32d4.cache-6
e7001000-e7002000 r-xp 00000000 08:05 2632497                            /usr/lib/i386-linux-gnu/libgthread-2.0.so.0.4800.1
e7002000-e7003000 r--p 00000000 08:05 2632497                            /usr/lib/i386-linux-gnu/libgthread-2.0.so.0.4800.1
e7003000-e7004000 rw-p 00001000 08:05 2632497                            /usr/lib/i386-linux-gnu/libgthread-2.0.so.0.4800.1
e7004000-e7007000 r-xp 00000000 08:05 2632498                            /usr/lib/i386-linux-gnu/libgmodule-2.0.so.0.4800.1
e7007000-e7008000 r--p 00002000 08:05 2632498                            /usr/lib/i386-linux-gnu/libgmodule-2.0.so.0.4800.1
e7008000-e7009000 rw-p 00003000 08:05 2632498                            /usr/lib/i386-linux-gnu/libgmodule-2.0.so.0.4800.1
e7009000-e7014000 r-xp 00000000 08:05 5399433                            /home/wintson/jdk1.8.0_121/jre/lib/i386/libprism_es2.so
e7014000-e7015000 rw-p 0000a000 08:05 5399433                            /home/wintson/jdk1.8.0_121/jre/lib/i386/libprism_es2.so
e7015000-e7016000 r-xp 00000000 08:05 5787185                            /home/wintson/idea-IC-163.12024.16/bin/libbreakgen.so
e7016000-e7017000 rw-p 00000000 08:05 5787185                            /home/wintson/idea-IC-163.12024.16/bin/libbreakgen.so
e7017000-e7019000 r--s 00019000 08:05 5786703                            /home/wintson/idea-IC-163.12024.16/lib/idea_rt.jar
e7019000-e702c000 r--s 00345000 08:05 5399514                            /home/wintson/jdk1.8.0_121/jre/lib/resources.jar
e702c000-e703e000 r--s 000d6000 08:05 5399323                            /home/wintson/jdk1.8.0_121/jre/lib/plugin.jar
e703e000-e703f000 ---p 00000000 00:00 0 
e703f000-e70bf000 rw-p 00000000 00:00 0 
e70bf000-e70c0000 ---p 00000000 00:00 0 
e70c0000-e7151000 rw-p 00000000 00:00 0 
e7151000-e7500000 ---p 00000000 00:00 0 
e7500000-e7940000 rwxp 00000000 00:00 0 
e7940000-f6500000 ---p 00000000 00:00 0 
f6500000-f65fc000 rw-p 00000000 00:00 0 
f65fc000-f6600000 ---p 00000000 00:00 0 
f6600000-f6601000 r--s 00000000 08:05 5799359                            /home/wintson/.cache/fontconfig/a08924c8c8373104a34f76f6ac7b0938-le32d4.cache-6
f6601000-f6602000 r--s 02bdc000 08:05 6307490                            /home/wintson/Desktop/Aegis/jxbrowser-6.13-cross-desktop-win_mac_linux/lib/jxbrowser-linux64-6.13.jar
f6602000-f6603000 r--s 02c33000 08:05 6307477                            /home/wintson/Desktop/Aegis/jxbrowser-6.13-cross-desktop-win_mac_linux/lib/jxbrowser-linux32-6.13.jar
f6603000-f6604000 r--s 0222b000 08:05 6307493                            /home/wintson/Desktop/Aegis/jxbrowser-6.13-cross-desktop-win_mac_linux/lib/jxbrowser-win32-6.13.jar
f6604000-f6605000 r--s 0571c000 08:05 6307492                            /home/wintson/Desktop/Aegis/jxbrowser-6.13-cross-desktop-win_mac_linux/lib/jxbrowser-mac-6.13.jar
f6605000-f6606000 r--s 00000000 08:05 6307494                            /home/wintson/Desktop/Aegis/jxbrowser-6.13-cross-desktop-win_mac_linux/lib/licence.jar
f6606000-f660a000 r--s 0009a000 08:05 5399524                            /home/wintson/jdk1.8.0_121/jre/lib/jsse.jar
f660a000-f660c000 r--s 00007000 08:05 5399409                            /home/wintson/jdk1.8.0_121/jre/lib/jfxswt.jar
f660c000-f6611000 r--s 00084000 08:05 5399336                            /home/wintson/jdk1.8.0_121/jre/lib/jfr.jar
f6611000-f661b000 r--s 0006c000 08:05 5399483                            /home/wintson/jdk1.8.0_121/jre/lib/javaws.jar
f661b000-f6636000 r--s 00209000 08:05 5399327                            /home/wintson/jdk1.8.0_121/jre/lib/deploy.jar
f6636000-f663b000 r--s 002f9000 08:05 5399488                            /home/wintson/jdk1.8.0_121/jre/lib/charsets.jar
f663b000-f6653000 rw-p 00000000 00:00 0 
f6653000-f665e000 r-xp 00000000 08:05 5516580                            /lib/i386-linux-gnu/libnss_files-2.23.so
f665e000-f665f000 r--p 0000a000 08:05 5516580                            /lib/i386-linux-gnu/libnss_files-2.23.so
f665f000-f6660000 rw-p 0000b000 08:05 5516580                            /lib/i386-linux-gnu/libnss_files-2.23.so
f6660000-f6666000 rw-p 00000000 00:00 0 
f6666000-f667d000 r-xp 00000000 08:05 5516573                            /lib/i386-linux-gnu/libnsl-2.23.so
f667d000-f667e000 r--p 00016000 08:05 5516573                            /lib/i386-linux-gnu/libnsl-2.23.so
f667e000-f667f000 rw-p 00017000 08:05 5516573                            /lib/i386-linux-gnu/libnsl-2.23.so
f667f000-f6681000 rw-p 00000000 00:00 0 
f6681000-f6682000 r--s 00000000 08:05 5399481                            /home/wintson/jdk1.8.0_121/jre/lib/management-agent.jar
f6682000-f6685000 r--s 0001a000 08:05 5399480                            /home/wintson/jdk1.8.0_121/jre/lib/jce.jar
f6685000-f669e000 r-xp 00000000 08:05 5399476                            /home/wintson/jdk1.8.0_121/jre/lib/i386/libzip.so
f669e000-f669f000 rw-p 00019000 08:05 5399476                            /home/wintson/jdk1.8.0_121/jre/lib/i386/libzip.so
f669f000-f66a7000 rw-s 00000000 08:05 2232612                            /tmp/hsperfdata_wintson/11661
f66a7000-f66cb000 r-xp 00000000 08:05 5399471                            /home/wintson/jdk1.8.0_121/jre/lib/i386/libjava.so
f66cb000-f66cc000 rw-p 00024000 08:05 5399471                            /home/wintson/jdk1.8.0_121/jre/lib/i386/libjava.so
f66cc000-f66d3000 r-xp 00000000 08:05 5516551                            /lib/i386-linux-gnu/librt-2.23.so
f66d3000-f66d4000 r--p 00006000 08:05 5516551                            /lib/i386-linux-gnu/librt-2.23.so
f66d4000-f66d5000 rw-p 00007000 08:05 5516551                            /lib/i386-linux-gnu/librt-2.23.so
f66d5000-f66d8000 ---p 00000000 00:00 0 
f66d8000-f6726000 rw-p 00000000 00:00 0 
f6726000-f6779000 r-xp 00000000 08:05 5516569                            /lib/i386-linux-gnu/libm-2.23.so
f6779000-f677a000 r--p 00052000 08:05 5516569                            /lib/i386-linux-gnu/libm-2.23.so
f677a000-f677b000 rw-p 00053000 08:05 5516569                            /lib/i386-linux-gnu/libm-2.23.so
f677b000-f7107000 r-xp 00000000 08:05 5399457                            /home/wintson/jdk1.8.0_121/jre/lib/i386/server/libjvm.so
f7107000-f7174000 rw-p 0098c000 08:05 5399457                            /home/wintson/jdk1.8.0_121/jre/lib/i386/server/libjvm.so
f7174000-f759d000 rw-p 00000000 00:00 0 
f759d000-f774c000 r-xp 00000000 08:05 5516559                            /lib/i386-linux-gnu/libc-2.23.so
f774c000-f774d000 ---p 001af000 08:05 5516559                            /lib/i386-linux-gnu/libc-2.23.so
f774d000-f774f000 r--p 001af000 08:05 5516559                            /lib/i386-linux-gnu/libc-2.23.so
f774f000-f7750000 rw-p 001b1000 08:05 5516559                            /lib/i386-linux-gnu/libc-2.23.so
f7750000-f7753000 rw-p 00000000 00:00 0 
f7753000-f7756000 r-xp 00000000 08:05 5516557                            /lib/i386-linux-gnu/libdl-2.23.so
f7756000-f7757000 r--p 00002000 08:05 5516557                            /lib/i386-linux-gnu/libdl-2.23.so
f7757000-f7758000 rw-p 00003000 08:05 5516557                            /lib/i386-linux-gnu/libdl-2.23.so
f7758000-f776c000 r-xp 00000000 08:05 5398041                            /home/wintson/jdk1.8.0_121/lib/i386/jli/libjli.so
f776c000-f776d000 rw-p 00014000 08:05 5398041                            /home/wintson/jdk1.8.0_121/lib/i386/jli/libjli.so
f776d000-f7786000 r-xp 00000000 08:05 5516571                            /lib/i386-linux-gnu/libpthread-2.23.so
f7786000-f7787000 r--p 00018000 08:05 5516571                            /lib/i386-linux-gnu/libpthread-2.23.so
f7787000-f7788000 rw-p 00019000 08:05 5516571                            /lib/i386-linux-gnu/libpthread-2.23.so
f7788000-f778a000 rw-p 00000000 00:00 0 
f778a000-f778b000 r--p 002d4000 08:05 2633915                            /usr/lib/locale/locale-archive
f778b000-f7796000 r-xp 00000000 08:05 5516553                            /lib/i386-linux-gnu/libnss_nis-2.23.so
f7796000-f7797000 r--p 0000a000 08:05 5516553                            /lib/i386-linux-gnu/libnss_nis-2.23.so
f7797000-f7798000 rw-p 0000b000 08:05 5516553                            /lib/i386-linux-gnu/libnss_nis-2.23.so
f7798000-f77a0000 r-xp 00000000 08:05 5516575                            /lib/i386-linux-gnu/libnss_compat-2.23.so
f77a0000-f77a1000 r--p 00007000 08:05 5516575                            /lib/i386-linux-gnu/libnss_compat-2.23.so
f77a1000-f77a2000 rw-p 00008000 08:05 5516575                            /lib/i386-linux-gnu/libnss_compat-2.23.so
f77a2000-f77a3000 rw-p 00000000 00:00 0 
f77a3000-f77a4000 r--p 00000000 00:00 0 
f77a4000-f77af000 r-xp 00000000 08:05 5399423                            /home/wintson/jdk1.8.0_121/jre/lib/i386/libverify.so
f77af000-f77b0000 rw-p 0000b000 08:05 5399423                            /home/wintson/jdk1.8.0_121/jre/lib/i386/libverify.so
f77b0000-f77b2000 rw-p 00000000 00:00 0 
f77b2000-f77b4000 r--p 00000000 00:00 0                                  [vvar]
f77b4000-f77b5000 r-xp 00000000 00:00 0                                  [vdso]
f77b5000-f77d7000 r-xp 00000000 08:05 5516539                            /lib/i386-linux-gnu/ld-2.23.so
f77d7000-f77d8000 rw-p 00000000 00:00 0 
f77d8000-f77d9000 r--p 00022000 08:05 5516539                            /lib/i386-linux-gnu/ld-2.23.so
f77d9000-f77da000 rw-p 00023000 08:05 5516539                            /lib/i386-linux-gnu/ld-2.23.so
ffe2e000-ffe2f000 rwxp 00000000 00:00 0 
ffe61000-ffe82000 rw-p 00000000 00:00 0                                  [stack]

VM Arguments:
jvm_args: -Didea.launcher.port=7532 -Didea.launcher.bin.path=/home/wintson/idea-IC-163.12024.16/bin -Dfile.encoding=UTF-8 
java_command: com.intellij.rt.execution.application.AppMain windows.Main
java_class_path (initial): /home/wintson/jdk1.8.0_121/jre/lib/charsets.jar:/home/wintson/jdk1.8.0_121/jre/lib/deploy.jar:/home/wintson/jdk1.8.0_121/jre/lib/ext/cldrdata.jar:/home/wintson/jdk1.8.0_121/jre/lib/ext/dnsns.jar:/home/wintson/jdk1.8.0_121/jre/lib/ext/jaccess.jar:/home/wintson/jdk1.8.0_121/jre/lib/ext/jfxrt.jar:/home/wintson/jdk1.8.0_121/jre/lib/ext/localedata.jar:/home/wintson/jdk1.8.0_121/jre/lib/ext/nashorn.jar:/home/wintson/jdk1.8.0_121/jre/lib/ext/sunec.jar:/home/wintson/jdk1.8.0_121/jre/lib/ext/sunjce_provider.jar:/home/wintson/jdk1.8.0_121/jre/lib/ext/sunpkcs11.jar:/home/wintson/jdk1.8.0_121/jre/lib/ext/zipfs.jar:/home/wintson/jdk1.8.0_121/jre/lib/javaws.jar:/home/wintson/jdk1.8.0_121/jre/lib/jce.jar:/home/wintson/jdk1.8.0_121/jre/lib/jfr.jar:/home/wintson/jdk1.8.0_121/jre/lib/jfxswt.jar:/home/wintson/jdk1.8.0_121/jre/lib/jsse.jar:/home/wintson/jdk1.8.0_121/jre/lib/management-agent.jar:/home/wintson/jdk1.8.0_121/jre/lib/plugin.jar:/home/wintson/jdk1.8.0_121/jre/lib/resources.jar:/home/wintson/jdk1.8.0_121/jre/lib/rt.jar:/home/wintson/Desktop/Aegis/out/production/Aegis:/home/wintson/Desktop/Aegis/jxbrowser-6.13-cross-desktop-win_mac_linux/lib/licence.jar:/home/wintson/Desktop/Aegis/jxbrowser-6.13-cross-desktop-win_mac_linux/lib/jxbrowser-6.13.jar:/home/wintson/Desktop/Aegis/jxbrowser-6.13-cross-desktop-win_mac_linux/lib/jxbrowser-mac-6.13.jar:/home/wintson/Desktop/Aegis/jxbrowser-6.13-cross-desktop-win_mac_linux/lib/jxbrowser-win32-6.13.jar:/home/wintson/Desktop/Aegis/jxbrowser-6.13-cross-desktop-win_mac_linux/lib/jxbrowser-linux32-6.13.jar:/home/wintson/Desktop/Aegis/jxbrowser-6.13-cross-desktop-win_mac_linux/lib/jxbrowser-linux64-6.13.jar:/home/wintson/idea-IC-163.12024.16/lib/idea_rt.jar
Launcher Type: SUN_STANDARD

Environment Variables:
PATH=/usr/local/sbin:/usr/local/bin:/usr/sbin:/usr/bin:/sbin:/bin:/usr/games:/usr/local/games
USERNAME=wintson
LD_LIBRARY_PATH=/home/wintson/idea-IC-163.12024.16/bin:
SHELL=/bin/bash
DISPLAY=:0.0

Signal Handlers:
SIGSEGV: [libjvm.so+0x8d74d0], sa_mask[0]=11111111011111111101111111111110, sa_flags=SA_RESTART|SA_SIGINFO
SIGBUS: [libjvm.so+0x8d74d0], sa_mask[0]=11111111011111111101111111111110, sa_flags=SA_RESTART|SA_SIGINFO
SIGFPE: [libjvm.so+0x7542e0], sa_mask[0]=11111111011111111101111111111110, sa_flags=SA_RESTART|SA_SIGINFO
SIGPIPE: SIG_IGN, sa_mask[0]=00000000000010000000000000000000, sa_flags=SA_RESTART
SIGXFSZ: [libjvm.so+0x7542e0], sa_mask[0]=11111111011111111101111111111110, sa_flags=SA_RESTART|SA_SIGINFO
SIGILL: [libjvm.so+0x7542e0], sa_mask[0]=11111111011111111101111111111110, sa_flags=SA_RESTART|SA_SIGINFO
SIGUSR1: SIG_DFL, sa_mask[0]=00000000000000000000000000000000, sa_flags=none
SIGUSR2: [libjvm.so+0x755b70], sa_mask[0]=00100000000000000000000000000000, sa_flags=SA_RESTART|SA_SIGINFO
SIGHUP: [libjvm.so+0x757020], sa_mask[0]=11111111011111111101111111111110, sa_flags=SA_RESTART|SA_SIGINFO
SIGINT: [libjvm.so+0x757020], sa_mask[0]=11111111011111111101111111111110, sa_flags=SA_RESTART|SA_SIGINFO
SIGTERM: [libjvm.so+0x757020], sa_mask[0]=11111111011111111101111111111110, sa_flags=SA_RESTART|SA_SIGINFO
SIGQUIT: [libjvm.so+0x757020], sa_mask[0]=11111111011111111101111111111110, sa_flags=SA_RESTART|SA_SIGINFO


---------------  S Y S T E M  ---------------

OS:DISTRIB_ID=LinuxMint
DISTRIB_RELEASE=18
DISTRIB_CODENAME=sarah
DISTRIB_DESCRIPTION="Linux Mint 18 Sarah"

uname:Linux 4.4.0-21-generic #37-Ubuntu SMP Mon Apr 18 18:33:37 UTC 2016 x86_64
libc:glibc 2.23 NPTL 2.23 
rlimit: STACK 8192k, CORE 0k, NPROC 23156, NOFILE 65536, AS infinity
load average:0,74 0,30 0,26

/proc/meminfo:
MemTotal:        5970564 kB
MemFree:         1286672 kB
MemAvailable:    3072004 kB
Buffers:          122724 kB
Cached:          1677256 kB
SwapCached:            0 kB
Active:          3416764 kB
Inactive:        1023308 kB
Active(anon):    2641456 kB
Inactive(anon):    71312 kB
Active(file):     775308 kB
Inactive(file):   951996 kB
Unevictable:           0 kB
Mlocked:               0 kB
SwapTotal:      29295612 kB
SwapFree:       29295612 kB
Dirty:              2572 kB
Writeback:             0 kB
AnonPages:       2640176 kB
Mapped:           409332 kB
Shmem:             72680 kB
Slab:             128128 kB
SReclaimable:      94292 kB
SUnreclaim:        33836 kB
KernelStack:        9984 kB
PageTables:        31424 kB
NFS_Unstable:          0 kB
Bounce:                0 kB
WritebackTmp:          0 kB
CommitLimit:    32280892 kB
Committed_AS:    5509652 kB
VmallocTotal:   34359738367 kB
VmallocUsed:           0 kB
VmallocChunk:          0 kB
HardwareCorrupted:     0 kB
AnonHugePages:   1814528 kB
CmaTotal:              0 kB
CmaFree:               0 kB
HugePages_Total:       0
HugePages_Free:        0
HugePages_Rsvd:        0
HugePages_Surp:        0
Hugepagesize:       2048 kB
DirectMap4k:      213964 kB
DirectMap2M:     5937152 kB


CPU:total 4 (2 cores per cpu, 2 threads per core) family 6 model 37 stepping 5, cmov, cx8, fxsr, mmx, sse, sse2, sse3, ssse3, sse4.1, sse4.2, popcnt, ht, tsc, tscinvbit

/proc/cpuinfo:
processor	: 0
vendor_id	: GenuineIntel
cpu family	: 6
model		: 37
model name	: Intel(R) Core(TM) i5 CPU       M 450  @ 2.40GHz
stepping	: 5
microcode	: 0x2
cpu MHz		: 1596.000
cache size	: 3072 KB
physical id	: 0
siblings	: 4
core id		: 0
cpu cores	: 2
apicid		: 0
initial apicid	: 0
fpu		: yes
fpu_exception	: yes
cpuid level	: 11
wp		: yes
flags		: fpu vme de pse tsc msr pae mce cx8 apic sep mtrr pge mca cmov pat pse36 clflush dts acpi mmx fxsr sse sse2 ss ht tm pbe syscall nx rdtscp lm constant_tsc arch_perfmon pebs bts rep_good nopl xtopology nonstop_tsc aperfmperf pni dtes64 monitor ds_cpl vmx est tm2 ssse3 cx16 xtpr pdcm pcid sse4_1 sse4_2 popcnt lahf_lm tpr_shadow vnmi flexpriority ept vpid dtherm ida arat
bugs		:
bogomips	: 4800.02
clflush size	: 64
cache_alignment	: 64
address sizes	: 36 bits physical, 48 bits virtual
power management:

processor	: 1
vendor_id	: GenuineIntel
cpu family	: 6
model		: 37
model name	: Intel(R) Core(TM) i5 CPU       M 450  @ 2.40GHz
stepping	: 5
microcode	: 0x2
cpu MHz		: 2395.000
cache size	: 3072 KB
physical id	: 0
siblings	: 4
core id		: 2
cpu cores	: 2
apicid		: 4
initial apicid	: 4
fpu		: yes
fpu_exception	: yes
cpuid level	: 11
wp		: yes
flags		: fpu vme de pse tsc msr pae mce cx8 apic sep mtrr pge mca cmov pat pse36 clflush dts acpi mmx fxsr sse sse2 ss ht tm pbe syscall nx rdtscp lm constant_tsc arch_perfmon pebs bts rep_good nopl xtopology nonstop_tsc aperfmperf pni dtes64 monitor ds_cpl vmx est tm2 ssse3 cx16 xtpr pdcm pcid sse4_1 sse4_2 popcnt lahf_lm tpr_shadow vnmi flexpriority ept vpid dtherm ida arat
bugs		:
bogomips	: 4800.02
clflush size	: 64
cache_alignment	: 64
address sizes	: 36 bits physical, 48 bits virtual
power management:

processor	: 2
vendor_id	: GenuineIntel
cpu family	: 6
model		: 37
model name	: Intel(R) Core(TM) i5 CPU       M 450  @ 2.40GHz
stepping	: 5
microcode	: 0x2
cpu MHz		: 1596.000
cache size	: 3072 KB
physical id	: 0
siblings	: 4
core id		: 0
cpu cores	: 2
apicid		: 1
initial apicid	: 1
fpu		: yes
fpu_exception	: yes
cpuid level	: 11
wp		: yes
flags		: fpu vme de pse tsc msr pae mce cx8 apic sep mtrr pge mca cmov pat pse36 clflush dts acpi mmx fxsr sse sse2 ss ht tm pbe syscall nx rdtscp lm constant_tsc arch_perfmon pebs bts rep_good nopl xtopology nonstop_tsc aperfmperf pni dtes64 monitor ds_cpl vmx est tm2 ssse3 cx16 xtpr pdcm pcid sse4_1 sse4_2 popcnt lahf_lm tpr_shadow vnmi flexpriority ept vpid dtherm ida arat
bugs		:
bogomips	: 4800.02
clflush size	: 64
cache_alignment	: 64
address sizes	: 36 bits physical, 48 bits virtual
power management:

processor	: 3
vendor_id	: GenuineIntel
cpu family	: 6
model		: 37
model name	: Intel(R) Core(TM) i5 CPU       M 450  @ 2.40GHz
stepping	: 5
microcode	: 0x2
cpu MHz		: 1197.000
cache size	: 3072 KB
physical id	: 0
siblings	: 4
core id		: 2
cpu cores	: 2
apicid		: 5
initial apicid	: 5
fpu		: yes
fpu_exception	: yes
cpuid level	: 11
wp		: yes
flags		: fpu vme de pse tsc msr pae mce cx8 apic sep mtrr pge mca cmov pat pse36 clflush dts acpi mmx fxsr sse sse2 ss ht tm pbe syscall nx rdtscp lm constant_tsc arch_perfmon pebs bts rep_good nopl xtopology nonstop_tsc aperfmperf pni dtes64 monitor ds_cpl vmx est tm2 ssse3 cx16 xtpr pdcm pcid sse4_1 sse4_2 popcnt lahf_lm tpr_shadow vnmi flexpriority ept vpid dtherm ida arat
bugs		:
bogomips	: 4800.02
clflush size	: 64
cache_alignment	: 64
address sizes	: 36 bits physical, 48 bits virtual
power management:



Memory: 4k page, physical 5970564k(1286672k free), swap 29295612k(29295612k free)

vm_info: Java HotSpot(TM) Server VM (25.121-b13) for linux-x86 JRE (1.8.0_121-b13), built on Dec 12 2016 16:06:09 by "java_re" with gcc 4.3.0 20080428 (Red Hat 4.3.0-8)

time: Thu Apr 20 17:56:46 2017
elapsed time: 7 seconds (0d 0h 0m 7s)

